{"level":"info","message":"{\n  \"Method\": \"OPTIONS\",\n  \"URL\": \"/user/logout\",\n  \"Status\": \"204\",\n  \"Response Time (ms)\": \"1.093\"\n}","timestamp":"2025-02-28T04:17:02.795Z"}
{"level":"info","message":"{\n  \"Method\": \"POST\",\n  \"URL\": \"/user/logout\",\n  \"Status\": \"200\",\n  \"Response Time (ms)\": \"2.658\"\n}","timestamp":"2025-02-28T04:17:02.838Z"}
{"level":"info","message":"{\n  \"Method\": \"POST\",\n  \"URL\": \"/user/logout\",\n  \"Status\": \"200\",\n  \"Response Time (ms)\": \"0.676\"\n}","timestamp":"2025-02-28T04:17:02.841Z"}
{"level":"info","message":"{\n  \"Method\": \"OPTIONS\",\n  \"URL\": \"/auth/sign-up\",\n  \"Status\": \"204\",\n  \"Response Time (ms)\": \"1.539\"\n}","timestamp":"2025-02-28T04:24:46.580Z"}
{"level":"info","message":"{\n  \"Method\": \"POST\",\n  \"URL\": \"/auth/sign-up\",\n  \"Status\": \"200\",\n  \"Response Time (ms)\": \"6156.242\"\n}","timestamp":"2025-02-28T04:24:52.742Z"}
{"level":"info","message":"{\n  \"Method\": \"OPTIONS\",\n  \"URL\": \"/auth/verify-otp\",\n  \"Status\": \"204\",\n  \"Response Time (ms)\": \"0.220\"\n}","timestamp":"2025-02-28T04:25:09.150Z"}
{"level":"info","message":"{\n  \"Method\": \"POST\",\n  \"URL\": \"/auth/verify-otp\",\n  \"Status\": \"200\",\n  \"Response Time (ms)\": \"585.556\"\n}","timestamp":"2025-02-28T04:25:09.738Z"}
{"level":"info","message":"{\n  \"Method\": \"OPTIONS\",\n  \"URL\": \"/auth/sign-up\",\n  \"Status\": \"204\",\n  \"Response Time (ms)\": \"0.245\"\n}","timestamp":"2025-02-28T04:25:23.445Z"}
{"level":"info","message":"{\n  \"Method\": \"POST\",\n  \"URL\": \"/auth/sign-up\",\n  \"Status\": \"200\",\n  \"Response Time (ms)\": \"6169.280\"\n}","timestamp":"2025-02-28T04:25:29.617Z"}
{"level":"info","message":"{\n  \"Method\": \"OPTIONS\",\n  \"URL\": \"/auth/verify-otp\",\n  \"Status\": \"204\",\n  \"Response Time (ms)\": \"0.306\"\n}","timestamp":"2025-02-28T04:25:45.149Z"}
{"level":"info","message":"{\n  \"Method\": \"POST\",\n  \"URL\": \"/auth/verify-otp\",\n  \"Status\": \"200\",\n  \"Response Time (ms)\": \"426.883\"\n}","timestamp":"2025-02-28T04:25:45.579Z"}
{"level":"info","message":"{\n  \"Method\": \"OPTIONS\",\n  \"URL\": \"/auth/sign-up\",\n  \"Status\": \"204\",\n  \"Response Time (ms)\": \"0.338\"\n}","timestamp":"2025-02-28T04:26:05.489Z"}
{"level":"info","message":"{\n  \"Method\": \"POST\",\n  \"URL\": \"/auth/sign-up\",\n  \"Status\": \"200\",\n  \"Response Time (ms)\": \"8415.762\"\n}","timestamp":"2025-02-28T04:26:13.907Z"}
{"level":"info","message":"{\n  \"Method\": \"OPTIONS\",\n  \"URL\": \"/auth/resend-otp\",\n  \"Status\": \"204\",\n  \"Response Time (ms)\": \"0.190\"\n}","timestamp":"2025-02-28T04:26:23.377Z"}
{"level":"info","message":"{\n  \"Method\": \"POST\",\n  \"URL\": \"/auth/resend-otp\",\n  \"Status\": \"200\",\n  \"Response Time (ms)\": \"5516.023\"\n}","timestamp":"2025-02-28T04:26:28.896Z"}
{"level":"info","message":"{\n  \"Method\": \"OPTIONS\",\n  \"URL\": \"/auth/verify-otp\",\n  \"Status\": \"204\",\n  \"Response Time (ms)\": \"0.251\"\n}","timestamp":"2025-02-28T04:27:02.541Z"}
{"level":"info","message":"{\n  \"Method\": \"POST\",\n  \"URL\": \"/auth/verify-otp\",\n  \"Status\": \"200\",\n  \"Response Time (ms)\": \"654.489\"\n}","timestamp":"2025-02-28T04:27:03.198Z"}
{"level":"info","message":"{\n  \"Method\": \"OPTIONS\",\n  \"URL\": \"/auth/sign-up\",\n  \"Status\": \"204\",\n  \"Response Time (ms)\": \"0.224\"\n}","timestamp":"2025-02-28T04:27:16.653Z"}
{"level":"info","message":"{\n  \"Method\": \"POST\",\n  \"URL\": \"/auth/sign-up\",\n  \"Status\": \"200\",\n  \"Response Time (ms)\": \"4986.626\"\n}","timestamp":"2025-02-28T04:27:21.642Z"}
{"level":"info","message":"{\n  \"Method\": \"OPTIONS\",\n  \"URL\": \"/auth/resend-otp\",\n  \"Status\": \"204\",\n  \"Response Time (ms)\": \"0.229\"\n}","timestamp":"2025-02-28T04:28:53.161Z"}
{"level":"info","message":"{\n  \"Method\": \"POST\",\n  \"URL\": \"/auth/resend-otp\",\n  \"Status\": \"200\",\n  \"Response Time (ms)\": \"4319.049\"\n}","timestamp":"2025-02-28T04:28:57.483Z"}
{"level":"info","message":"{\n  \"Method\": \"OPTIONS\",\n  \"URL\": \"/auth/resend-otp\",\n  \"Status\": \"204\",\n  \"Response Time (ms)\": \"0.239\"\n}","timestamp":"2025-02-28T04:30:31.164Z"}
{"level":"info","message":"{\n  \"Method\": \"POST\",\n  \"URL\": \"/auth/resend-otp\",\n  \"Status\": \"200\",\n  \"Response Time (ms)\": \"4731.309\"\n}","timestamp":"2025-02-28T04:30:35.898Z"}
{"level":"info","message":"{\n  \"Method\": \"OPTIONS\",\n  \"URL\": \"/auth/verify-otp\",\n  \"Status\": \"204\",\n  \"Response Time (ms)\": \"0.245\"\n}","timestamp":"2025-02-28T04:30:44.791Z"}
{"level":"info","message":"{\n  \"Method\": \"POST\",\n  \"URL\": \"/auth/verify-otp\",\n  \"Status\": \"200\",\n  \"Response Time (ms)\": \"629.893\"\n}","timestamp":"2025-02-28T04:30:45.424Z"}
{"level":"info","message":"{\n  \"Method\": \"OPTIONS\",\n  \"URL\": \"/auth/admin/sign-in\",\n  \"Status\": \"204\",\n  \"Response Time (ms)\": \"0.193\"\n}","timestamp":"2025-02-28T04:30:53.625Z"}
{"level":"info","message":"{\n  \"Method\": \"POST\",\n  \"URL\": \"/auth/admin/sign-in\",\n  \"Status\": \"200\",\n  \"Response Time (ms)\": \"198.600\"\n}","timestamp":"2025-02-28T04:30:53.827Z"}
{"level":"info","message":"{\n  \"Method\": \"GET\",\n  \"URL\": \"/admin/users\",\n  \"Status\": \"200\",\n  \"Response Time (ms)\": \"637.104\"\n}","timestamp":"2025-02-28T04:30:55.659Z"}
{"level":"info","message":"{\n  \"Method\": \"OPTIONS\",\n  \"URL\": \"/admin/updateUser\",\n  \"Status\": \"204\",\n  \"Response Time (ms)\": \"0.191\"\n}","timestamp":"2025-02-28T04:31:02.833Z"}
{"level":"info","message":"{\n  \"Method\": \"OPTIONS\",\n  \"URL\": \"/admin/updateUser\",\n  \"Status\": \"204\",\n  \"Response Time (ms)\": \"0.193\"\n}","timestamp":"2025-02-28T04:31:02.835Z"}
{"level":"info","message":"{\n  \"Method\": \"PUT\",\n  \"URL\": \"/admin/updateUser\",\n  \"Status\": \"200\",\n  \"Response Time (ms)\": \"296.171\"\n}","timestamp":"2025-02-28T04:31:03.134Z"}
{"level":"info","message":"{\n  \"Method\": \"PUT\",\n  \"URL\": \"/admin/updateUser\",\n  \"Status\": \"200\",\n  \"Response Time (ms)\": \"1518.555\"\n}","timestamp":"2025-02-28T04:31:04.362Z"}
{"level":"info","message":"{\n  \"Method\": \"PUT\",\n  \"URL\": \"/admin/updateUser\",\n  \"Status\": \"200\",\n  \"Response Time (ms)\": \"224.598\"\n}","timestamp":"2025-02-28T04:31:05.697Z"}
{"level":"info","message":"{\n  \"Method\": \"PUT\",\n  \"URL\": \"/admin/updateUser\",\n  \"Status\": \"200\",\n  \"Response Time (ms)\": \"2064.867\"\n}","timestamp":"2025-02-28T04:31:07.535Z"}
{"level":"info","message":"{\n  \"Method\": \"GET\",\n  \"URL\": \"/admin/users\",\n  \"Status\": \"200\",\n  \"Response Time (ms)\": \"162.253\"\n}","timestamp":"2025-02-28T04:31:08.673Z"}
{"level":"info","message":"{\n  \"Method\": \"OPTIONS\",\n  \"URL\": \"/auth/sign-in\",\n  \"Status\": \"204\",\n  \"Response Time (ms)\": \"0.300\"\n}","timestamp":"2025-02-28T04:31:18.203Z"}
{"level":"info","message":"{\n  \"Method\": \"POST\",\n  \"URL\": \"/auth/sign-in\",\n  \"Status\": \"200\",\n  \"Response Time (ms)\": \"364.487\"\n}","timestamp":"2025-02-28T04:31:18.570Z"}
{"level":"info","message":"{\n  \"Method\": \"OPTIONS\",\n  \"URL\": \"/admin/updateUser\",\n  \"Status\": \"204\",\n  \"Response Time (ms)\": \"0.162\"\n}","timestamp":"2025-02-28T04:31:22.952Z"}
{"level":"info","message":"{\n  \"Method\": \"OPTIONS\",\n  \"URL\": \"/admin/updateUser\",\n  \"Status\": \"204\",\n  \"Response Time (ms)\": \"0.123\"\n}","timestamp":"2025-02-28T04:31:22.953Z"}
{"level":"info","message":"{\n  \"Method\": \"PUT\",\n  \"URL\": \"/admin/updateUser\",\n  \"Status\": \"200\",\n  \"Response Time (ms)\": \"254.847\"\n}","timestamp":"2025-02-28T04:31:23.210Z"}
{"level":"info","message":"{\n  \"Method\": \"PUT\",\n  \"URL\": \"/admin/updateUser\",\n  \"Status\": \"200\",\n  \"Response Time (ms)\": \"1479.070\"\n}","timestamp":"2025-02-28T04:31:24.437Z"}
{"level":"info","message":"{\n  \"Method\": \"OPTIONS\",\n  \"URL\": \"/admin/updateUser\",\n  \"Status\": \"204\",\n  \"Response Time (ms)\": \"0.163\"\n}","timestamp":"2025-02-28T04:31:31.570Z"}
{"level":"info","message":"{\n  \"Method\": \"OPTIONS\",\n  \"URL\": \"/admin/updateUser\",\n  \"Status\": \"204\",\n  \"Response Time (ms)\": \"0.314\"\n}","timestamp":"2025-02-28T04:31:31.573Z"}
{"level":"info","message":"{\n  \"Method\": \"PUT\",\n  \"URL\": \"/admin/updateUser\",\n  \"Status\": \"200\",\n  \"Response Time (ms)\": \"230.198\"\n}","timestamp":"2025-02-28T04:31:31.806Z"}
{"level":"info","message":"{\n  \"Method\": \"PUT\",\n  \"URL\": \"/admin/updateUser\",\n  \"Status\": \"200\",\n  \"Response Time (ms)\": \"743.862\"\n}","timestamp":"2025-02-28T04:31:32.322Z"}
{"level":"info","message":"{\n  \"Method\": \"GET\",\n  \"URL\": \"/admin/users\",\n  \"Status\": \"200\",\n  \"Response Time (ms)\": \"720.345\"\n}","timestamp":"2025-02-28T04:31:34.467Z"}
{"level":"info","message":"{\n  \"Method\": \"OPTIONS\",\n  \"URL\": \"/auth/provider/sign-in\",\n  \"Status\": \"204\",\n  \"Response Time (ms)\": \"0.217\"\n}","timestamp":"2025-02-28T04:32:55.847Z"}
{"level":"info","message":"{\n  \"Method\": \"POST\",\n  \"URL\": \"/auth/provider/sign-in\",\n  \"Status\": \"400\",\n  \"Response Time (ms)\": \"240.473\"\n}","timestamp":"2025-02-28T04:32:56.091Z"}
{"level":"info","message":"{\n  \"Method\": \"OPTIONS\",\n  \"URL\": \"/auth/provider/sign-in\",\n  \"Status\": \"204\",\n  \"Response Time (ms)\": \"0.206\"\n}","timestamp":"2025-02-28T04:33:02.039Z"}
{"level":"info","message":"{\n  \"Method\": \"POST\",\n  \"URL\": \"/auth/provider/sign-in\",\n  \"Status\": \"200\",\n  \"Response Time (ms)\": \"292.551\"\n}","timestamp":"2025-02-28T04:33:02.335Z"}
{"level":"info","message":"{\n  \"Method\": \"OPTIONS\",\n  \"URL\": \"/user/logout\",\n  \"Status\": \"204\",\n  \"Response Time (ms)\": \"0.116\"\n}","timestamp":"2025-02-28T04:33:58.551Z"}
{"level":"info","message":"{\n  \"Method\": \"POST\",\n  \"URL\": \"/user/logout\",\n  \"Status\": \"200\",\n  \"Response Time (ms)\": \"0.723\"\n}","timestamp":"2025-02-28T04:33:58.553Z"}
{"level":"info","message":"{\n  \"Method\": \"GET\",\n  \"URL\": \"/admin/users\",\n  \"Status\": \"304\",\n  \"Response Time (ms)\": \"198.534\"\n}","timestamp":"2025-02-28T04:38:43.024Z"}
{"level":"info","message":"{\n  \"Method\": \"GET\",\n  \"URL\": \"/admin/users\",\n  \"Status\": \"304\",\n  \"Response Time (ms)\": \"258.942\"\n}","timestamp":"2025-02-28T04:38:59.000Z"}
{"level":"info","message":"{\n  \"Method\": \"GET\",\n  \"URL\": \"/admin/users\",\n  \"Status\": \"304\",\n  \"Response Time (ms)\": \"53.719\"\n}","timestamp":"2025-02-28T04:39:01.038Z"}
{"level":"info","message":"{\n  \"Method\": \"GET\",\n  \"URL\": \"/admin/users\",\n  \"Status\": \"304\",\n  \"Response Time (ms)\": \"65.544\"\n}","timestamp":"2025-02-28T04:39:02.810Z"}
{"level":"info","message":"{\n  \"Method\": \"GET\",\n  \"URL\": \"/admin/users\",\n  \"Status\": \"304\",\n  \"Response Time (ms)\": \"48.520\"\n}","timestamp":"2025-02-28T04:39:04.681Z"}
{"level":"info","message":"{\n  \"Method\": \"GET\",\n  \"URL\": \"/admin/users\",\n  \"Status\": \"304\",\n  \"Response Time (ms)\": \"54.154\"\n}","timestamp":"2025-02-28T04:39:06.788Z"}
{"level":"info","message":"{\n  \"Method\": \"GET\",\n  \"URL\": \"/admin/users\",\n  \"Status\": \"304\",\n  \"Response Time (ms)\": \"621.597\"\n}","timestamp":"2025-02-28T04:39:08.219Z"}
{"level":"info","message":"{\n  \"Method\": \"GET\",\n  \"URL\": \"/admin/users\",\n  \"Status\": \"-\",\n  \"Response Time (ms)\": \"-\"\n}","timestamp":"2025-02-28T04:39:09.252Z"}
{"level":"info","message":"{\n  \"Method\": \"GET\",\n  \"URL\": \"/admin/users\",\n  \"Status\": \"200\",\n  \"Response Time (ms)\": \"183.639\"\n}","timestamp":"2025-02-28T04:39:09.864Z"}
{"level":"info","message":"{\n  \"Method\": \"GET\",\n  \"URL\": \"/admin/users\",\n  \"Status\": \"304\",\n  \"Response Time (ms)\": \"137.523\"\n}","timestamp":"2025-02-28T04:39:10.597Z"}
{"level":"info","message":"{\n  \"Method\": \"GET\",\n  \"URL\": \"/admin/users\",\n  \"Status\": \"304\",\n  \"Response Time (ms)\": \"109.659\"\n}","timestamp":"2025-02-28T04:39:18.780Z"}
{"level":"info","message":"{\n  \"Method\": \"GET\",\n  \"URL\": \"/admin/users\",\n  \"Status\": \"304\",\n  \"Response Time (ms)\": \"628.722\"\n}","timestamp":"2025-02-28T04:39:24.301Z"}
{"level":"info","message":"{\n  \"Method\": \"GET\",\n  \"URL\": \"/admin/users\",\n  \"Status\": \"304\",\n  \"Response Time (ms)\": \"133.473\"\n}","timestamp":"2025-02-28T04:39:30.783Z"}
{"level":"info","message":"{\n  \"Method\": \"OPTIONS\",\n  \"URL\": \"/user/logout\",\n  \"Status\": \"204\",\n  \"Response Time (ms)\": \"0.184\"\n}","timestamp":"2025-02-28T04:40:07.461Z"}
{"level":"info","message":"{\n  \"Method\": \"POST\",\n  \"URL\": \"/user/logout\",\n  \"Status\": \"200\",\n  \"Response Time (ms)\": \"0.722\"\n}","timestamp":"2025-02-28T04:40:07.465Z"}
{"level":"info","message":"{\n  \"Method\": \"GET\",\n  \"URL\": \"/admin/users\",\n  \"Status\": \"304\",\n  \"Response Time (ms)\": \"646.447\"\n}","timestamp":"2025-02-28T04:40:24.618Z"}
{"level":"info","message":"{\n  \"Method\": \"OPTIONS\",\n  \"URL\": \"/auth/forgot-password\",\n  \"Status\": \"204\",\n  \"Response Time (ms)\": \"0.246\"\n}","timestamp":"2025-02-28T05:00:16.121Z"}
{"level":"info","message":"{\n  \"Method\": \"POST\",\n  \"URL\": \"/auth/forgot-password\",\n  \"Status\": \"401\",\n  \"Response Time (ms)\": \"164.304\"\n}","timestamp":"2025-02-28T05:00:16.289Z"}
{"level":"info","message":"{\n  \"Method\": \"OPTIONS\",\n  \"URL\": \"/auth/forgot-password\",\n  \"Status\": \"204\",\n  \"Response Time (ms)\": \"0.163\"\n}","timestamp":"2025-02-28T05:00:32.522Z"}
{"level":"info","message":"{\n  \"Method\": \"POST\",\n  \"URL\": \"/auth/forgot-password\",\n  \"Status\": \"200\",\n  \"Response Time (ms)\": \"7100.590\"\n}","timestamp":"2025-02-28T05:00:39.626Z"}
{"level":"info","message":"{\n  \"Method\": \"OPTIONS\",\n  \"URL\": \"/auth/forgot-password\",\n  \"Status\": \"204\",\n  \"Response Time (ms)\": \"0.163\"\n}","timestamp":"2025-02-28T05:01:43.176Z"}
{"level":"info","message":"{\n  \"Method\": \"POST\",\n  \"URL\": \"/auth/forgot-password\",\n  \"Status\": \"200\",\n  \"Response Time (ms)\": \"4363.291\"\n}","timestamp":"2025-02-28T05:01:47.544Z"}
{"level":"info","message":"{\n  \"Method\": \"OPTIONS\",\n  \"URL\": \"/auth/forgot-password\",\n  \"Status\": \"204\",\n  \"Response Time (ms)\": \"0.114\"\n}","timestamp":"2025-02-28T05:02:12.613Z"}
{"level":"info","message":"{\n  \"Method\": \"POST\",\n  \"URL\": \"/auth/forgot-password\",\n  \"Status\": \"200\",\n  \"Response Time (ms)\": \"3883.927\"\n}","timestamp":"2025-02-28T05:02:16.500Z"}
{"level":"info","message":"{\n  \"Method\": \"OPTIONS\",\n  \"URL\": \"/auth/forgot-password\",\n  \"Status\": \"204\",\n  \"Response Time (ms)\": \"0.190\"\n}","timestamp":"2025-02-28T05:02:43.772Z"}
{"level":"info","message":"{\n  \"Method\": \"POST\",\n  \"URL\": \"/auth/forgot-password\",\n  \"Status\": \"200\",\n  \"Response Time (ms)\": \"4876.254\"\n}","timestamp":"2025-02-28T05:02:48.652Z"}
{"level":"info","message":"{\n  \"Method\": \"OPTIONS\",\n  \"URL\": \"/auth/sign-up\",\n  \"Status\": \"204\",\n  \"Response Time (ms)\": \"0.205\"\n}","timestamp":"2025-02-28T05:03:35.060Z"}
{"level":"info","message":"{\n  \"Method\": \"POST\",\n  \"URL\": \"/auth/sign-up\",\n  \"Status\": \"200\",\n  \"Response Time (ms)\": \"5412.463\"\n}","timestamp":"2025-02-28T05:03:40.476Z"}
{"level":"info","message":"{\n  \"Method\": \"OPTIONS\",\n  \"URL\": \"/auth/forgot-password\",\n  \"Status\": \"204\",\n  \"Response Time (ms)\": \"0.179\"\n}","timestamp":"2025-02-28T05:11:55.038Z"}
{"level":"info","message":"{\n  \"Method\": \"POST\",\n  \"URL\": \"/auth/forgot-password\",\n  \"Status\": \"200\",\n  \"Response Time (ms)\": \"9261.805\"\n}","timestamp":"2025-02-28T05:12:04.303Z"}
{"level":"info","message":"{\n  \"Method\": \"GET\",\n  \"URL\": \"/admin/users\",\n  \"Status\": \"200\",\n  \"Response Time (ms)\": \"576.638\"\n}","timestamp":"2025-02-28T05:16:51.637Z"}
{"level":"info","message":"{\n  \"Method\": \"GET\",\n  \"URL\": \"/admin/users\",\n  \"Status\": \"304\",\n  \"Response Time (ms)\": \"95.724\"\n}","timestamp":"2025-02-28T05:16:52.783Z"}
{"level":"info","message":"{\n  \"Method\": \"GET\",\n  \"URL\": \"/admin/users\",\n  \"Status\": \"304\",\n  \"Response Time (ms)\": \"89.035\"\n}","timestamp":"2025-02-28T05:16:56.760Z"}
{"level":"info","message":"{\n  \"Method\": \"GET\",\n  \"URL\": \"/admin/users\",\n  \"Status\": \"304\",\n  \"Response Time (ms)\": \"641.550\"\n}","timestamp":"2025-02-28T05:18:20.444Z"}
{"level":"info","message":"{\n  \"Method\": \"OPTIONS\",\n  \"URL\": \"/auth/forgot-password\",\n  \"Status\": \"204\",\n  \"Response Time (ms)\": \"0.180\"\n}","timestamp":"2025-02-28T05:18:29.530Z"}
{"level":"info","message":"{\n  \"Method\": \"POST\",\n  \"URL\": \"/auth/forgot-password\",\n  \"Status\": \"200\",\n  \"Response Time (ms)\": \"5842.903\"\n}","timestamp":"2025-02-28T05:18:35.376Z"}
{"level":"info","message":"{\n  \"Method\": \"OPTIONS\",\n  \"URL\": \"/auth/verify-otp\",\n  \"Status\": \"204\",\n  \"Response Time (ms)\": \"0.250\"\n}","timestamp":"2025-02-28T05:18:44.403Z"}
{"level":"info","message":"{\n  \"Method\": \"POST\",\n  \"URL\": \"/auth/verify-otp\",\n  \"Status\": \"200\",\n  \"Response Time (ms)\": \"494.629\"\n}","timestamp":"2025-02-28T05:18:44.901Z"}
{"level":"info","message":"{\n  \"Method\": \"OPTIONS\",\n  \"URL\": \"/auth/resend-otp\",\n  \"Status\": \"204\",\n  \"Response Time (ms)\": \"0.146\"\n}","timestamp":"2025-02-28T05:21:31.355Z"}
{"level":"info","message":"{\n  \"Method\": \"POST\",\n  \"URL\": \"/auth/resend-otp\",\n  \"Status\": \"400\",\n  \"Response Time (ms)\": \"96.130\"\n}","timestamp":"2025-02-28T05:21:31.454Z"}
{"level":"info","message":"{\n  \"Method\": \"POST\",\n  \"URL\": \"/auth/resend-otp\",\n  \"Status\": \"400\",\n  \"Response Time (ms)\": \"376.261\"\n}","timestamp":"2025-02-28T05:21:36.623Z"}
{"level":"info","message":"{\n  \"Method\": \"GET\",\n  \"URL\": \"/admin/users\",\n  \"Status\": \"200\",\n  \"Response Time (ms)\": \"229.124\"\n}","timestamp":"2025-02-28T05:22:17.785Z"}
{"level":"info","message":"{\n  \"Method\": \"GET\",\n  \"URL\": \"/admin/providers\",\n  \"Status\": \"200\",\n  \"Response Time (ms)\": \"131.364\"\n}","timestamp":"2025-02-28T05:22:25.062Z"}
{"level":"info","message":"{\n  \"Method\": \"OPTIONS\",\n  \"URL\": \"/auth/forgot-password\",\n  \"Status\": \"204\",\n  \"Response Time (ms)\": \"1.735\"\n}","timestamp":"2025-02-28T06:00:44.260Z"}
{"level":"info","message":"{\n  \"Method\": \"POST\",\n  \"URL\": \"/auth/forgot-password\",\n  \"Status\": \"200\",\n  \"Response Time (ms)\": \"3818.882\"\n}","timestamp":"2025-02-28T06:00:48.083Z"}
{"level":"info","message":"{\n  \"Method\": \"OPTIONS\",\n  \"URL\": \"/auth/verify-otp\",\n  \"Status\": \"204\",\n  \"Response Time (ms)\": \"0.226\"\n}","timestamp":"2025-02-28T06:01:12.464Z"}
{"level":"info","message":"{\n  \"Method\": \"POST\",\n  \"URL\": \"/auth/verify-otp\",\n  \"Status\": \"200\",\n  \"Response Time (ms)\": \"235.176\"\n}","timestamp":"2025-02-28T06:01:12.702Z"}
{"level":"info","message":"{\n  \"Method\": \"OPTIONS\",\n  \"URL\": \"/auth/reset-password\",\n  \"Status\": \"204\",\n  \"Response Time (ms)\": \"0.205\"\n}","timestamp":"2025-02-28T06:01:23.023Z"}
{"level":"info","message":"{\n  \"Method\": \"PUT\",\n  \"URL\": \"/auth/reset-password\",\n  \"Status\": \"500\",\n  \"Response Time (ms)\": \"54.031\"\n}","timestamp":"2025-02-28T06:01:23.079Z"}
{"level":"info","message":"{\n  \"Method\": \"OPTIONS\",\n  \"URL\": \"/auth/reset-password\",\n  \"Status\": \"204\",\n  \"Response Time (ms)\": \"1.364\"\n}","timestamp":"2025-02-28T06:03:27.503Z"}
{"level":"info","message":"{\n  \"Method\": \"PUT\",\n  \"URL\": \"/auth/reset-password\",\n  \"Status\": \"500\",\n  \"Response Time (ms)\": \"70.050\"\n}","timestamp":"2025-02-28T06:03:27.577Z"}
{"level":"info","message":"{\n  \"Method\": \"OPTIONS\",\n  \"URL\": \"/auth/reset-password\",\n  \"Status\": \"204\",\n  \"Response Time (ms)\": \"0.253\"\n}","timestamp":"2025-02-28T06:03:58.598Z"}
{"level":"info","message":"{\n  \"Method\": \"PUT\",\n  \"URL\": \"/auth/reset-password\",\n  \"Status\": \"500\",\n  \"Response Time (ms)\": \"68.166\"\n}","timestamp":"2025-02-28T06:03:58.668Z"}
{"level":"info","message":"{\n  \"Method\": \"OPTIONS\",\n  \"URL\": \"/auth/reset-password\",\n  \"Status\": \"204\",\n  \"Response Time (ms)\": \"0.210\"\n}","timestamp":"2025-02-28T06:04:23.660Z"}
{"level":"info","message":"{\n  \"Method\": \"PUT\",\n  \"URL\": \"/auth/reset-password\",\n  \"Status\": \"500\",\n  \"Response Time (ms)\": \"69.079\"\n}","timestamp":"2025-02-28T06:04:23.731Z"}
{"level":"info","message":"{\n  \"Method\": \"OPTIONS\",\n  \"URL\": \"/auth/reset-password\",\n  \"Status\": \"204\",\n  \"Response Time (ms)\": \"0.338\"\n}","timestamp":"2025-02-28T06:05:14.810Z"}
{"level":"info","message":"{\n  \"Method\": \"PUT\",\n  \"URL\": \"/auth/reset-password\",\n  \"Status\": \"500\",\n  \"Response Time (ms)\": \"83.977\"\n}","timestamp":"2025-02-28T06:05:14.897Z"}
{"level":"info","message":"{\n  \"Method\": \"OPTIONS\",\n  \"URL\": \"/auth/forgot-password\",\n  \"Status\": \"204\",\n  \"Response Time (ms)\": \"0.260\"\n}","timestamp":"2025-02-28T06:05:35.362Z"}
{"level":"info","message":"{\n  \"Method\": \"POST\",\n  \"URL\": \"/auth/forgot-password\",\n  \"Status\": \"200\",\n  \"Response Time (ms)\": \"3402.181\"\n}","timestamp":"2025-02-28T06:05:38.767Z"}
{"level":"info","message":"{\n  \"Method\": \"OPTIONS\",\n  \"URL\": \"/auth/verify-otp\",\n  \"Status\": \"204\",\n  \"Response Time (ms)\": \"0.142\"\n}","timestamp":"2025-02-28T06:05:49.739Z"}
{"level":"info","message":"{\n  \"Method\": \"POST\",\n  \"URL\": \"/auth/verify-otp\",\n  \"Status\": \"200\",\n  \"Response Time (ms)\": \"270.659\"\n}","timestamp":"2025-02-28T06:05:50.011Z"}
{"level":"info","message":"{\n  \"Method\": \"OPTIONS\",\n  \"URL\": \"/auth/reset-password\",\n  \"Status\": \"204\",\n  \"Response Time (ms)\": \"0.154\"\n}","timestamp":"2025-02-28T06:05:56.742Z"}
{"level":"info","message":"{\n  \"Method\": \"PUT\",\n  \"URL\": \"/auth/reset-password\",\n  \"Status\": \"500\",\n  \"Response Time (ms)\": \"103.892\"\n}","timestamp":"2025-02-28T06:05:56.849Z"}
{"level":"info","message":"{\n  \"Method\": \"OPTIONS\",\n  \"URL\": \"/auth/forgot-password\",\n  \"Status\": \"204\",\n  \"Response Time (ms)\": \"1.300\"\n}","timestamp":"2025-02-28T06:07:32.708Z"}
{"level":"info","message":"{\n  \"Method\": \"POST\",\n  \"URL\": \"/auth/forgot-password\",\n  \"Status\": \"200\",\n  \"Response Time (ms)\": \"3443.291\"\n}","timestamp":"2025-02-28T06:07:36.155Z"}
{"level":"info","message":"{\n  \"Method\": \"OPTIONS\",\n  \"URL\": \"/auth/verify-otp\",\n  \"Status\": \"204\",\n  \"Response Time (ms)\": \"0.297\"\n}","timestamp":"2025-02-28T06:07:46.896Z"}
{"level":"info","message":"{\n  \"Method\": \"POST\",\n  \"URL\": \"/auth/verify-otp\",\n  \"Status\": \"200\",\n  \"Response Time (ms)\": \"264.537\"\n}","timestamp":"2025-02-28T06:07:47.163Z"}
{"level":"info","message":"{\n  \"Method\": \"OPTIONS\",\n  \"URL\": \"/auth/reset-password\",\n  \"Status\": \"204\",\n  \"Response Time (ms)\": \"0.248\"\n}","timestamp":"2025-02-28T06:07:53.138Z"}
{"level":"info","message":"{\n  \"Method\": \"PUT\",\n  \"URL\": \"/auth/reset-password\",\n  \"Status\": \"201\",\n  \"Response Time (ms)\": \"192.725\"\n}","timestamp":"2025-02-28T06:07:53.333Z"}
{"level":"info","message":"{\n  \"Method\": \"OPTIONS\",\n  \"URL\": \"/auth/forgot-password\",\n  \"Status\": \"204\",\n  \"Response Time (ms)\": \"1.476\"\n}","timestamp":"2025-02-28T06:09:22.520Z"}
{"level":"info","message":"{\n  \"Method\": \"POST\",\n  \"URL\": \"/auth/forgot-password\",\n  \"Status\": \"200\",\n  \"Response Time (ms)\": \"4125.841\"\n}","timestamp":"2025-02-28T06:09:26.650Z"}
{"level":"info","message":"{\n  \"Method\": \"OPTIONS\",\n  \"URL\": \"/auth/verify-otp\",\n  \"Status\": \"204\",\n  \"Response Time (ms)\": \"0.239\"\n}","timestamp":"2025-02-28T06:09:31.451Z"}
{"level":"info","message":"{\n  \"Method\": \"POST\",\n  \"URL\": \"/auth/verify-otp\",\n  \"Status\": \"200\",\n  \"Response Time (ms)\": \"303.511\"\n}","timestamp":"2025-02-28T06:09:31.756Z"}
{"level":"info","message":"{\n  \"Method\": \"OPTIONS\",\n  \"URL\": \"/auth/reset-password\",\n  \"Status\": \"204\",\n  \"Response Time (ms)\": \"0.206\"\n}","timestamp":"2025-02-28T06:09:38.160Z"}
{"level":"info","message":"{\n  \"Method\": \"PUT\",\n  \"URL\": \"/auth/reset-password\",\n  \"Status\": \"201\",\n  \"Response Time (ms)\": \"186.413\"\n}","timestamp":"2025-02-28T06:09:38.349Z"}
{"level":"info","message":"{\n  \"Method\": \"OPTIONS\",\n  \"URL\": \"/auth/forgot-password\",\n  \"Status\": \"204\",\n  \"Response Time (ms)\": \"1.315\"\n}","timestamp":"2025-02-28T06:10:46.869Z"}
{"level":"info","message":"{\n  \"Method\": \"POST\",\n  \"URL\": \"/auth/forgot-password\",\n  \"Status\": \"200\",\n  \"Response Time (ms)\": \"3384.880\"\n}","timestamp":"2025-02-28T06:10:50.258Z"}
{"level":"info","message":"{\n  \"Method\": \"OPTIONS\",\n  \"URL\": \"/auth/verify-otp\",\n  \"Status\": \"204\",\n  \"Response Time (ms)\": \"0.209\"\n}","timestamp":"2025-02-28T06:11:00.124Z"}
{"level":"info","message":"{\n  \"Method\": \"POST\",\n  \"URL\": \"/auth/verify-otp\",\n  \"Status\": \"200\",\n  \"Response Time (ms)\": \"255.442\"\n}","timestamp":"2025-02-28T06:11:00.382Z"}
{"level":"info","message":"{\n  \"Method\": \"OPTIONS\",\n  \"URL\": \"/auth/reset-password\",\n  \"Status\": \"204\",\n  \"Response Time (ms)\": \"0.181\"\n}","timestamp":"2025-02-28T06:11:05.799Z"}
{"level":"info","message":"{\n  \"Method\": \"PUT\",\n  \"URL\": \"/auth/reset-password\",\n  \"Status\": \"201\",\n  \"Response Time (ms)\": \"183.768\"\n}","timestamp":"2025-02-28T06:11:05.985Z"}
{"level":"info","message":"{\n  \"Method\": \"OPTIONS\",\n  \"URL\": \"/auth/sign-in\",\n  \"Status\": \"204\",\n  \"Response Time (ms)\": \"0.969\"\n}","timestamp":"2025-02-28T06:14:30.308Z"}
{"level":"info","message":"{\n  \"Method\": \"POST\",\n  \"URL\": \"/auth/sign-in\",\n  \"Status\": \"200\",\n  \"Response Time (ms)\": \"175.331\"\n}","timestamp":"2025-02-28T06:14:30.487Z"}
{"level":"info","message":"{\n  \"Method\": \"OPTIONS\",\n  \"URL\": \"/user/logout\",\n  \"Status\": \"204\",\n  \"Response Time (ms)\": \"0.143\"\n}","timestamp":"2025-02-28T06:14:34.334Z"}
{"level":"info","message":"{\n  \"Method\": \"POST\",\n  \"URL\": \"/user/logout\",\n  \"Status\": \"200\",\n  \"Response Time (ms)\": \"0.762\"\n}","timestamp":"2025-02-28T06:14:34.336Z"}
{"level":"info","message":"{\n  \"Method\": \"OPTIONS\",\n  \"URL\": \"/auth/forgot-password\",\n  \"Status\": \"204\",\n  \"Response Time (ms)\": \"0.139\"\n}","timestamp":"2025-02-28T06:14:39.430Z"}
{"level":"info","message":"{\n  \"Method\": \"POST\",\n  \"URL\": \"/auth/forgot-password\",\n  \"Status\": \"200\",\n  \"Response Time (ms)\": \"3495.900\"\n}","timestamp":"2025-02-28T06:14:42.928Z"}
{"level":"info","message":"{\n  \"Method\": \"OPTIONS\",\n  \"URL\": \"/auth/verify-otp\",\n  \"Status\": \"204\",\n  \"Response Time (ms)\": \"0.216\"\n}","timestamp":"2025-02-28T06:14:50.173Z"}
{"level":"info","message":"{\n  \"Method\": \"POST\",\n  \"URL\": \"/auth/verify-otp\",\n  \"Status\": \"200\",\n  \"Response Time (ms)\": \"252.704\"\n}","timestamp":"2025-02-28T06:14:50.427Z"}
{"level":"info","message":"{\n  \"Method\": \"OPTIONS\",\n  \"URL\": \"/auth/reset-password\",\n  \"Status\": \"204\",\n  \"Response Time (ms)\": \"0.183\"\n}","timestamp":"2025-02-28T06:14:57.615Z"}
{"level":"info","message":"{\n  \"Method\": \"PUT\",\n  \"URL\": \"/auth/reset-password\",\n  \"Status\": \"201\",\n  \"Response Time (ms)\": \"185.531\"\n}","timestamp":"2025-02-28T06:14:57.803Z"}
{"level":"info","message":"{\n  \"Method\": \"OPTIONS\",\n  \"URL\": \"/auth/reset-password\",\n  \"Status\": \"204\",\n  \"Response Time (ms)\": \"0.216\"\n}","timestamp":"2025-02-28T06:15:31.353Z"}
{"level":"info","message":"{\n  \"Method\": \"PUT\",\n  \"URL\": \"/auth/reset-password\",\n  \"Status\": \"201\",\n  \"Response Time (ms)\": \"163.606\"\n}","timestamp":"2025-02-28T06:15:31.519Z"}
{"level":"info","message":"{\n  \"Method\": \"OPTIONS\",\n  \"URL\": \"/auth/reset-password\",\n  \"Status\": \"204\",\n  \"Response Time (ms)\": \"0.138\"\n}","timestamp":"2025-02-28T06:16:25.184Z"}
{"level":"info","message":"{\n  \"Method\": \"PUT\",\n  \"URL\": \"/auth/reset-password\",\n  \"Status\": \"201\",\n  \"Response Time (ms)\": \"186.606\"\n}","timestamp":"2025-02-28T06:16:25.372Z"}
{"level":"info","message":"{\n  \"Method\": \"OPTIONS\",\n  \"URL\": \"/auth/sign-in\",\n  \"Status\": \"204\",\n  \"Response Time (ms)\": \"0.111\"\n}","timestamp":"2025-02-28T06:16:37.030Z"}
{"level":"info","message":"{\n  \"Method\": \"POST\",\n  \"URL\": \"/auth/sign-in\",\n  \"Status\": \"400\",\n  \"Response Time (ms)\": \"110.848\"\n}","timestamp":"2025-02-28T06:16:37.143Z"}
{"level":"info","message":"{\n  \"Method\": \"OPTIONS\",\n  \"URL\": \"/auth/sign-in\",\n  \"Status\": \"204\",\n  \"Response Time (ms)\": \"0.146\"\n}","timestamp":"2025-02-28T06:16:45.563Z"}
{"level":"info","message":"{\n  \"Method\": \"POST\",\n  \"URL\": \"/auth/sign-in\",\n  \"Status\": \"200\",\n  \"Response Time (ms)\": \"137.330\"\n}","timestamp":"2025-02-28T06:16:45.702Z"}
{"level":"info","message":"{\n  \"Method\": \"OPTIONS\",\n  \"URL\": \"/user/logout\",\n  \"Status\": \"204\",\n  \"Response Time (ms)\": \"0.173\"\n}","timestamp":"2025-02-28T06:17:41.761Z"}
{"level":"info","message":"{\n  \"Method\": \"POST\",\n  \"URL\": \"/user/logout\",\n  \"Status\": \"200\",\n  \"Response Time (ms)\": \"0.571\"\n}","timestamp":"2025-02-28T06:17:41.764Z"}
{"level":"info","message":"{\n  \"Method\": \"GET\",\n  \"URL\": \"/admin/users\",\n  \"Status\": \"200\",\n  \"Response Time (ms)\": \"965.984\"\n}","timestamp":"2025-02-28T06:20:41.722Z"}
{"level":"info","message":"{\n  \"Method\": \"GET\",\n  \"URL\": \"/admin/providers\",\n  \"Status\": \"200\",\n  \"Response Time (ms)\": \"64.974\"\n}","timestamp":"2025-02-28T06:20:43.524Z"}
{"level":"info","message":"{\n  \"Method\": \"POST\",\n  \"URL\": \"/admin/logout\",\n  \"Status\": \"200\",\n  \"Response Time (ms)\": \"1.639\"\n}","timestamp":"2025-02-28T06:20:47.427Z"}
{"level":"info","message":"{\n  \"Method\": \"OPTIONS\",\n  \"URL\": \"/auth/admin/sign-in\",\n  \"Status\": \"204\",\n  \"Response Time (ms)\": \"0.345\"\n}","timestamp":"2025-02-28T06:21:27.295Z"}
{"level":"info","message":"{\n  \"Method\": \"POST\",\n  \"URL\": \"/auth/admin/sign-in\",\n  \"Status\": \"200\",\n  \"Response Time (ms)\": \"145.431\"\n}","timestamp":"2025-02-28T06:21:27.442Z"}
{"level":"info","message":"{\n  \"Method\": \"GET\",\n  \"URL\": \"/admin/users\",\n  \"Status\": \"304\",\n  \"Response Time (ms)\": \"53.032\"\n}","timestamp":"2025-02-28T06:21:34.999Z"}
{"level":"info","message":"{\n  \"Method\": \"GET\",\n  \"URL\": \"/admin/providers\",\n  \"Status\": \"304\",\n  \"Response Time (ms)\": \"46.157\"\n}","timestamp":"2025-02-28T06:21:35.761Z"}
{"level":"info","message":"{\n  \"Method\": \"GET\",\n  \"URL\": \"/admin/providers\",\n  \"Status\": \"304\",\n  \"Response Time (ms)\": \"47.317\"\n}","timestamp":"2025-02-28T06:21:38.583Z"}
{"level":"info","message":"{\n  \"Method\": \"GET\",\n  \"URL\": \"/admin/providers\",\n  \"Status\": \"304\",\n  \"Response Time (ms)\": \"48.761\"\n}","timestamp":"2025-02-28T06:22:26.893Z"}
{"level":"info","message":"{\n  \"Method\": \"GET\",\n  \"URL\": \"/admin/providers\",\n  \"Status\": \"304\",\n  \"Response Time (ms)\": \"40.877\"\n}","timestamp":"2025-02-28T06:22:29.127Z"}
{"level":"info","message":"{\n  \"Method\": \"GET\",\n  \"URL\": \"/admin/providers\",\n  \"Status\": \"304\",\n  \"Response Time (ms)\": \"47.997\"\n}","timestamp":"2025-02-28T06:23:46.177Z"}
{"level":"info","message":"{\n  \"Method\": \"OPTIONS\",\n  \"URL\": \"/auth/provider/sign-in\",\n  \"Status\": \"204\",\n  \"Response Time (ms)\": \"0.328\"\n}","timestamp":"2025-02-28T06:25:23.607Z"}
{"level":"info","message":"{\n  \"Method\": \"POST\",\n  \"URL\": \"/auth/provider/sign-in\",\n  \"Status\": \"200\",\n  \"Response Time (ms)\": \"145.832\"\n}","timestamp":"2025-02-28T06:25:23.755Z"}
{"level":"info","message":"{\n  \"Method\": \"OPTIONS\",\n  \"URL\": \"/user/logout\",\n  \"Status\": \"204\",\n  \"Response Time (ms)\": \"0.179\"\n}","timestamp":"2025-02-28T06:25:32.768Z"}
{"level":"info","message":"{\n  \"Method\": \"POST\",\n  \"URL\": \"/user/logout\",\n  \"Status\": \"200\",\n  \"Response Time (ms)\": \"0.652\"\n}","timestamp":"2025-02-28T06:25:32.771Z"}
{"level":"info","message":"{\n  \"Method\": \"POST\",\n  \"URL\": \"/admin/logout\",\n  \"Status\": \"200\",\n  \"Response Time (ms)\": \"0.494\"\n}","timestamp":"2025-02-28T06:25:45.849Z"}
{"level":"info","message":"{\n  \"Method\": \"OPTIONS\",\n  \"URL\": \"/auth/sign-in\",\n  \"Status\": \"204\",\n  \"Response Time (ms)\": \"3.338\"\n}","timestamp":"2025-02-28T08:29:52.717Z"}
{"level":"info","message":"{\n  \"Method\": \"POST\",\n  \"URL\": \"/auth/sign-in\",\n  \"Status\": \"200\",\n  \"Response Time (ms)\": \"241.587\"\n}","timestamp":"2025-02-28T08:29:52.966Z"}
{"level":"info","message":"{\n  \"Method\": \"OPTIONS\",\n  \"URL\": \"/auth/admin/sign-in\",\n  \"Status\": \"204\",\n  \"Response Time (ms)\": \"0.189\"\n}","timestamp":"2025-02-28T08:30:45.164Z"}
{"level":"info","message":"{\n  \"Method\": \"POST\",\n  \"URL\": \"/auth/admin/sign-in\",\n  \"Status\": \"200\",\n  \"Response Time (ms)\": \"181.573\"\n}","timestamp":"2025-02-28T08:30:45.349Z"}
{"level":"info","message":"{\n  \"Method\": \"GET\",\n  \"URL\": \"/admin/users\",\n  \"Status\": \"200\",\n  \"Response Time (ms)\": \"64.866\"\n}","timestamp":"2025-02-28T08:30:48.165Z"}
{"level":"info","message":"{\n  \"Method\": \"GET\",\n  \"URL\": \"/admin/providers\",\n  \"Status\": \"200\",\n  \"Response Time (ms)\": \"77.238\"\n}","timestamp":"2025-02-28T08:30:53.795Z"}
{"level":"info","message":"{\n  \"Method\": \"GET\",\n  \"URL\": \"/admin/users\",\n  \"Status\": \"304\",\n  \"Response Time (ms)\": \"45.064\"\n}","timestamp":"2025-02-28T08:30:56.887Z"}
{"level":"info","message":"{\n  \"Method\": \"OPTIONS\",\n  \"URL\": \"/admin/updateUser\",\n  \"Status\": \"204\",\n  \"Response Time (ms)\": \"0.362\"\n}","timestamp":"2025-02-28T08:31:12.671Z"}
{"level":"info","message":"{\n  \"Method\": \"OPTIONS\",\n  \"URL\": \"/admin/updateUser\",\n  \"Status\": \"204\",\n  \"Response Time (ms)\": \"0.207\"\n}","timestamp":"2025-02-28T08:31:12.674Z"}
{"level":"info","message":"{\n  \"Method\": \"PUT\",\n  \"URL\": \"/admin/updateUser\",\n  \"Status\": \"200\",\n  \"Response Time (ms)\": \"127.221\"\n}","timestamp":"2025-02-28T08:31:12.812Z"}
{"level":"info","message":"{\n  \"Method\": \"PUT\",\n  \"URL\": \"/admin/updateUser\",\n  \"Status\": \"200\",\n  \"Response Time (ms)\": \"132.367\"\n}","timestamp":"2025-02-28T08:31:12.821Z"}
{"level":"info","message":"{\n  \"Method\": \"GET\",\n  \"URL\": \"/admin/providers\",\n  \"Status\": \"304\",\n  \"Response Time (ms)\": \"54.632\"\n}","timestamp":"2025-02-28T08:33:02.456Z"}
{"level":"info","message":"{\n  \"Method\": \"POST\",\n  \"URL\": \"/admin/logout\",\n  \"Status\": \"200\",\n  \"Response Time (ms)\": \"3.156\"\n}","timestamp":"2025-02-28T08:33:33.917Z"}
{"level":"info","message":"{\n  \"Method\": \"GET\",\n  \"URL\": \"/admin/providers\",\n  \"Status\": \"304\",\n  \"Response Time (ms)\": \"45.084\"\n}","timestamp":"2025-02-28T08:33:44.370Z"}
{"level":"info","message":"{\n  \"Method\": \"GET\",\n  \"URL\": \"/favicon.ico\",\n  \"Status\": \"404\",\n  \"Response Time (ms)\": \"2.399\"\n}","timestamp":"2025-02-28T08:33:44.550Z"}
{"level":"info","message":"{\n  \"Method\": \"GET\",\n  \"URL\": \"/\",\n  \"Status\": \"404\",\n  \"Response Time (ms)\": \"1.059\"\n}","timestamp":"2025-02-28T08:34:45.048Z"}
{"level":"info","message":"{\n  \"Method\": \"OPTIONS\",\n  \"URL\": \"/auth/admin/sign-in\",\n  \"Status\": \"204\",\n  \"Response Time (ms)\": \"0.159\"\n}","timestamp":"2025-02-28T08:35:02.640Z"}
{"level":"info","message":"{\n  \"Method\": \"POST\",\n  \"URL\": \"/auth/admin/sign-in\",\n  \"Status\": \"200\",\n  \"Response Time (ms)\": \"170.492\"\n}","timestamp":"2025-02-28T08:35:02.813Z"}
{"level":"info","message":"{\n  \"Method\": \"GET\",\n  \"URL\": \"/admin/users\",\n  \"Status\": \"200\",\n  \"Response Time (ms)\": \"46.702\"\n}","timestamp":"2025-02-28T08:35:05.752Z"}
{"level":"info","message":"{\n  \"Method\": \"GET\",\n  \"URL\": \"/admin/providers\",\n  \"Status\": \"304\",\n  \"Response Time (ms)\": \"45.366\"\n}","timestamp":"2025-02-28T08:35:06.808Z"}
{"level":"info","message":"{\n  \"Method\": \"GET\",\n  \"URL\": \"/admin/users\",\n  \"Status\": \"304\",\n  \"Response Time (ms)\": \"50.432\"\n}","timestamp":"2025-02-28T08:35:16.710Z"}
{"level":"info","message":"{\n  \"Method\": \"OPTIONS\",\n  \"URL\": \"/user/logout\",\n  \"Status\": \"204\",\n  \"Response Time (ms)\": \"0.176\"\n}","timestamp":"2025-02-28T08:35:25.742Z"}
{"level":"info","message":"{\n  \"Method\": \"POST\",\n  \"URL\": \"/user/logout\",\n  \"Status\": \"200\",\n  \"Response Time (ms)\": \"0.974\"\n}","timestamp":"2025-02-28T08:35:25.746Z"}
{"level":"info","message":"{\n  \"Method\": \"OPTIONS\",\n  \"URL\": \"/auth/forgot-password\",\n  \"Status\": \"204\",\n  \"Response Time (ms)\": \"0.206\"\n}","timestamp":"2025-02-28T08:35:34.277Z"}
{"level":"info","message":"{\n  \"Method\": \"POST\",\n  \"URL\": \"/auth/forgot-password\",\n  \"Status\": \"200\",\n  \"Response Time (ms)\": \"3791.784\"\n}","timestamp":"2025-02-28T08:35:38.074Z"}
{"level":"info","message":"{\n  \"Method\": \"OPTIONS\",\n  \"URL\": \"/auth/resend-otp\",\n  \"Status\": \"204\",\n  \"Response Time (ms)\": \"0.184\"\n}","timestamp":"2025-02-28T08:37:09.218Z"}
{"level":"info","message":"{\n  \"Method\": \"POST\",\n  \"URL\": \"/auth/resend-otp\",\n  \"Status\": \"400\",\n  \"Response Time (ms)\": \"47.424\"\n}","timestamp":"2025-02-28T08:37:09.268Z"}
{"level":"info","message":"{\n  \"Method\": \"OPTIONS\",\n  \"URL\": \"/auth/sign-in\",\n  \"Status\": \"204\",\n  \"Response Time (ms)\": \"0.138\"\n}","timestamp":"2025-02-28T08:37:29.724Z"}
{"level":"info","message":"{\n  \"Method\": \"POST\",\n  \"URL\": \"/auth/sign-in\",\n  \"Status\": \"400\",\n  \"Response Time (ms)\": \"58.178\"\n}","timestamp":"2025-02-28T08:37:29.785Z"}
{"level":"info","message":"{\n  \"Method\": \"OPTIONS\",\n  \"URL\": \"/auth/sign-in\",\n  \"Status\": \"204\",\n  \"Response Time (ms)\": \"0.242\"\n}","timestamp":"2025-02-28T08:37:39.135Z"}
{"level":"info","message":"{\n  \"Method\": \"POST\",\n  \"URL\": \"/auth/sign-in\",\n  \"Status\": \"400\",\n  \"Response Time (ms)\": \"49.327\"\n}","timestamp":"2025-02-28T08:37:39.187Z"}
{"level":"info","message":"{\n  \"Method\": \"OPTIONS\",\n  \"URL\": \"/admin/updateUser\",\n  \"Status\": \"204\",\n  \"Response Time (ms)\": \"0.180\"\n}","timestamp":"2025-02-28T08:37:45.584Z"}
{"level":"info","message":"{\n  \"Method\": \"OPTIONS\",\n  \"URL\": \"/admin/updateUser\",\n  \"Status\": \"204\",\n  \"Response Time (ms)\": \"0.202\"\n}","timestamp":"2025-02-28T08:37:45.586Z"}
{"level":"info","message":"{\n  \"Method\": \"PUT\",\n  \"URL\": \"/admin/updateUser\",\n  \"Status\": \"200\",\n  \"Response Time (ms)\": \"138.724\"\n}","timestamp":"2025-02-28T08:37:45.731Z"}
{"level":"info","message":"{\n  \"Method\": \"PUT\",\n  \"URL\": \"/admin/updateUser\",\n  \"Status\": \"200\",\n  \"Response Time (ms)\": \"152.448\"\n}","timestamp":"2025-02-28T08:37:45.742Z"}
{"level":"info","message":"{\n  \"Method\": \"OPTIONS\",\n  \"URL\": \"/auth/sign-in\",\n  \"Status\": \"204\",\n  \"Response Time (ms)\": \"0.152\"\n}","timestamp":"2025-02-28T08:37:53.994Z"}
{"level":"info","message":"{\n  \"Method\": \"POST\",\n  \"URL\": \"/auth/sign-in\",\n  \"Status\": \"200\",\n  \"Response Time (ms)\": \"157.473\"\n}","timestamp":"2025-02-28T08:37:54.154Z"}
{"level":"info","message":"{\n  \"Method\": \"OPTIONS\",\n  \"URL\": \"/user/logout\",\n  \"Status\": \"204\",\n  \"Response Time (ms)\": \"0.160\"\n}","timestamp":"2025-02-28T08:39:00.574Z"}
{"level":"info","message":"{\n  \"Method\": \"POST\",\n  \"URL\": \"/user/logout\",\n  \"Status\": \"200\",\n  \"Response Time (ms)\": \"0.557\"\n}","timestamp":"2025-02-28T08:39:00.577Z"}
{"level":"info","message":"{\n  \"Method\": \"OPTIONS\",\n  \"URL\": \"/auth/provider/sign-in\",\n  \"Status\": \"204\",\n  \"Response Time (ms)\": \"1.176\"\n}","timestamp":"2025-02-28T08:39:15.191Z"}
{"level":"info","message":"{\n  \"Method\": \"POST\",\n  \"URL\": \"/auth/provider/sign-in\",\n  \"Status\": \"200\",\n  \"Response Time (ms)\": \"173.702\"\n}","timestamp":"2025-02-28T08:39:15.367Z"}
{"level":"info","message":"{\n  \"Method\": \"OPTIONS\",\n  \"URL\": \"/user/logout\",\n  \"Status\": \"204\",\n  \"Response Time (ms)\": \"0.191\"\n}","timestamp":"2025-02-28T08:40:23.389Z"}
{"level":"info","message":"{\n  \"Method\": \"POST\",\n  \"URL\": \"/user/logout\",\n  \"Status\": \"200\",\n  \"Response Time (ms)\": \"0.487\"\n}","timestamp":"2025-02-28T08:40:23.391Z"}
{"level":"info","message":"{\n  \"Method\": \"GET\",\n  \"URL\": \"/admin/users\",\n  \"Status\": \"200\",\n  \"Response Time (ms)\": \"758.678\"\n}","timestamp":"2025-02-28T08:52:01.973Z"}
{"level":"info","message":"{\n  \"Method\": \"POST\",\n  \"URL\": \"/admin/logout\",\n  \"Status\": \"200\",\n  \"Response Time (ms)\": \"0.903\"\n}","timestamp":"2025-02-28T08:52:05.654Z"}
