{"level":"info","message":"{\n  \"Method\": \"OPTIONS\",\n  \"URL\": \"/auth/sign-in\",\n  \"Status\": \"204\",\n  \"Response Time (ms)\": \"0.954\"\n}","timestamp":"2025-03-03T06:10:22.976Z"}
{"level":"info","message":"{\n  \"Method\": \"POST\",\n  \"URL\": \"/auth/sign-in\",\n  \"Status\": \"200\",\n  \"Response Time (ms)\": \"158.460\"\n}","timestamp":"2025-03-03T06:10:23.138Z"}
{"level":"info","message":"{\n  \"Method\": \"OPTIONS\",\n  \"URL\": \"/user/logout\",\n  \"Status\": \"204\",\n  \"Response Time (ms)\": \"2.667\"\n}","timestamp":"2025-03-03T11:12:26.859Z"}
{"level":"info","message":"{\n  \"Method\": \"POST\",\n  \"URL\": \"/user/logout\",\n  \"Status\": \"200\",\n  \"Response Time (ms)\": \"3.972\"\n}","timestamp":"2025-03-03T11:12:26.871Z"}
{"level":"info","message":"{\n  \"Method\": \"GET\",\n  \"URL\": \"/admin/users\",\n  \"Status\": \"200\",\n  \"Response Time (ms)\": \"116.021\"\n}","timestamp":"2025-03-03T11:14:04.696Z"}
{"level":"info","message":"{\n  \"Method\": \"GET\",\n  \"URL\": \"/admin/users\",\n  \"Status\": \"304\",\n  \"Response Time (ms)\": \"173.110\"\n}","timestamp":"2025-03-03T11:14:05.662Z"}
{"level":"info","message":"{\n  \"Method\": \"GET\",\n  \"URL\": \"/admin/providers\",\n  \"Status\": \"200\",\n  \"Response Time (ms)\": \"52.194\"\n}","timestamp":"2025-03-03T11:14:08.761Z"}
{"level":"info","message":"{\n  \"Method\": \"GET\",\n  \"URL\": \"/admin/providers\",\n  \"Status\": \"304\",\n  \"Response Time (ms)\": \"48.136\"\n}","timestamp":"2025-03-03T11:14:08.812Z"}
{"level":"info","message":"{\n  \"Method\": \"GET\",\n  \"URL\": \"/admin/providers\",\n  \"Status\": \"304\",\n  \"Response Time (ms)\": \"152.957\"\n}","timestamp":"2025-03-03T11:14:28.231Z"}
{"level":"info","message":"{\n  \"Method\": \"GET\",\n  \"URL\": \"/admin/providers\",\n  \"Status\": \"304\",\n  \"Response Time (ms)\": \"96.986\"\n}","timestamp":"2025-03-03T11:14:28.331Z"}
{"level":"info","message":"{\n  \"Method\": \"GET\",\n  \"URL\": \"/admin/providers\",\n  \"Status\": \"304\",\n  \"Response Time (ms)\": \"61.630\"\n}","timestamp":"2025-03-03T11:14:30.255Z"}
{"level":"info","message":"{\n  \"Method\": \"GET\",\n  \"URL\": \"/admin/providers\",\n  \"Status\": \"304\",\n  \"Response Time (ms)\": \"55.831\"\n}","timestamp":"2025-03-03T11:14:30.313Z"}
{"level":"info","message":"{\n  \"Method\": \"GET\",\n  \"URL\": \"/admin/users\",\n  \"Status\": \"304\",\n  \"Response Time (ms)\": \"57.643\"\n}","timestamp":"2025-03-03T11:14:31.459Z"}
{"level":"info","message":"{\n  \"Method\": \"GET\",\n  \"URL\": \"/admin/users\",\n  \"Status\": \"304\",\n  \"Response Time (ms)\": \"126.771\"\n}","timestamp":"2025-03-03T11:15:56.311Z"}
{"level":"info","message":"{\n  \"Method\": \"GET\",\n  \"URL\": \"/admin/users\",\n  \"Status\": \"304\",\n  \"Response Time (ms)\": \"850.065\"\n}","timestamp":"2025-03-03T11:18:42.496Z"}
{"level":"info","message":"{\n  \"Method\": \"GET\",\n  \"URL\": \"/admin/users\",\n  \"Status\": \"304\",\n  \"Response Time (ms)\": \"156.612\"\n}","timestamp":"2025-03-03T11:18:45.372Z"}
{"level":"info","message":"{\n  \"Method\": \"GET\",\n  \"URL\": \"/admin/providers\",\n  \"Status\": \"304\",\n  \"Response Time (ms)\": \"52.294\"\n}","timestamp":"2025-03-03T11:18:47.155Z"}
{"level":"info","message":"{\n  \"Method\": \"GET\",\n  \"URL\": \"/admin/providers\",\n  \"Status\": \"304\",\n  \"Response Time (ms)\": \"46.071\"\n}","timestamp":"2025-03-03T11:18:47.203Z"}
{"level":"info","message":"{\n  \"Method\": \"GET\",\n  \"URL\": \"/admin/users\",\n  \"Status\": \"304\",\n  \"Response Time (ms)\": \"48.919\"\n}","timestamp":"2025-03-03T11:18:47.676Z"}
{"level":"info","message":"{\n  \"Method\": \"GET\",\n  \"URL\": \"/admin/users\",\n  \"Status\": \"304\",\n  \"Response Time (ms)\": \"81.185\"\n}","timestamp":"2025-03-03T11:18:53.843Z"}
{"level":"info","message":"{\n  \"Method\": \"GET\",\n  \"URL\": \"/admin/users\",\n  \"Status\": \"304\",\n  \"Response Time (ms)\": \"258.739\"\n}","timestamp":"2025-03-03T11:19:25.748Z"}
{"level":"info","message":"{\n  \"Method\": \"GET\",\n  \"URL\": \"/admin/users\",\n  \"Status\": \"304\",\n  \"Response Time (ms)\": \"54.400\"\n}","timestamp":"2025-03-03T11:19:32.066Z"}
{"level":"info","message":"{\n  \"Method\": \"GET\",\n  \"URL\": \"/admin/users\",\n  \"Status\": \"304\",\n  \"Response Time (ms)\": \"48.588\"\n}","timestamp":"2025-03-03T11:19:37.265Z"}
{"level":"info","message":"{\n  \"Method\": \"GET\",\n  \"URL\": \"/admin/users\",\n  \"Status\": \"304\",\n  \"Response Time (ms)\": \"47.308\"\n}","timestamp":"2025-03-03T11:19:38.261Z"}
{"level":"info","message":"{\n  \"Method\": \"GET\",\n  \"URL\": \"/admin/users\",\n  \"Status\": \"304\",\n  \"Response Time (ms)\": \"49.089\"\n}","timestamp":"2025-03-03T11:19:39.388Z"}
{"level":"info","message":"{\n  \"Method\": \"GET\",\n  \"URL\": \"/admin/users\",\n  \"Status\": \"304\",\n  \"Response Time (ms)\": \"54.299\"\n}","timestamp":"2025-03-03T11:19:46.733Z"}
{"level":"info","message":"{\n  \"Method\": \"GET\",\n  \"URL\": \"/admin/users\",\n  \"Status\": \"304\",\n  \"Response Time (ms)\": \"47.227\"\n}","timestamp":"2025-03-03T11:19:52.023Z"}
{"level":"info","message":"{\n  \"Method\": \"GET\",\n  \"URL\": \"/admin/users\",\n  \"Status\": \"304\",\n  \"Response Time (ms)\": \"110.677\"\n}","timestamp":"2025-03-03T11:19:54.899Z"}
{"level":"info","message":"{\n  \"Method\": \"GET\",\n  \"URL\": \"/admin/users\",\n  \"Status\": \"304\",\n  \"Response Time (ms)\": \"48.328\"\n}","timestamp":"2025-03-03T11:20:13.904Z"}
{"level":"info","message":"{\n  \"Method\": \"GET\",\n  \"URL\": \"/admin/users\",\n  \"Status\": \"304\",\n  \"Response Time (ms)\": \"87.757\"\n}","timestamp":"2025-03-03T11:20:15.275Z"}
{"level":"info","message":"{\n  \"Method\": \"GET\",\n  \"URL\": \"/admin/users\",\n  \"Status\": \"304\",\n  \"Response Time (ms)\": \"371.310\"\n}","timestamp":"2025-03-03T11:20:17.937Z"}
{"level":"info","message":"{\n  \"Method\": \"GET\",\n  \"URL\": \"/admin/users\",\n  \"Status\": \"304\",\n  \"Response Time (ms)\": \"237.070\"\n}","timestamp":"2025-03-03T11:21:27.063Z"}
{"level":"info","message":"{\n  \"Method\": \"GET\",\n  \"URL\": \"/admin/users\",\n  \"Status\": \"304\",\n  \"Response Time (ms)\": \"102.952\"\n}","timestamp":"2025-03-03T11:22:02.392Z"}
{"level":"info","message":"{\n  \"Method\": \"GET\",\n  \"URL\": \"/admin/users\",\n  \"Status\": \"304\",\n  \"Response Time (ms)\": \"62.384\"\n}","timestamp":"2025-03-03T11:22:05.422Z"}
{"level":"info","message":"{\n  \"Method\": \"GET\",\n  \"URL\": \"/admin/users\",\n  \"Status\": \"304\",\n  \"Response Time (ms)\": \"51.473\"\n}","timestamp":"2025-03-03T11:22:07.244Z"}
{"level":"info","message":"{\n  \"Method\": \"GET\",\n  \"URL\": \"/admin/users\",\n  \"Status\": \"304\",\n  \"Response Time (ms)\": \"260.631\"\n}","timestamp":"2025-03-03T11:22:13.966Z"}
{"level":"info","message":"{\n  \"Method\": \"GET\",\n  \"URL\": \"/admin/users\",\n  \"Status\": \"304\",\n  \"Response Time (ms)\": \"277.709\"\n}","timestamp":"2025-03-03T11:24:30.878Z"}
{"level":"info","message":"{\n  \"Method\": \"GET\",\n  \"URL\": \"/admin/users\",\n  \"Status\": \"304\",\n  \"Response Time (ms)\": \"50.336\"\n}","timestamp":"2025-03-03T11:24:31.840Z"}
{"level":"info","message":"{\n  \"Method\": \"GET\",\n  \"URL\": \"/admin/users\",\n  \"Status\": \"304\",\n  \"Response Time (ms)\": \"48.989\"\n}","timestamp":"2025-03-03T11:24:33.464Z"}
{"level":"info","message":"{\n  \"Method\": \"GET\",\n  \"URL\": \"/admin/users\",\n  \"Status\": \"304\",\n  \"Response Time (ms)\": \"266.651\"\n}","timestamp":"2025-03-03T11:26:32.737Z"}
{"level":"info","message":"{\n  \"Method\": \"GET\",\n  \"URL\": \"/admin/users\",\n  \"Status\": \"304\",\n  \"Response Time (ms)\": \"645.542\"\n}","timestamp":"2025-03-03T11:26:34.824Z"}
{"level":"info","message":"{\n  \"Method\": \"GET\",\n  \"URL\": \"/admin/users\",\n  \"Status\": \"304\",\n  \"Response Time (ms)\": \"169.912\"\n}","timestamp":"2025-03-03T11:26:50.468Z"}
{"level":"info","message":"{\n  \"Method\": \"GET\",\n  \"URL\": \"/admin/users\",\n  \"Status\": \"304\",\n  \"Response Time (ms)\": \"183.066\"\n}","timestamp":"2025-03-03T11:26:51.173Z"}
{"level":"info","message":"{\n  \"Method\": \"GET\",\n  \"URL\": \"/admin/users\",\n  \"Status\": \"304\",\n  \"Response Time (ms)\": \"912.068\"\n}","timestamp":"2025-03-03T11:26:53.934Z"}
{"level":"info","message":"{\n  \"Method\": \"GET\",\n  \"URL\": \"/admin/users\",\n  \"Status\": \"304\",\n  \"Response Time (ms)\": \"447.975\"\n}","timestamp":"2025-03-03T11:27:07.140Z"}
{"level":"info","message":"{\n  \"Method\": \"GET\",\n  \"URL\": \"/admin/users\",\n  \"Status\": \"304\",\n  \"Response Time (ms)\": \"63.193\"\n}","timestamp":"2025-03-03T11:31:05.285Z"}
{"level":"info","message":"{\n  \"Method\": \"GET\",\n  \"URL\": \"/admin/users\",\n  \"Status\": \"304\",\n  \"Response Time (ms)\": \"47.139\"\n}","timestamp":"2025-03-03T11:31:06.710Z"}
{"level":"info","message":"{\n  \"Method\": \"GET\",\n  \"URL\": \"/admin/users\",\n  \"Status\": \"304\",\n  \"Response Time (ms)\": \"55.056\"\n}","timestamp":"2025-03-03T11:31:08.217Z"}
{"level":"info","message":"{\n  \"Method\": \"GET\",\n  \"URL\": \"/admin/users\",\n  \"Status\": \"304\",\n  \"Response Time (ms)\": \"49.695\"\n}","timestamp":"2025-03-03T11:31:10.833Z"}
{"level":"info","message":"{\n  \"Method\": \"GET\",\n  \"URL\": \"/admin/providers\",\n  \"Status\": \"304\",\n  \"Response Time (ms)\": \"167.310\"\n}","timestamp":"2025-03-03T11:31:14.135Z"}
{"level":"info","message":"{\n  \"Method\": \"GET\",\n  \"URL\": \"/admin/users\",\n  \"Status\": \"304\",\n  \"Response Time (ms)\": \"47.200\"\n}","timestamp":"2025-03-03T11:31:14.597Z"}
{"level":"info","message":"{\n  \"Method\": \"GET\",\n  \"URL\": \"/admin/providers\",\n  \"Status\": \"304\",\n  \"Response Time (ms)\": \"716.919\"\n}","timestamp":"2025-03-03T11:31:14.853Z"}
{"level":"info","message":"{\n  \"Method\": \"GET\",\n  \"URL\": \"/admin/users\",\n  \"Status\": \"304\",\n  \"Response Time (ms)\": \"473.363\"\n}","timestamp":"2025-03-03T11:31:19.976Z"}
{"level":"info","message":"{\n  \"Method\": \"GET\",\n  \"URL\": \"/admin/users\",\n  \"Status\": \"304\",\n  \"Response Time (ms)\": \"77.584\"\n}","timestamp":"2025-03-03T11:31:36.297Z"}
{"level":"info","message":"{\n  \"Method\": \"GET\",\n  \"URL\": \"/admin/users\",\n  \"Status\": \"304\",\n  \"Response Time (ms)\": \"616.169\"\n}","timestamp":"2025-03-03T11:31:40.866Z"}
{"level":"info","message":"{\n  \"Method\": \"GET\",\n  \"URL\": \"/admin/users\",\n  \"Status\": \"304\",\n  \"Response Time (ms)\": \"362.282\"\n}","timestamp":"2025-03-03T11:31:41.581Z"}
{"level":"info","message":"{\n  \"Method\": \"GET\",\n  \"URL\": \"/admin/users\",\n  \"Status\": \"304\",\n  \"Response Time (ms)\": \"49.034\"\n}","timestamp":"2025-03-03T11:31:42.149Z"}
{"level":"info","message":"{\n  \"Method\": \"GET\",\n  \"URL\": \"/admin/users\",\n  \"Status\": \"304\",\n  \"Response Time (ms)\": \"47.691\"\n}","timestamp":"2025-03-03T11:31:43.564Z"}
{"level":"info","message":"{\n  \"Method\": \"GET\",\n  \"URL\": \"/admin/users\",\n  \"Status\": \"304\",\n  \"Response Time (ms)\": \"194.532\"\n}","timestamp":"2025-03-03T11:31:45.477Z"}
{"level":"info","message":"{\n  \"Method\": \"GET\",\n  \"URL\": \"/admin/users\",\n  \"Status\": \"304\",\n  \"Response Time (ms)\": \"266.477\"\n}","timestamp":"2025-03-03T11:32:00.121Z"}
{"level":"info","message":"{\n  \"Method\": \"GET\",\n  \"URL\": \"/admin/users\",\n  \"Status\": \"304\",\n  \"Response Time (ms)\": \"94.477\"\n}","timestamp":"2025-03-03T11:32:08.314Z"}
{"level":"info","message":"{\n  \"Method\": \"GET\",\n  \"URL\": \"/admin/users\",\n  \"Status\": \"304\",\n  \"Response Time (ms)\": \"104.545\"\n}","timestamp":"2025-03-03T11:32:11.319Z"}
{"level":"info","message":"{\n  \"Method\": \"GET\",\n  \"URL\": \"/admin/users\",\n  \"Status\": \"304\",\n  \"Response Time (ms)\": \"48.600\"\n}","timestamp":"2025-03-03T11:32:12.271Z"}
{"level":"info","message":"{\n  \"Method\": \"GET\",\n  \"URL\": \"/admin/users\",\n  \"Status\": \"304\",\n  \"Response Time (ms)\": \"269.577\"\n}","timestamp":"2025-03-03T11:32:15.483Z"}
{"level":"info","message":"{\n  \"Method\": \"GET\",\n  \"URL\": \"/admin/users\",\n  \"Status\": \"304\",\n  \"Response Time (ms)\": \"82.904\"\n}","timestamp":"2025-03-03T11:32:16.757Z"}
{"level":"info","message":"{\n  \"Method\": \"GET\",\n  \"URL\": \"/admin/users\",\n  \"Status\": \"304\",\n  \"Response Time (ms)\": \"345.604\"\n}","timestamp":"2025-03-03T11:32:18.287Z"}
{"level":"info","message":"{\n  \"Method\": \"GET\",\n  \"URL\": \"/admin/users\",\n  \"Status\": \"304\",\n  \"Response Time (ms)\": \"127.841\"\n}","timestamp":"2025-03-03T11:32:18.862Z"}
{"level":"info","message":"{\n  \"Method\": \"GET\",\n  \"URL\": \"/admin/users\",\n  \"Status\": \"304\",\n  \"Response Time (ms)\": \"58.764\"\n}","timestamp":"2025-03-03T11:32:19.405Z"}
{"level":"info","message":"{\n  \"Method\": \"GET\",\n  \"URL\": \"/admin/users\",\n  \"Status\": \"304\",\n  \"Response Time (ms)\": \"507.837\"\n}","timestamp":"2025-03-03T11:34:55.340Z"}
{"level":"info","message":"{\n  \"Method\": \"GET\",\n  \"URL\": \"/admin/users\",\n  \"Status\": \"304\",\n  \"Response Time (ms)\": \"867.027\"\n}","timestamp":"2025-03-03T11:34:57.681Z"}
{"level":"info","message":"{\n  \"Method\": \"GET\",\n  \"URL\": \"/admin/users\",\n  \"Status\": \"304\",\n  \"Response Time (ms)\": \"45.921\"\n}","timestamp":"2025-03-03T11:35:33.274Z"}
{"level":"info","message":"{\n  \"Method\": \"GET\",\n  \"URL\": \"/admin/users\",\n  \"Status\": \"304\",\n  \"Response Time (ms)\": \"45.726\"\n}","timestamp":"2025-03-03T11:35:34.267Z"}
{"level":"info","message":"{\n  \"Method\": \"GET\",\n  \"URL\": \"/admin/users\",\n  \"Status\": \"304\",\n  \"Response Time (ms)\": \"85.557\"\n}","timestamp":"2025-03-03T11:35:34.877Z"}
{"level":"info","message":"{\n  \"Method\": \"GET\",\n  \"URL\": \"/admin/users\",\n  \"Status\": \"304\",\n  \"Response Time (ms)\": \"72.343\"\n}","timestamp":"2025-03-03T11:35:36.484Z"}
{"level":"info","message":"{\n  \"Method\": \"GET\",\n  \"URL\": \"/admin/users\",\n  \"Status\": \"304\",\n  \"Response Time (ms)\": \"166.621\"\n}","timestamp":"2025-03-03T11:35:50.635Z"}
{"level":"info","message":"{\n  \"Method\": \"GET\",\n  \"URL\": \"/admin/users\",\n  \"Status\": \"304\",\n  \"Response Time (ms)\": \"113.678\"\n}","timestamp":"2025-03-03T11:35:58.423Z"}
{"level":"info","message":"{\n  \"Method\": \"GET\",\n  \"URL\": \"/admin/users\",\n  \"Status\": \"304\",\n  \"Response Time (ms)\": \"676.168\"\n}","timestamp":"2025-03-03T11:36:02.916Z"}
{"level":"info","message":"{\n  \"Method\": \"GET\",\n  \"URL\": \"/admin/users\",\n  \"Status\": \"304\",\n  \"Response Time (ms)\": \"633.478\"\n}","timestamp":"2025-03-03T11:36:13.881Z"}
{"level":"info","message":"{\n  \"Method\": \"GET\",\n  \"URL\": \"/admin/users\",\n  \"Status\": \"304\",\n  \"Response Time (ms)\": \"901.927\"\n}","timestamp":"2025-03-03T11:36:16.127Z"}
{"level":"info","message":"{\n  \"Method\": \"GET\",\n  \"URL\": \"/admin/providers\",\n  \"Status\": \"304\",\n  \"Response Time (ms)\": \"187.338\"\n}","timestamp":"2025-03-03T11:36:38.963Z"}
{"level":"info","message":"{\n  \"Method\": \"GET\",\n  \"URL\": \"/admin/providers\",\n  \"Status\": \"304\",\n  \"Response Time (ms)\": \"95.849\"\n}","timestamp":"2025-03-03T11:36:39.061Z"}
{"level":"info","message":"{\n  \"Method\": \"GET\",\n  \"URL\": \"/admin/users\",\n  \"Status\": \"304\",\n  \"Response Time (ms)\": \"161.735\"\n}","timestamp":"2025-03-03T11:36:39.511Z"}
{"level":"info","message":"{\n  \"Method\": \"GET\",\n  \"URL\": \"/admin/providers\",\n  \"Status\": \"304\",\n  \"Response Time (ms)\": \"237.319\"\n}","timestamp":"2025-03-03T11:36:40.553Z"}
{"level":"info","message":"{\n  \"Method\": \"GET\",\n  \"URL\": \"/admin/providers\",\n  \"Status\": \"304\",\n  \"Response Time (ms)\": \"174.742\"\n}","timestamp":"2025-03-03T11:36:40.730Z"}
{"level":"info","message":"{\n  \"Method\": \"GET\",\n  \"URL\": \"/admin/users\",\n  \"Status\": \"304\",\n  \"Response Time (ms)\": \"69.237\"\n}","timestamp":"2025-03-03T11:36:42.095Z"}
{"level":"info","message":"{\n  \"Method\": \"GET\",\n  \"URL\": \"/admin/providers\",\n  \"Status\": \"304\",\n  \"Response Time (ms)\": \"99.909\"\n}","timestamp":"2025-03-03T11:36:42.438Z"}
{"level":"info","message":"{\n  \"Method\": \"GET\",\n  \"URL\": \"/admin/providers\",\n  \"Status\": \"304\",\n  \"Response Time (ms)\": \"101.500\"\n}","timestamp":"2025-03-03T11:36:42.542Z"}
{"level":"info","message":"{\n  \"Method\": \"GET\",\n  \"URL\": \"/admin/users\",\n  \"Status\": \"304\",\n  \"Response Time (ms)\": \"518.530\"\n}","timestamp":"2025-03-03T11:36:45.413Z"}
{"level":"info","message":"{\n  \"Method\": \"GET\",\n  \"URL\": \"/admin/users\",\n  \"Status\": \"304\",\n  \"Response Time (ms)\": \"124.335\"\n}","timestamp":"2025-03-03T11:37:03.344Z"}
{"level":"info","message":"{\n  \"Method\": \"GET\",\n  \"URL\": \"/admin/users\",\n  \"Status\": \"304\",\n  \"Response Time (ms)\": \"1046.456\"\n}","timestamp":"2025-03-03T11:37:05.278Z"}
{"level":"info","message":"{\n  \"Method\": \"GET\",\n  \"URL\": \"/admin/users\",\n  \"Status\": \"304\",\n  \"Response Time (ms)\": \"198.725\"\n}","timestamp":"2025-03-03T11:37:07.432Z"}
{"level":"info","message":"{\n  \"Method\": \"GET\",\n  \"URL\": \"/admin/users\",\n  \"Status\": \"304\",\n  \"Response Time (ms)\": \"125.940\"\n}","timestamp":"2025-03-03T11:37:28.637Z"}
{"level":"info","message":"{\n  \"Method\": \"GET\",\n  \"URL\": \"/admin/users\",\n  \"Status\": \"304\",\n  \"Response Time (ms)\": \"94.903\"\n}","timestamp":"2025-03-03T11:38:39.301Z"}
{"level":"info","message":"{\n  \"Method\": \"GET\",\n  \"URL\": \"/admin/users\",\n  \"Status\": \"304\",\n  \"Response Time (ms)\": \"118.106\"\n}","timestamp":"2025-03-03T11:38:40.308Z"}
{"level":"info","message":"{\n  \"Method\": \"GET\",\n  \"URL\": \"/admin/users\",\n  \"Status\": \"304\",\n  \"Response Time (ms)\": \"168.696\"\n}","timestamp":"2025-03-03T11:38:41.645Z"}
{"level":"info","message":"{\n  \"Method\": \"GET\",\n  \"URL\": \"/admin/users\",\n  \"Status\": \"304\",\n  \"Response Time (ms)\": \"636.305\"\n}","timestamp":"2025-03-03T11:38:45.854Z"}
{"level":"info","message":"{\n  \"Method\": \"GET\",\n  \"URL\": \"/admin/users\",\n  \"Status\": \"304\",\n  \"Response Time (ms)\": \"763.230\"\n}","timestamp":"2025-03-03T11:38:49.035Z"}
{"level":"info","message":"{\n  \"Method\": \"GET\",\n  \"URL\": \"/admin/users\",\n  \"Status\": \"304\",\n  \"Response Time (ms)\": \"195.209\"\n}","timestamp":"2025-03-03T11:38:49.449Z"}
{"level":"info","message":"{\n  \"Method\": \"GET\",\n  \"URL\": \"/admin/users\",\n  \"Status\": \"304\",\n  \"Response Time (ms)\": \"743.502\"\n}","timestamp":"2025-03-03T11:38:59.968Z"}
{"level":"info","message":"{\n  \"Method\": \"GET\",\n  \"URL\": \"/admin/users\",\n  \"Status\": \"304\",\n  \"Response Time (ms)\": \"760.428\"\n}","timestamp":"2025-03-03T11:39:00.994Z"}
{"level":"info","message":"{\n  \"Method\": \"GET\",\n  \"URL\": \"/admin/users\",\n  \"Status\": \"304\",\n  \"Response Time (ms)\": \"630.149\"\n}","timestamp":"2025-03-03T11:39:03.869Z"}
{"level":"info","message":"{\n  \"Method\": \"GET\",\n  \"URL\": \"/admin/users\",\n  \"Status\": \"304\",\n  \"Response Time (ms)\": \"47.400\"\n}","timestamp":"2025-03-03T11:39:14.278Z"}
{"level":"info","message":"{\n  \"Method\": \"GET\",\n  \"URL\": \"/admin/users\",\n  \"Status\": \"304\",\n  \"Response Time (ms)\": \"134.359\"\n}","timestamp":"2025-03-03T11:39:16.356Z"}
{"level":"info","message":"{\n  \"Method\": \"GET\",\n  \"URL\": \"/admin/users\",\n  \"Status\": \"304\",\n  \"Response Time (ms)\": \"535.698\"\n}","timestamp":"2025-03-03T11:39:20.758Z"}
{"level":"info","message":"{\n  \"Method\": \"GET\",\n  \"URL\": \"/admin/users\",\n  \"Status\": \"304\",\n  \"Response Time (ms)\": \"81.923\"\n}","timestamp":"2025-03-03T11:39:23.304Z"}
{"level":"info","message":"{\n  \"Method\": \"GET\",\n  \"URL\": \"/admin/users\",\n  \"Status\": \"304\",\n  \"Response Time (ms)\": \"149.724\"\n}","timestamp":"2025-03-03T11:39:34.381Z"}
{"level":"info","message":"{\n  \"Method\": \"GET\",\n  \"URL\": \"/admin/users\",\n  \"Status\": \"304\",\n  \"Response Time (ms)\": \"178.637\"\n}","timestamp":"2025-03-03T11:39:35.414Z"}
{"level":"info","message":"{\n  \"Method\": \"GET\",\n  \"URL\": \"/admin/users\",\n  \"Status\": \"304\",\n  \"Response Time (ms)\": \"544.616\"\n}","timestamp":"2025-03-03T11:39:37.775Z"}
{"level":"info","message":"{\n  \"Method\": \"GET\",\n  \"URL\": \"/admin/users\",\n  \"Status\": \"304\",\n  \"Response Time (ms)\": \"149.298\"\n}","timestamp":"2025-03-03T11:39:38.374Z"}
{"level":"info","message":"{\n  \"Method\": \"GET\",\n  \"URL\": \"/admin/users\",\n  \"Status\": \"304\",\n  \"Response Time (ms)\": \"97.787\"\n}","timestamp":"2025-03-03T11:39:40.317Z"}
{"level":"info","message":"{\n  \"Method\": \"GET\",\n  \"URL\": \"/admin/users\",\n  \"Status\": \"304\",\n  \"Response Time (ms)\": \"130.960\"\n}","timestamp":"2025-03-03T11:39:41.353Z"}
{"level":"info","message":"{\n  \"Method\": \"GET\",\n  \"URL\": \"/admin/users\",\n  \"Status\": \"304\",\n  \"Response Time (ms)\": \"51.195\"\n}","timestamp":"2025-03-03T11:39:43.268Z"}
{"level":"info","message":"{\n  \"Method\": \"GET\",\n  \"URL\": \"/admin/users\",\n  \"Status\": \"304\",\n  \"Response Time (ms)\": \"621.984\"\n}","timestamp":"2025-03-03T11:39:44.846Z"}
{"level":"info","message":"{\n  \"Method\": \"GET\",\n  \"URL\": \"/admin/users\",\n  \"Status\": \"304\",\n  \"Response Time (ms)\": \"803.316\"\n}","timestamp":"2025-03-03T11:40:02.029Z"}
{"level":"info","message":"{\n  \"Method\": \"GET\",\n  \"URL\": \"/admin/users\",\n  \"Status\": \"304\",\n  \"Response Time (ms)\": \"728.871\"\n}","timestamp":"2025-03-03T11:40:02.948Z"}
{"level":"info","message":"{\n  \"Method\": \"GET\",\n  \"URL\": \"/admin/users\",\n  \"Status\": \"304\",\n  \"Response Time (ms)\": \"153.399\"\n}","timestamp":"2025-03-03T11:40:03.370Z"}
{"level":"info","message":"{\n  \"Method\": \"GET\",\n  \"URL\": \"/admin/users\",\n  \"Status\": \"304\",\n  \"Response Time (ms)\": \"784.273\"\n}","timestamp":"2025-03-03T11:40:05.005Z"}
{"level":"info","message":"{\n  \"Method\": \"GET\",\n  \"URL\": \"/admin/users\",\n  \"Status\": \"304\",\n  \"Response Time (ms)\": \"181.222\"\n}","timestamp":"2025-03-03T11:40:05.408Z"}
{"level":"info","message":"{\n  \"Method\": \"GET\",\n  \"URL\": \"/admin/users\",\n  \"Status\": \"304\",\n  \"Response Time (ms)\": \"51.453\"\n}","timestamp":"2025-03-03T11:40:06.270Z"}
{"level":"info","message":"{\n  \"Method\": \"GET\",\n  \"URL\": \"/admin/users\",\n  \"Status\": \"304\",\n  \"Response Time (ms)\": \"47.272\"\n}","timestamp":"2025-03-03T11:40:07.271Z"}
{"level":"info","message":"{\n  \"Method\": \"GET\",\n  \"URL\": \"/admin/users\",\n  \"Status\": \"304\",\n  \"Response Time (ms)\": \"769.677\"\n}","timestamp":"2025-03-03T11:40:08.994Z"}
{"level":"info","message":"{\n  \"Method\": \"GET\",\n  \"URL\": \"/admin/users\",\n  \"Status\": \"304\",\n  \"Response Time (ms)\": \"183.584\"\n}","timestamp":"2025-03-03T11:40:09.405Z"}
{"level":"info","message":"{\n  \"Method\": \"GET\",\n  \"URL\": \"/admin/users\",\n  \"Status\": \"304\",\n  \"Response Time (ms)\": \"122.367\"\n}","timestamp":"2025-03-03T11:40:11.350Z"}
{"level":"info","message":"{\n  \"Method\": \"GET\",\n  \"URL\": \"/admin/users\",\n  \"Status\": \"304\",\n  \"Response Time (ms)\": \"151.771\"\n}","timestamp":"2025-03-03T11:40:12.371Z"}
{"level":"info","message":"{\n  \"Method\": \"GET\",\n  \"URL\": \"/admin/users\",\n  \"Status\": \"304\",\n  \"Response Time (ms)\": \"705.799\"\n}","timestamp":"2025-03-03T11:40:13.931Z"}
{"level":"info","message":"{\n  \"Method\": \"GET\",\n  \"URL\": \"/admin/users\",\n  \"Status\": \"304\",\n  \"Response Time (ms)\": \"212.262\"\n}","timestamp":"2025-03-03T11:40:14.431Z"}
{"level":"info","message":"{\n  \"Method\": \"GET\",\n  \"URL\": \"/admin/users\",\n  \"Status\": \"304\",\n  \"Response Time (ms)\": \"1034.990\"\n}","timestamp":"2025-03-03T11:40:16.267Z"}
{"level":"info","message":"{\n  \"Method\": \"GET\",\n  \"URL\": \"/admin/users\",\n  \"Status\": \"304\",\n  \"Response Time (ms)\": \"176.324\"\n}","timestamp":"2025-03-03T11:40:17.402Z"}
{"level":"info","message":"{\n  \"Method\": \"GET\",\n  \"URL\": \"/admin/users\",\n  \"Status\": \"304\",\n  \"Response Time (ms)\": \"187.261\"\n}","timestamp":"2025-03-03T11:40:18.412Z"}
{"level":"info","message":"{\n  \"Method\": \"GET\",\n  \"URL\": \"/admin/users\",\n  \"Status\": \"304\",\n  \"Response Time (ms)\": \"745.823\"\n}","timestamp":"2025-03-03T11:40:19.968Z"}
{"level":"info","message":"{\n  \"Method\": \"GET\",\n  \"URL\": \"/admin/users\",\n  \"Status\": \"304\",\n  \"Response Time (ms)\": \"57.523\"\n}","timestamp":"2025-03-03T11:40:21.339Z"}
{"level":"info","message":"{\n  \"Method\": \"GET\",\n  \"URL\": \"/admin/users\",\n  \"Status\": \"304\",\n  \"Response Time (ms)\": \"71.304\"\n}","timestamp":"2025-03-03T11:40:22.302Z"}
{"level":"info","message":"{\n  \"Method\": \"GET\",\n  \"URL\": \"/admin/users\",\n  \"Status\": \"304\",\n  \"Response Time (ms)\": \"638.947\"\n}","timestamp":"2025-03-03T11:40:24.861Z"}
{"level":"info","message":"{\n  \"Method\": \"GET\",\n  \"URL\": \"/admin/users\",\n  \"Status\": \"304\",\n  \"Response Time (ms)\": \"684.387\"\n}","timestamp":"2025-03-03T11:40:26.912Z"}
{"level":"info","message":"{\n  \"Method\": \"GET\",\n  \"URL\": \"/admin/users\",\n  \"Status\": \"304\",\n  \"Response Time (ms)\": \"758.645\"\n}","timestamp":"2025-03-03T11:40:29.984Z"}
{"level":"info","message":"{\n  \"Method\": \"GET\",\n  \"URL\": \"/admin/users\",\n  \"Status\": \"304\",\n  \"Response Time (ms)\": \"170.873\"\n}","timestamp":"2025-03-03T11:40:30.393Z"}
{"level":"info","message":"{\n  \"Method\": \"GET\",\n  \"URL\": \"/admin/users\",\n  \"Status\": \"304\",\n  \"Response Time (ms)\": \"768.417\"\n}","timestamp":"2025-03-03T11:40:38.993Z"}
{"level":"info","message":"{\n  \"Method\": \"GET\",\n  \"URL\": \"/admin/users\",\n  \"Status\": \"304\",\n  \"Response Time (ms)\": \"181.048\"\n}","timestamp":"2025-03-03T11:40:39.408Z"}
{"level":"info","message":"{\n  \"Method\": \"GET\",\n  \"URL\": \"/admin/users\",\n  \"Status\": \"304\",\n  \"Response Time (ms)\": \"108.648\"\n}","timestamp":"2025-03-03T11:40:40.326Z"}
{"level":"info","message":"{\n  \"Method\": \"GET\",\n  \"URL\": \"/admin/users\",\n  \"Status\": \"304\",\n  \"Response Time (ms)\": \"813.021\"\n}","timestamp":"2025-03-03T11:41:50.470Z"}
{"level":"info","message":"{\n  \"Method\": \"GET\",\n  \"URL\": \"/admin/users\",\n  \"Status\": \"304\",\n  \"Response Time (ms)\": \"736.432\"\n}","timestamp":"2025-03-03T11:44:12.614Z"}
{"level":"info","message":"{\n  \"Method\": \"GET\",\n  \"URL\": \"/admin/users\",\n  \"Status\": \"304\",\n  \"Response Time (ms)\": \"196.783\"\n}","timestamp":"2025-03-03T11:46:40.480Z"}
{"level":"info","message":"{\n  \"Method\": \"GET\",\n  \"URL\": \"/admin/users\",\n  \"Status\": \"304\",\n  \"Response Time (ms)\": \"117.797\"\n}","timestamp":"2025-03-03T11:46:41.814Z"}
{"level":"info","message":"{\n  \"Method\": \"GET\",\n  \"URL\": \"/admin/providers\",\n  \"Status\": \"304\",\n  \"Response Time (ms)\": \"52.041\"\n}","timestamp":"2025-03-03T11:46:43.013Z"}
{"level":"info","message":"{\n  \"Method\": \"GET\",\n  \"URL\": \"/admin/providers\",\n  \"Status\": \"304\",\n  \"Response Time (ms)\": \"91.708\"\n}","timestamp":"2025-03-03T11:46:44.922Z"}
{"level":"info","message":"{\n  \"Method\": \"GET\",\n  \"URL\": \"/admin/providers\",\n  \"Status\": \"304\",\n  \"Response Time (ms)\": \"89.290\"\n}","timestamp":"2025-03-03T11:46:52.965Z"}
{"level":"info","message":"{\n  \"Method\": \"OPTIONS\",\n  \"URL\": \"/admin/updateUser\",\n  \"Status\": \"204\",\n  \"Response Time (ms)\": \"0.145\"\n}","timestamp":"2025-03-03T11:46:54.291Z"}
{"level":"info","message":"{\n  \"Method\": \"PUT\",\n  \"URL\": \"/admin/updateUser\",\n  \"Status\": \"200\",\n  \"Response Time (ms)\": \"183.936\"\n}","timestamp":"2025-03-03T11:46:54.477Z"}
{"level":"info","message":"{\n  \"Method\": \"GET\",\n  \"URL\": \"/admin/providers\",\n  \"Status\": \"200\",\n  \"Response Time (ms)\": \"48.347\"\n}","timestamp":"2025-03-03T11:46:56.013Z"}
{"level":"info","message":"{\n  \"Method\": \"PUT\",\n  \"URL\": \"/admin/updateUser\",\n  \"Status\": \"200\",\n  \"Response Time (ms)\": \"101.605\"\n}","timestamp":"2025-03-03T11:46:57.020Z"}
{"level":"info","message":"{\n  \"Method\": \"GET\",\n  \"URL\": \"/admin/providers\",\n  \"Status\": \"200\",\n  \"Response Time (ms)\": \"49.677\"\n}","timestamp":"2025-03-03T11:46:57.880Z"}
{"level":"info","message":"{\n  \"Method\": \"GET\",\n  \"URL\": \"/admin/providers\",\n  \"Status\": \"304\",\n  \"Response Time (ms)\": \"191.256\"\n}","timestamp":"2025-03-03T11:47:20.412Z"}
{"level":"info","message":"{\n  \"Method\": \"GET\",\n  \"URL\": \"/admin/providers\",\n  \"Status\": \"304\",\n  \"Response Time (ms)\": \"107.783\"\n}","timestamp":"2025-03-03T11:47:21.333Z"}
{"level":"info","message":"{\n  \"Method\": \"GET\",\n  \"URL\": \"/admin/providers\",\n  \"Status\": \"304\",\n  \"Response Time (ms)\": \"49.615\"\n}","timestamp":"2025-03-03T11:47:23.264Z"}
{"level":"info","message":"{\n  \"Method\": \"GET\",\n  \"URL\": \"/admin/providers\",\n  \"Status\": \"304\",\n  \"Response Time (ms)\": \"88.403\"\n}","timestamp":"2025-03-03T11:47:24.304Z"}
{"level":"info","message":"{\n  \"Method\": \"GET\",\n  \"URL\": \"/admin/providers\",\n  \"Status\": \"304\",\n  \"Response Time (ms)\": \"101.355\"\n}","timestamp":"2025-03-03T11:47:24.714Z"}
{"level":"info","message":"{\n  \"Method\": \"GET\",\n  \"URL\": \"/admin/providers\",\n  \"Status\": \"304\",\n  \"Response Time (ms)\": \"118.662\"\n}","timestamp":"2025-03-03T11:47:26.129Z"}
{"level":"info","message":"{\n  \"Method\": \"OPTIONS\",\n  \"URL\": \"/admin/updateUser\",\n  \"Status\": \"204\",\n  \"Response Time (ms)\": \"0.129\"\n}","timestamp":"2025-03-03T11:47:26.945Z"}
{"level":"info","message":"{\n  \"Method\": \"PUT\",\n  \"URL\": \"/admin/updateUser\",\n  \"Status\": \"200\",\n  \"Response Time (ms)\": \"101.454\"\n}","timestamp":"2025-03-03T11:47:27.049Z"}
{"level":"info","message":"{\n  \"Method\": \"GET\",\n  \"URL\": \"/admin/providers\",\n  \"Status\": \"200\",\n  \"Response Time (ms)\": \"155.913\"\n}","timestamp":"2025-03-03T11:47:28.303Z"}
{"level":"info","message":"{\n  \"Method\": \"GET\",\n  \"URL\": \"/admin/providers\",\n  \"Status\": \"304\",\n  \"Response Time (ms)\": \"111.574\"\n}","timestamp":"2025-03-03T11:47:32.331Z"}
{"level":"info","message":"{\n  \"Method\": \"GET\",\n  \"URL\": \"/admin/providers\",\n  \"Status\": \"304\",\n  \"Response Time (ms)\": \"191.991\"\n}","timestamp":"2025-03-03T11:47:33.420Z"}
{"level":"info","message":"{\n  \"Method\": \"GET\",\n  \"URL\": \"/admin/providers\",\n  \"Status\": \"304\",\n  \"Response Time (ms)\": \"129.436\"\n}","timestamp":"2025-03-03T11:47:34.343Z"}
{"level":"info","message":"{\n  \"Method\": \"GET\",\n  \"URL\": \"/admin/providers\",\n  \"Status\": \"304\",\n  \"Response Time (ms)\": \"136.470\"\n}","timestamp":"2025-03-03T11:47:35.363Z"}
{"level":"info","message":"{\n  \"Method\": \"GET\",\n  \"URL\": \"/admin/providers\",\n  \"Status\": \"304\",\n  \"Response Time (ms)\": \"68.475\"\n}","timestamp":"2025-03-03T11:47:36.284Z"}
{"level":"info","message":"{\n  \"Method\": \"GET\",\n  \"URL\": \"/admin/providers\",\n  \"Status\": \"304\",\n  \"Response Time (ms)\": \"44.852\"\n}","timestamp":"2025-03-03T11:47:37.262Z"}
{"level":"info","message":"{\n  \"Method\": \"GET\",\n  \"URL\": \"/admin/providers\",\n  \"Status\": \"304\",\n  \"Response Time (ms)\": \"128.202\"\n}","timestamp":"2025-03-03T11:47:38.336Z"}
{"level":"info","message":"{\n  \"Method\": \"GET\",\n  \"URL\": \"/admin/providers\",\n  \"Status\": \"304\",\n  \"Response Time (ms)\": \"49.710\"\n}","timestamp":"2025-03-03T11:47:40.256Z"}
{"level":"info","message":"{\n  \"Method\": \"GET\",\n  \"URL\": \"/admin/providers\",\n  \"Status\": \"304\",\n  \"Response Time (ms)\": \"85.936\"\n}","timestamp":"2025-03-03T11:47:41.304Z"}
{"level":"info","message":"{\n  \"Method\": \"GET\",\n  \"URL\": \"/admin/providers\",\n  \"Status\": \"304\",\n  \"Response Time (ms)\": \"64.230\"\n}","timestamp":"2025-03-03T11:47:45.274Z"}
{"level":"info","message":"{\n  \"Method\": \"GET\",\n  \"URL\": \"/admin/providers\",\n  \"Status\": \"304\",\n  \"Response Time (ms)\": \"153.403\"\n}","timestamp":"2025-03-03T11:47:47.377Z"}
{"level":"info","message":"{\n  \"Method\": \"GET\",\n  \"URL\": \"/admin/providers\",\n  \"Status\": \"304\",\n  \"Response Time (ms)\": \"53.349\"\n}","timestamp":"2025-03-03T11:47:56.263Z"}
{"level":"info","message":"{\n  \"Method\": \"GET\",\n  \"URL\": \"/admin/providers\",\n  \"Status\": \"304\",\n  \"Response Time (ms)\": \"150.804\"\n}","timestamp":"2025-03-03T11:47:57.384Z"}
{"level":"info","message":"{\n  \"Method\": \"GET\",\n  \"URL\": \"/admin/users\",\n  \"Status\": \"304\",\n  \"Response Time (ms)\": \"54.265\"\n}","timestamp":"2025-03-03T11:48:02.177Z"}
{"level":"info","message":"{\n  \"Method\": \"GET\",\n  \"URL\": \"/admin/providers\",\n  \"Status\": \"304\",\n  \"Response Time (ms)\": \"75.624\"\n}","timestamp":"2025-03-03T11:48:04.377Z"}
{"level":"info","message":"{\n  \"Method\": \"OPTIONS\",\n  \"URL\": \"/admin/updateUser\",\n  \"Status\": \"204\",\n  \"Response Time (ms)\": \"0.177\"\n}","timestamp":"2025-03-03T11:48:05.753Z"}
{"level":"info","message":"{\n  \"Method\": \"PUT\",\n  \"URL\": \"/admin/updateUser\",\n  \"Status\": \"200\",\n  \"Response Time (ms)\": \"112.942\"\n}","timestamp":"2025-03-03T11:48:05.868Z"}
{"level":"info","message":"{\n  \"Method\": \"GET\",\n  \"URL\": \"/admin/providers\",\n  \"Status\": \"200\",\n  \"Response Time (ms)\": \"54.391\"\n}","timestamp":"2025-03-03T11:48:06.755Z"}
{"level":"info","message":"{\n  \"Method\": \"GET\",\n  \"URL\": \"/admin/providers\",\n  \"Status\": \"304\",\n  \"Response Time (ms)\": \"205.484\"\n}","timestamp":"2025-03-03T11:48:16.431Z"}
{"level":"info","message":"{\n  \"Method\": \"GET\",\n  \"URL\": \"/admin/providers\",\n  \"Status\": \"304\",\n  \"Response Time (ms)\": \"114.936\"\n}","timestamp":"2025-03-03T11:48:22.332Z"}
{"level":"info","message":"{\n  \"Method\": \"GET\",\n  \"URL\": \"/admin/providers\",\n  \"Status\": \"304\",\n  \"Response Time (ms)\": \"177.375\"\n}","timestamp":"2025-03-03T11:48:23.392Z"}
{"level":"info","message":"{\n  \"Method\": \"GET\",\n  \"URL\": \"/admin/providers\",\n  \"Status\": \"304\",\n  \"Response Time (ms)\": \"54.827\"\n}","timestamp":"2025-03-03T11:48:29.273Z"}
{"level":"info","message":"{\n  \"Method\": \"GET\",\n  \"URL\": \"/admin/providers\",\n  \"Status\": \"304\",\n  \"Response Time (ms)\": \"121.338\"\n}","timestamp":"2025-03-03T11:48:33.329Z"}
{"level":"info","message":"{\n  \"Method\": \"GET\",\n  \"URL\": \"/admin/providers\",\n  \"Status\": \"304\",\n  \"Response Time (ms)\": \"52.911\"\n}","timestamp":"2025-03-03T11:48:35.271Z"}
{"level":"info","message":"{\n  \"Method\": \"GET\",\n  \"URL\": \"/admin/providers\",\n  \"Status\": \"304\",\n  \"Response Time (ms)\": \"176.353\"\n}","timestamp":"2025-03-03T11:48:41.517Z"}
{"level":"info","message":"{\n  \"Method\": \"GET\",\n  \"URL\": \"/admin/providers\",\n  \"Status\": \"304\",\n  \"Response Time (ms)\": \"72.106\"\n}","timestamp":"2025-03-03T11:49:00.298Z"}
{"level":"info","message":"{\n  \"Method\": \"GET\",\n  \"URL\": \"/admin/providers\",\n  \"Status\": \"304\",\n  \"Response Time (ms)\": \"54.891\"\n}","timestamp":"2025-03-03T11:49:01.290Z"}
{"level":"info","message":"{\n  \"Method\": \"GET\",\n  \"URL\": \"/admin/providers\",\n  \"Status\": \"304\",\n  \"Response Time (ms)\": \"155.151\"\n}","timestamp":"2025-03-03T11:49:09.372Z"}
{"level":"info","message":"{\n  \"Method\": \"GET\",\n  \"URL\": \"/admin/providers\",\n  \"Status\": \"304\",\n  \"Response Time (ms)\": \"179.014\"\n}","timestamp":"2025-03-03T11:49:10.400Z"}
{"level":"info","message":"{\n  \"Method\": \"GET\",\n  \"URL\": \"/admin/providers\",\n  \"Status\": \"304\",\n  \"Response Time (ms)\": \"54.305\"\n}","timestamp":"2025-03-03T11:49:13.436Z"}
{"level":"info","message":"{\n  \"Method\": \"OPTIONS\",\n  \"URL\": \"/admin/updateUser\",\n  \"Status\": \"204\",\n  \"Response Time (ms)\": \"0.215\"\n}","timestamp":"2025-03-03T11:49:14.551Z"}
{"level":"info","message":"{\n  \"Method\": \"PUT\",\n  \"URL\": \"/admin/updateUser\",\n  \"Status\": \"200\",\n  \"Response Time (ms)\": \"247.132\"\n}","timestamp":"2025-03-03T11:49:14.800Z"}
{"level":"info","message":"{\n  \"Method\": \"GET\",\n  \"URL\": \"/admin/providers\",\n  \"Status\": \"200\",\n  \"Response Time (ms)\": \"96.936\"\n}","timestamp":"2025-03-03T11:49:14.902Z"}
{"level":"info","message":"{\n  \"Method\": \"PUT\",\n  \"URL\": \"/admin/updateUser\",\n  \"Status\": \"200\",\n  \"Response Time (ms)\": \"230.127\"\n}","timestamp":"2025-03-03T11:49:16.027Z"}
{"level":"info","message":"{\n  \"Method\": \"GET\",\n  \"URL\": \"/admin/providers\",\n  \"Status\": \"200\",\n  \"Response Time (ms)\": \"95.717\"\n}","timestamp":"2025-03-03T11:49:16.129Z"}
{"level":"info","message":"{\n  \"Method\": \"PUT\",\n  \"URL\": \"/admin/updateUser\",\n  \"Status\": \"200\",\n  \"Response Time (ms)\": \"281.174\"\n}","timestamp":"2025-03-03T11:49:17.161Z"}
{"level":"info","message":"{\n  \"Method\": \"GET\",\n  \"URL\": \"/admin/providers\",\n  \"Status\": \"200\",\n  \"Response Time (ms)\": \"49.122\"\n}","timestamp":"2025-03-03T11:49:17.214Z"}
{"level":"info","message":"{\n  \"Method\": \"PUT\",\n  \"URL\": \"/admin/updateUser\",\n  \"Status\": \"200\",\n  \"Response Time (ms)\": \"859.817\"\n}","timestamp":"2025-03-03T11:49:18.801Z"}
{"level":"info","message":"{\n  \"Method\": \"GET\",\n  \"URL\": \"/admin/providers\",\n  \"Status\": \"200\",\n  \"Response Time (ms)\": \"48.543\"\n}","timestamp":"2025-03-03T11:49:18.853Z"}
{"level":"info","message":"{\n  \"Method\": \"GET\",\n  \"URL\": \"/admin/providers\",\n  \"Status\": \"304\",\n  \"Response Time (ms)\": \"120.826\"\n}","timestamp":"2025-03-03T11:52:40.338Z"}
{"level":"info","message":"{\n  \"Method\": \"GET\",\n  \"URL\": \"/admin/providers\",\n  \"Status\": \"304\",\n  \"Response Time (ms)\": \"47.581\"\n}","timestamp":"2025-03-03T11:52:44.266Z"}
{"level":"info","message":"{\n  \"Method\": \"GET\",\n  \"URL\": \"/admin/providers\",\n  \"Status\": \"304\",\n  \"Response Time (ms)\": \"47.944\"\n}","timestamp":"2025-03-03T11:52:45.255Z"}
{"level":"info","message":"{\n  \"Method\": \"GET\",\n  \"URL\": \"/admin/providers\",\n  \"Status\": \"304\",\n  \"Response Time (ms)\": \"189.898\"\n}","timestamp":"2025-03-03T11:52:48.412Z"}
{"level":"info","message":"{\n  \"Method\": \"GET\",\n  \"URL\": \"/admin/providers\",\n  \"Status\": \"304\",\n  \"Response Time (ms)\": \"49.299\"\n}","timestamp":"2025-03-03T11:52:54.261Z"}
{"level":"info","message":"{\n  \"Method\": \"GET\",\n  \"URL\": \"/admin/providers\",\n  \"Status\": \"304\",\n  \"Response Time (ms)\": \"378.728\"\n}","timestamp":"2025-03-03T11:52:55.588Z"}
{"level":"info","message":"{\n  \"Method\": \"GET\",\n  \"URL\": \"/admin/providers\",\n  \"Status\": \"304\",\n  \"Response Time (ms)\": \"101.296\"\n}","timestamp":"2025-03-03T11:52:56.312Z"}
{"level":"info","message":"{\n  \"Method\": \"GET\",\n  \"URL\": \"/admin/providers\",\n  \"Status\": \"304\",\n  \"Response Time (ms)\": \"47.941\"\n}","timestamp":"2025-03-03T11:52:57.936Z"}
{"level":"info","message":"{\n  \"Method\": \"GET\",\n  \"URL\": \"/admin/providers\",\n  \"Status\": \"304\",\n  \"Response Time (ms)\": \"45.223\"\n}","timestamp":"2025-03-03T11:52:58.878Z"}
{"level":"info","message":"{\n  \"Method\": \"OPTIONS\",\n  \"URL\": \"/admin/updateUser\",\n  \"Status\": \"204\",\n  \"Response Time (ms)\": \"0.150\"\n}","timestamp":"2025-03-03T11:52:59.746Z"}
{"level":"info","message":"{\n  \"Method\": \"PUT\",\n  \"URL\": \"/admin/updateUser\",\n  \"Status\": \"200\",\n  \"Response Time (ms)\": \"234.936\"\n}","timestamp":"2025-03-03T11:52:59.984Z"}
{"level":"info","message":"{\n  \"Method\": \"GET\",\n  \"URL\": \"/admin/providers\",\n  \"Status\": \"200\",\n  \"Response Time (ms)\": \"104.759\"\n}","timestamp":"2025-03-03T11:53:00.093Z"}
{"level":"info","message":"{\n  \"Method\": \"PUT\",\n  \"URL\": \"/admin/updateUser\",\n  \"Status\": \"200\",\n  \"Response Time (ms)\": \"243.330\"\n}","timestamp":"2025-03-03T11:53:01.217Z"}
{"level":"info","message":"{\n  \"Method\": \"GET\",\n  \"URL\": \"/admin/providers\",\n  \"Status\": \"200\",\n  \"Response Time (ms)\": \"92.205\"\n}","timestamp":"2025-03-03T11:53:01.315Z"}
{"level":"info","message":"{\n  \"Method\": \"GET\",\n  \"URL\": \"/admin/providers\",\n  \"Status\": \"304\",\n  \"Response Time (ms)\": \"43.823\"\n}","timestamp":"2025-03-03T11:53:15.637Z"}
{"level":"info","message":"{\n  \"Method\": \"OPTIONS\",\n  \"URL\": \"/admin/updateUser\",\n  \"Status\": \"204\",\n  \"Response Time (ms)\": \"0.134\"\n}","timestamp":"2025-03-03T11:53:16.641Z"}
{"level":"info","message":"{\n  \"Method\": \"PUT\",\n  \"URL\": \"/admin/updateUser\",\n  \"Status\": \"200\",\n  \"Response Time (ms)\": \"160.513\"\n}","timestamp":"2025-03-03T11:53:16.803Z"}
{"level":"info","message":"{\n  \"Method\": \"GET\",\n  \"URL\": \"/admin/providers\",\n  \"Status\": \"200\",\n  \"Response Time (ms)\": \"53.173\"\n}","timestamp":"2025-03-03T11:53:16.861Z"}
{"level":"info","message":"{\n  \"Method\": \"PUT\",\n  \"URL\": \"/admin/updateUser\",\n  \"Status\": \"200\",\n  \"Response Time (ms)\": \"245.440\"\n}","timestamp":"2025-03-03T11:53:18.826Z"}
{"level":"info","message":"{\n  \"Method\": \"GET\",\n  \"URL\": \"/admin/providers\",\n  \"Status\": \"200\",\n  \"Response Time (ms)\": \"47.266\"\n}","timestamp":"2025-03-03T11:53:18.878Z"}
{"level":"info","message":"{\n  \"Method\": \"GET\",\n  \"URL\": \"/admin/providers\",\n  \"Status\": \"304\",\n  \"Response Time (ms)\": \"71.919\"\n}","timestamp":"2025-03-03T11:53:30.721Z"}
{"level":"info","message":"{\n  \"Method\": \"GET\",\n  \"URL\": \"/admin/providers\",\n  \"Status\": \"304\",\n  \"Response Time (ms)\": \"183.417\"\n}","timestamp":"2025-03-03T11:53:47.407Z"}
{"level":"info","message":"{\n  \"Method\": \"GET\",\n  \"URL\": \"/admin/providers\",\n  \"Status\": \"304\",\n  \"Response Time (ms)\": \"57.513\"\n}","timestamp":"2025-03-03T11:54:56.322Z"}
{"level":"info","message":"{\n  \"Method\": \"GET\",\n  \"URL\": \"/admin/providers\",\n  \"Status\": \"304\",\n  \"Response Time (ms)\": \"145.594\"\n}","timestamp":"2025-03-03T11:54:58.363Z"}
{"level":"info","message":"{\n  \"Method\": \"GET\",\n  \"URL\": \"/admin/providers\",\n  \"Status\": \"304\",\n  \"Response Time (ms)\": \"180.026\"\n}","timestamp":"2025-03-03T11:54:59.590Z"}
{"level":"info","message":"{\n  \"Method\": \"GET\",\n  \"URL\": \"/admin/providers\",\n  \"Status\": \"304\",\n  \"Response Time (ms)\": \"107.370\"\n}","timestamp":"2025-03-03T11:55:00.719Z"}
{"level":"info","message":"{\n  \"Method\": \"OPTIONS\",\n  \"URL\": \"/admin/updateUser\",\n  \"Status\": \"204\",\n  \"Response Time (ms)\": \"0.145\"\n}","timestamp":"2025-03-03T11:55:04.270Z"}
{"level":"info","message":"{\n  \"Method\": \"PUT\",\n  \"URL\": \"/admin/updateUser\",\n  \"Status\": \"200\",\n  \"Response Time (ms)\": \"96.797\"\n}","timestamp":"2025-03-03T11:55:04.368Z"}
{"level":"info","message":"{\n  \"Method\": \"GET\",\n  \"URL\": \"/admin/providers\",\n  \"Status\": \"200\",\n  \"Response Time (ms)\": \"45.233\"\n}","timestamp":"2025-03-03T11:55:04.421Z"}
{"level":"info","message":"{\n  \"Method\": \"PUT\",\n  \"URL\": \"/admin/updateUser\",\n  \"Status\": \"200\",\n  \"Response Time (ms)\": \"924.818\"\n}","timestamp":"2025-03-03T11:55:07.691Z"}
{"level":"info","message":"{\n  \"Method\": \"GET\",\n  \"URL\": \"/admin/providers\",\n  \"Status\": \"200\",\n  \"Response Time (ms)\": \"94.325\"\n}","timestamp":"2025-03-03T11:55:07.789Z"}
{"level":"info","message":"{\n  \"Method\": \"GET\",\n  \"URL\": \"/admin/providers\",\n  \"Status\": \"304\",\n  \"Response Time (ms)\": \"72.109\"\n}","timestamp":"2025-03-03T11:55:33.287Z"}
{"level":"info","message":"{\n  \"Method\": \"GET\",\n  \"URL\": \"/admin/providers\",\n  \"Status\": \"304\",\n  \"Response Time (ms)\": \"58.426\"\n}","timestamp":"2025-03-03T11:55:35.270Z"}
{"level":"info","message":"{\n  \"Method\": \"GET\",\n  \"URL\": \"/admin/providers\",\n  \"Status\": \"304\",\n  \"Response Time (ms)\": \"101.900\"\n}","timestamp":"2025-03-03T11:55:43.317Z"}
{"level":"info","message":"{\n  \"Method\": \"GET\",\n  \"URL\": \"/admin/providers\",\n  \"Status\": \"304\",\n  \"Response Time (ms)\": \"490.143\"\n}","timestamp":"2025-03-03T11:56:18.850Z"}
{"level":"info","message":"{\n  \"Method\": \"GET\",\n  \"URL\": \"/admin/users\",\n  \"Status\": \"304\",\n  \"Response Time (ms)\": \"43.437\"\n}","timestamp":"2025-03-03T11:56:20.371Z"}
{"level":"info","message":"{\n  \"Method\": \"GET\",\n  \"URL\": \"/admin/users\",\n  \"Status\": \"304\",\n  \"Response Time (ms)\": \"146.781\"\n}","timestamp":"2025-03-03T11:56:44.356Z"}
{"level":"info","message":"{\n  \"Method\": \"GET\",\n  \"URL\": \"/admin/users\",\n  \"Status\": \"304\",\n  \"Response Time (ms)\": \"144.689\"\n}","timestamp":"2025-03-03T11:57:05.363Z"}
{"level":"info","message":"{\n  \"Method\": \"GET\",\n  \"URL\": \"/admin/users\",\n  \"Status\": \"304\",\n  \"Response Time (ms)\": \"85.683\"\n}","timestamp":"2025-03-03T11:57:08.306Z"}
{"level":"info","message":"{\n  \"Method\": \"GET\",\n  \"URL\": \"/admin/users\",\n  \"Status\": \"304\",\n  \"Response Time (ms)\": \"136.289\"\n}","timestamp":"2025-03-03T11:57:12.344Z"}
{"level":"info","message":"{\n  \"Method\": \"GET\",\n  \"URL\": \"/admin/users\",\n  \"Status\": \"304\",\n  \"Response Time (ms)\": \"45.873\"\n}","timestamp":"2025-03-03T11:57:14.261Z"}
{"level":"info","message":"{\n  \"Method\": \"GET\",\n  \"URL\": \"/admin/users\",\n  \"Status\": \"304\",\n  \"Response Time (ms)\": \"318.735\"\n}","timestamp":"2025-03-03T11:57:16.531Z"}
{"level":"info","message":"{\n  \"Method\": \"GET\",\n  \"URL\": \"/admin/users\",\n  \"Status\": \"304\",\n  \"Response Time (ms)\": \"46.049\"\n}","timestamp":"2025-03-03T11:57:18.251Z"}
{"level":"info","message":"{\n  \"Method\": \"GET\",\n  \"URL\": \"/admin/users\",\n  \"Status\": \"304\",\n  \"Response Time (ms)\": \"140.764\"\n}","timestamp":"2025-03-03T11:57:52.353Z"}
{"level":"info","message":"{\n  \"Method\": \"GET\",\n  \"URL\": \"/admin/users\",\n  \"Status\": \"304\",\n  \"Response Time (ms)\": \"85.166\"\n}","timestamp":"2025-03-03T11:58:16.292Z"}
{"level":"info","message":"{\n  \"Method\": \"GET\",\n  \"URL\": \"/admin/users\",\n  \"Status\": \"304\",\n  \"Response Time (ms)\": \"48.253\"\n}","timestamp":"2025-03-03T11:58:17.251Z"}
{"level":"info","message":"{\n  \"Method\": \"GET\",\n  \"URL\": \"/admin/users\",\n  \"Status\": \"304\",\n  \"Response Time (ms)\": \"41.102\"\n}","timestamp":"2025-03-03T11:58:28.000Z"}
{"level":"info","message":"{\n  \"Method\": \"OPTIONS\",\n  \"URL\": \"/admin/updateUser\",\n  \"Status\": \"204\",\n  \"Response Time (ms)\": \"0.141\"\n}","timestamp":"2025-03-03T11:58:29.883Z"}
{"level":"info","message":"{\n  \"Method\": \"PUT\",\n  \"URL\": \"/admin/updateUser\",\n  \"Status\": \"200\",\n  \"Response Time (ms)\": \"125.082\"\n}","timestamp":"2025-03-03T11:58:30.009Z"}
{"level":"info","message":"{\n  \"Method\": \"GET\",\n  \"URL\": \"/admin/users\",\n  \"Status\": \"200\",\n  \"Response Time (ms)\": \"41.517\"\n}","timestamp":"2025-03-03T11:58:30.054Z"}
{"level":"info","message":"{\n  \"Method\": \"GET\",\n  \"URL\": \"/admin/users\",\n  \"Status\": \"304\",\n  \"Response Time (ms)\": \"72.985\"\n}","timestamp":"2025-03-03T11:58:38.275Z"}
{"level":"info","message":"{\n  \"Method\": \"GET\",\n  \"URL\": \"/admin/users\",\n  \"Status\": \"304\",\n  \"Response Time (ms)\": \"47.615\"\n}","timestamp":"2025-03-03T11:58:39.254Z"}
{"level":"info","message":"{\n  \"Method\": \"GET\",\n  \"URL\": \"/admin/users\",\n  \"Status\": \"304\",\n  \"Response Time (ms)\": \"47.293\"\n}","timestamp":"2025-03-03T11:58:40.251Z"}
{"level":"info","message":"{\n  \"Method\": \"GET\",\n  \"URL\": \"/admin/users\",\n  \"Status\": \"304\",\n  \"Response Time (ms)\": \"55.331\"\n}","timestamp":"2025-03-03T11:58:49.265Z"}
{"level":"info","message":"{\n  \"Method\": \"GET\",\n  \"URL\": \"/admin/users\",\n  \"Status\": \"304\",\n  \"Response Time (ms)\": \"61.031\"\n}","timestamp":"2025-03-03T11:58:50.262Z"}
{"level":"info","message":"{\n  \"Method\": \"GET\",\n  \"URL\": \"/admin/users\",\n  \"Status\": \"304\",\n  \"Response Time (ms)\": \"46.280\"\n}","timestamp":"2025-03-03T11:58:51.250Z"}
{"level":"info","message":"{\n  \"Method\": \"GET\",\n  \"URL\": \"/admin/users\",\n  \"Status\": \"304\",\n  \"Response Time (ms)\": \"42.450\"\n}","timestamp":"2025-03-03T11:58:52.254Z"}
{"level":"info","message":"{\n  \"Method\": \"GET\",\n  \"URL\": \"/admin/users\",\n  \"Status\": \"304\",\n  \"Response Time (ms)\": \"41.669\"\n}","timestamp":"2025-03-03T11:58:53.245Z"}
{"level":"info","message":"{\n  \"Method\": \"GET\",\n  \"URL\": \"/admin/users\",\n  \"Status\": \"304\",\n  \"Response Time (ms)\": \"50.728\"\n}","timestamp":"2025-03-03T11:58:55.268Z"}
{"level":"info","message":"{\n  \"Method\": \"GET\",\n  \"URL\": \"/admin/users\",\n  \"Status\": \"304\",\n  \"Response Time (ms)\": \"43.876\"\n}","timestamp":"2025-03-03T11:58:58.263Z"}
{"level":"info","message":"{\n  \"Method\": \"GET\",\n  \"URL\": \"/admin/users\",\n  \"Status\": \"304\",\n  \"Response Time (ms)\": \"63.139\"\n}","timestamp":"2025-03-03T11:59:04.271Z"}
{"level":"info","message":"{\n  \"Method\": \"GET\",\n  \"URL\": \"/admin/users\",\n  \"Status\": \"304\",\n  \"Response Time (ms)\": \"43.002\"\n}","timestamp":"2025-03-03T11:59:09.254Z"}
{"level":"info","message":"{\n  \"Method\": \"GET\",\n  \"URL\": \"/admin/users\",\n  \"Status\": \"304\",\n  \"Response Time (ms)\": \"42.352\"\n}","timestamp":"2025-03-03T11:59:14.263Z"}
{"level":"info","message":"{\n  \"Method\": \"GET\",\n  \"URL\": \"/admin/users\",\n  \"Status\": \"304\",\n  \"Response Time (ms)\": \"41.351\"\n}","timestamp":"2025-03-03T11:59:18.253Z"}
{"level":"info","message":"{\n  \"Method\": \"GET\",\n  \"URL\": \"/admin/users\",\n  \"Status\": \"304\",\n  \"Response Time (ms)\": \"47.022\"\n}","timestamp":"2025-03-03T11:59:26.282Z"}
{"level":"info","message":"{\n  \"Method\": \"GET\",\n  \"URL\": \"/admin/users\",\n  \"Status\": \"304\",\n  \"Response Time (ms)\": \"46.138\"\n}","timestamp":"2025-03-03T11:59:28.257Z"}
{"level":"info","message":"{\n  \"Method\": \"GET\",\n  \"URL\": \"/admin/users\",\n  \"Status\": \"304\",\n  \"Response Time (ms)\": \"41.307\"\n}","timestamp":"2025-03-03T11:59:30.249Z"}
{"level":"info","message":"{\n  \"Method\": \"GET\",\n  \"URL\": \"/admin/users\",\n  \"Status\": \"304\",\n  \"Response Time (ms)\": \"42.769\"\n}","timestamp":"2025-03-03T11:59:32.250Z"}
{"level":"info","message":"{\n  \"Method\": \"GET\",\n  \"URL\": \"/admin/users\",\n  \"Status\": \"304\",\n  \"Response Time (ms)\": \"49.937\"\n}","timestamp":"2025-03-03T11:59:34.257Z"}
{"level":"info","message":"{\n  \"Method\": \"GET\",\n  \"URL\": \"/admin/users\",\n  \"Status\": \"304\",\n  \"Response Time (ms)\": \"41.866\"\n}","timestamp":"2025-03-03T11:59:35.261Z"}
{"level":"info","message":"{\n  \"Method\": \"GET\",\n  \"URL\": \"/admin/users\",\n  \"Status\": \"304\",\n  \"Response Time (ms)\": \"43.398\"\n}","timestamp":"2025-03-03T11:59:35.851Z"}
{"level":"info","message":"{\n  \"Method\": \"OPTIONS\",\n  \"URL\": \"/admin/updateUser\",\n  \"Status\": \"204\",\n  \"Response Time (ms)\": \"0.128\"\n}","timestamp":"2025-03-03T11:59:37.426Z"}
{"level":"info","message":"{\n  \"Method\": \"PUT\",\n  \"URL\": \"/admin/updateUser\",\n  \"Status\": \"200\",\n  \"Response Time (ms)\": \"91.596\"\n}","timestamp":"2025-03-03T11:59:37.519Z"}
{"level":"info","message":"{\n  \"Method\": \"GET\",\n  \"URL\": \"/admin/users\",\n  \"Status\": \"200\",\n  \"Response Time (ms)\": \"53.044\"\n}","timestamp":"2025-03-03T11:59:37.575Z"}
{"level":"info","message":"{\n  \"Method\": \"PUT\",\n  \"URL\": \"/admin/updateUser\",\n  \"Status\": \"200\",\n  \"Response Time (ms)\": \"87.292\"\n}","timestamp":"2025-03-03T11:59:38.679Z"}
{"level":"info","message":"{\n  \"Method\": \"GET\",\n  \"URL\": \"/admin/users\",\n  \"Status\": \"200\",\n  \"Response Time (ms)\": \"40.864\"\n}","timestamp":"2025-03-03T11:59:38.722Z"}
{"level":"info","message":"{\n  \"Method\": \"GET\",\n  \"URL\": \"/admin/providers\",\n  \"Status\": \"304\",\n  \"Response Time (ms)\": \"43.652\"\n}","timestamp":"2025-03-03T11:59:53.490Z"}
{"level":"info","message":"{\n  \"Method\": \"GET\",\n  \"URL\": \"/admin/users\",\n  \"Status\": \"304\",\n  \"Response Time (ms)\": \"42.060\"\n}","timestamp":"2025-03-03T11:59:53.979Z"}
{"level":"info","message":"{\n  \"Method\": \"GET\",\n  \"URL\": \"/admin/providers\",\n  \"Status\": \"304\",\n  \"Response Time (ms)\": \"40.459\"\n}","timestamp":"2025-03-03T11:59:54.302Z"}
{"level":"info","message":"{\n  \"Method\": \"GET\",\n  \"URL\": \"/admin/users\",\n  \"Status\": \"304\",\n  \"Response Time (ms)\": \"41.737\"\n}","timestamp":"2025-03-03T11:59:55.757Z"}
{"level":"info","message":"{\n  \"Method\": \"OPTIONS\",\n  \"URL\": \"/admin/updateUser\",\n  \"Status\": \"204\",\n  \"Response Time (ms)\": \"0.183\"\n}","timestamp":"2025-03-03T12:00:01.573Z"}
{"level":"info","message":"{\n  \"Method\": \"PUT\",\n  \"URL\": \"/admin/updateUser\",\n  \"Status\": \"200\",\n  \"Response Time (ms)\": \"102.218\"\n}","timestamp":"2025-03-03T12:00:01.677Z"}
{"level":"info","message":"{\n  \"Method\": \"GET\",\n  \"URL\": \"/admin/users\",\n  \"Status\": \"200\",\n  \"Response Time (ms)\": \"45.482\"\n}","timestamp":"2025-03-03T12:00:01.726Z"}
{"level":"info","message":"{\n  \"Method\": \"GET\",\n  \"URL\": \"/admin/users\",\n  \"Status\": \"304\",\n  \"Response Time (ms)\": \"44.461\"\n}","timestamp":"2025-03-03T12:00:12.219Z"}
{"level":"info","message":"{\n  \"Method\": \"GET\",\n  \"URL\": \"/admin/providers\",\n  \"Status\": \"304\",\n  \"Response Time (ms)\": \"40.450\"\n}","timestamp":"2025-03-03T12:00:15.773Z"}
{"level":"info","message":"{\n  \"Method\": \"GET\",\n  \"URL\": \"/admin/users\",\n  \"Status\": \"304\",\n  \"Response Time (ms)\": \"41.728\"\n}","timestamp":"2025-03-03T12:00:16.276Z"}
{"level":"info","message":"{\n  \"Method\": \"GET\",\n  \"URL\": \"/admin/providers\",\n  \"Status\": \"304\",\n  \"Response Time (ms)\": \"40.960\"\n}","timestamp":"2025-03-03T12:00:16.610Z"}
{"level":"info","message":"{\n  \"Method\": \"GET\",\n  \"URL\": \"/admin/users\",\n  \"Status\": \"304\",\n  \"Response Time (ms)\": \"44.911\"\n}","timestamp":"2025-03-03T12:00:17.149Z"}
{"level":"info","message":"{\n  \"Method\": \"GET\",\n  \"URL\": \"/admin/providers\",\n  \"Status\": \"304\",\n  \"Response Time (ms)\": \"40.591\"\n}","timestamp":"2025-03-03T12:00:17.552Z"}
{"level":"info","message":"{\n  \"Method\": \"GET\",\n  \"URL\": \"/admin/providers\",\n  \"Status\": \"304\",\n  \"Response Time (ms)\": \"41.657\"\n}","timestamp":"2025-03-03T12:12:59.250Z"}
{"level":"info","message":"{\n  \"Method\": \"GET\",\n  \"URL\": \"/admin/providers\",\n  \"Status\": \"304\",\n  \"Response Time (ms)\": \"41.111\"\n}","timestamp":"2025-03-03T12:14:38.449Z"}
{"level":"info","message":"{\n  \"Method\": \"GET\",\n  \"URL\": \"/admin/providers\",\n  \"Status\": \"304\",\n  \"Response Time (ms)\": \"43.893\"\n}","timestamp":"2025-03-03T12:14:47.284Z"}
{"level":"info","message":"{\n  \"Method\": \"OPTIONS\",\n  \"URL\": \"/admin/updateUser\",\n  \"Status\": \"204\",\n  \"Response Time (ms)\": \"0.133\"\n}","timestamp":"2025-03-03T12:14:48.703Z"}
{"level":"info","message":"{\n  \"Method\": \"PUT\",\n  \"URL\": \"/admin/updateUser\",\n  \"Status\": \"200\",\n  \"Response Time (ms)\": \"98.151\"\n}","timestamp":"2025-03-03T12:14:48.803Z"}
{"level":"info","message":"{\n  \"Method\": \"GET\",\n  \"URL\": \"/admin/providers\",\n  \"Status\": \"200\",\n  \"Response Time (ms)\": \"40.636\"\n}","timestamp":"2025-03-03T12:14:48.847Z"}
{"level":"info","message":"{\n  \"Method\": \"PUT\",\n  \"URL\": \"/admin/updateUser\",\n  \"Status\": \"200\",\n  \"Response Time (ms)\": \"86.688\"\n}","timestamp":"2025-03-03T12:14:49.528Z"}
{"level":"info","message":"{\n  \"Method\": \"GET\",\n  \"URL\": \"/admin/providers\",\n  \"Status\": \"200\",\n  \"Response Time (ms)\": \"41.132\"\n}","timestamp":"2025-03-03T12:14:49.572Z"}
{"level":"info","message":"{\n  \"Method\": \"GET\",\n  \"URL\": \"/admin/users\",\n  \"Status\": \"304\",\n  \"Response Time (ms)\": \"42.258\"\n}","timestamp":"2025-03-03T12:14:50.850Z"}
{"level":"info","message":"{\n  \"Method\": \"PUT\",\n  \"URL\": \"/admin/updateUser\",\n  \"Status\": \"200\",\n  \"Response Time (ms)\": \"87.719\"\n}","timestamp":"2025-03-03T12:14:51.748Z"}
{"level":"info","message":"{\n  \"Method\": \"GET\",\n  \"URL\": \"/admin/users\",\n  \"Status\": \"200\",\n  \"Response Time (ms)\": \"42.923\"\n}","timestamp":"2025-03-03T12:14:51.795Z"}
{"level":"info","message":"{\n  \"Method\": \"OPTIONS\",\n  \"URL\": \"/auth/sign-in\",\n  \"Status\": \"204\",\n  \"Response Time (ms)\": \"0.181\"\n}","timestamp":"2025-03-03T12:14:58.046Z"}
{"level":"info","message":"{\n  \"Method\": \"POST\",\n  \"URL\": \"/auth/sign-in\",\n  \"Status\": \"400\",\n  \"Response Time (ms)\": \"45.900\"\n}","timestamp":"2025-03-03T12:14:58.094Z"}
{"level":"info","message":"{\n  \"Method\": \"GET\",\n  \"URL\": \"/admin/users\",\n  \"Status\": \"304\",\n  \"Response Time (ms)\": \"47.908\"\n}","timestamp":"2025-03-03T12:15:03.792Z"}
{"level":"info","message":"{\n  \"Method\": \"OPTIONS\",\n  \"URL\": \"/admin/updateUser\",\n  \"Status\": \"204\",\n  \"Response Time (ms)\": \"0.207\"\n}","timestamp":"2025-03-03T12:15:04.452Z"}
{"level":"info","message":"{\n  \"Method\": \"PUT\",\n  \"URL\": \"/admin/updateUser\",\n  \"Status\": \"200\",\n  \"Response Time (ms)\": \"87.063\"\n}","timestamp":"2025-03-03T12:15:04.541Z"}
{"level":"info","message":"{\n  \"Method\": \"GET\",\n  \"URL\": \"/admin/users\",\n  \"Status\": \"200\",\n  \"Response Time (ms)\": \"43.510\"\n}","timestamp":"2025-03-03T12:15:04.621Z"}
{"level":"info","message":"{\n  \"Method\": \"PUT\",\n  \"URL\": \"/admin/updateUser\",\n  \"Status\": \"200\",\n  \"Response Time (ms)\": \"92.067\"\n}","timestamp":"2025-03-03T12:15:07.661Z"}
{"level":"info","message":"{\n  \"Method\": \"GET\",\n  \"URL\": \"/admin/users\",\n  \"Status\": \"200\",\n  \"Response Time (ms)\": \"41.641\"\n}","timestamp":"2025-03-03T12:15:07.705Z"}
{"level":"info","message":"{\n  \"Method\": \"GET\",\n  \"URL\": \"/admin/users\",\n  \"Status\": \"304\",\n  \"Response Time (ms)\": \"43.974\"\n}","timestamp":"2025-03-03T12:15:10.217Z"}
{"level":"info","message":"{\n  \"Method\": \"GET\",\n  \"URL\": \"/admin/users\",\n  \"Status\": \"304\",\n  \"Response Time (ms)\": \"48.581\"\n}","timestamp":"2025-03-03T12:15:29.590Z"}
{"level":"info","message":"{\n  \"Method\": \"OPTIONS\",\n  \"URL\": \"/admin/updateUser\",\n  \"Status\": \"204\",\n  \"Response Time (ms)\": \"0.135\"\n}","timestamp":"2025-03-03T12:15:32.807Z"}
{"level":"info","message":"{\n  \"Method\": \"PUT\",\n  \"URL\": \"/admin/updateUser\",\n  \"Status\": \"200\",\n  \"Response Time (ms)\": \"89.461\"\n}","timestamp":"2025-03-03T12:15:32.899Z"}
{"level":"info","message":"{\n  \"Method\": \"GET\",\n  \"URL\": \"/admin/users\",\n  \"Status\": \"200\",\n  \"Response Time (ms)\": \"41.575\"\n}","timestamp":"2025-03-03T12:15:32.943Z"}
{"level":"info","message":"{\n  \"Method\": \"OPTIONS\",\n  \"URL\": \"/auth/sign-in\",\n  \"Status\": \"204\",\n  \"Response Time (ms)\": \"0.137\"\n}","timestamp":"2025-03-03T12:15:49.093Z"}
{"level":"info","message":"{\n  \"Method\": \"POST\",\n  \"URL\": \"/auth/sign-in\",\n  \"Status\": \"200\",\n  \"Response Time (ms)\": \"140.388\"\n}","timestamp":"2025-03-03T12:15:49.237Z"}
{"level":"info","message":"{\n  \"Method\": \"OPTIONS\",\n  \"URL\": \"/user/logout\",\n  \"Status\": \"204\",\n  \"Response Time (ms)\": \"0.168\"\n}","timestamp":"2025-03-03T12:15:59.968Z"}
{"level":"info","message":"{\n  \"Method\": \"POST\",\n  \"URL\": \"/user/logout\",\n  \"Status\": \"200\",\n  \"Response Time (ms)\": \"0.439\"\n}","timestamp":"2025-03-03T12:15:59.970Z"}
{"level":"info","message":"{\n  \"Method\": \"GET\",\n  \"URL\": \"/admin/users\",\n  \"Status\": \"304\",\n  \"Response Time (ms)\": \"42.241\"\n}","timestamp":"2025-03-03T12:16:09.340Z"}
{"level":"info","message":"{\n  \"Method\": \"POST\",\n  \"URL\": \"/admin/logout\",\n  \"Status\": \"200\",\n  \"Response Time (ms)\": \"0.596\"\n}","timestamp":"2025-03-03T12:16:14.193Z"}
