{"level":"info","message":"{\n  \"Method\": \"OPTIONS\",\n  \"URL\": \"/auth/sign-up\",\n  \"Status\": \"204\",\n  \"Response Time (ms)\": \"1.404\"\n}","timestamp":"2025-03-05T07:57:05.648Z"}
{"level":"info","message":"{\n  \"Method\": \"POST\",\n  \"URL\": \"/auth/sign-up\",\n  \"Status\": \"200\",\n  \"Response Time (ms)\": \"5697.246\"\n}","timestamp":"2025-03-05T07:57:11.352Z"}
{"level":"info","message":"{\n  \"Method\": \"OPTIONS\",\n  \"URL\": \"/auth/sign-up\",\n  \"Status\": \"204\",\n  \"Response Time (ms)\": \"0.323\"\n}","timestamp":"2025-03-05T07:58:22.196Z"}
{"level":"info","message":"{\n  \"Method\": \"POST\",\n  \"URL\": \"/auth/sign-up\",\n  \"Status\": \"200\",\n  \"Response Time (ms)\": \"6055.136\"\n}","timestamp":"2025-03-05T07:58:28.255Z"}
{"level":"info","message":"{\n  \"Method\": \"OPTIONS\",\n  \"URL\": \"/auth/sign-in\",\n  \"Status\": \"204\",\n  \"Response Time (ms)\": \"2.240\"\n}","timestamp":"2025-03-05T09:52:01.749Z"}
{"level":"info","message":"{\n  \"Method\": \"OPTIONS\",\n  \"URL\": \"/auth/sign-in\",\n  \"Status\": \"204\",\n  \"Response Time (ms)\": \"1.501\"\n}","timestamp":"2025-03-05T09:54:56.155Z"}
{"level":"info","message":"{\n  \"Method\": \"POST\",\n  \"URL\": \"/auth/sign-in\",\n  \"Status\": \"200\",\n  \"Response Time (ms)\": \"221.799\"\n}","timestamp":"2025-03-05T09:54:56.383Z"}
{"level":"info","message":"{\n  \"Method\": \"OPTIONS\",\n  \"URL\": \"/user/logout\",\n  \"Status\": \"204\",\n  \"Response Time (ms)\": \"0.178\"\n}","timestamp":"2025-03-05T09:55:01.537Z"}
{"level":"info","message":"{\n  \"Method\": \"POST\",\n  \"URL\": \"/user/logout\",\n  \"Status\": \"200\",\n  \"Response Time (ms)\": \"1.301\"\n}","timestamp":"2025-03-05T09:55:01.541Z"}
{"level":"info","message":"{\n  \"Method\": \"OPTIONS\",\n  \"URL\": \"/auth/sign-in\",\n  \"Status\": \"204\",\n  \"Response Time (ms)\": \"0.343\"\n}","timestamp":"2025-03-05T09:55:06.723Z"}
{"level":"info","message":"{\n  \"Method\": \"POST\",\n  \"URL\": \"/auth/sign-in\",\n  \"Status\": \"400\",\n  \"Response Time (ms)\": \"290.967\"\n}","timestamp":"2025-03-05T09:55:07.017Z"}
{"level":"info","message":"{\n  \"Method\": \"POST\",\n  \"URL\": \"/auth/sign-in\",\n  \"Status\": \"400\",\n  \"Response Time (ms)\": \"456.641\"\n}","timestamp":"2025-03-05T09:55:09.228Z"}
{"level":"info","message":"{\n  \"Method\": \"POST\",\n  \"URL\": \"/auth/sign-in\",\n  \"Status\": \"429\",\n  \"Response Time (ms)\": \"1.709\"\n}","timestamp":"2025-03-05T09:55:09.838Z"}
{"level":"info","message":"{\n  \"Method\": \"POST\",\n  \"URL\": \"/auth/sign-in\",\n  \"Status\": \"429\",\n  \"Response Time (ms)\": \"2.549\"\n}","timestamp":"2025-03-05T09:55:10.391Z"}
{"level":"info","message":"{\n  \"Method\": \"POST\",\n  \"URL\": \"/auth/sign-in\",\n  \"Status\": \"429\",\n  \"Response Time (ms)\": \"1.659\"\n}","timestamp":"2025-03-05T09:55:10.915Z"}
{"level":"info","message":"{\n  \"Method\": \"POST\",\n  \"URL\": \"/auth/sign-in\",\n  \"Status\": \"429\",\n  \"Response Time (ms)\": \"1.618\"\n}","timestamp":"2025-03-05T09:55:11.464Z"}
{"level":"info","message":"{\n  \"Method\": \"OPTIONS\",\n  \"URL\": \"/auth/sign-in\",\n  \"Status\": \"204\",\n  \"Response Time (ms)\": \"0.283\"\n}","timestamp":"2025-03-05T09:55:12.077Z"}
{"level":"info","message":"{\n  \"Method\": \"POST\",\n  \"URL\": \"/auth/sign-in\",\n  \"Status\": \"429\",\n  \"Response Time (ms)\": \"1.311\"\n}","timestamp":"2025-03-05T09:55:12.081Z"}
{"level":"info","message":"{\n  \"Method\": \"OPTIONS\",\n  \"URL\": \"/auth/sign-in\",\n  \"Status\": \"204\",\n  \"Response Time (ms)\": \"0.248\"\n}","timestamp":"2025-03-05T09:55:26.930Z"}
{"level":"info","message":"{\n  \"Method\": \"POST\",\n  \"URL\": \"/auth/sign-in\",\n  \"Status\": \"429\",\n  \"Response Time (ms)\": \"1.586\"\n}","timestamp":"2025-03-05T09:55:26.936Z"}
{"level":"info","message":"{\n  \"Method\": \"OPTIONS\",\n  \"URL\": \"/auth/sign-in\",\n  \"Status\": \"204\",\n  \"Response Time (ms)\": \"1.283\"\n}","timestamp":"2025-03-05T09:55:56.423Z"}
{"level":"info","message":"{\n  \"Method\": \"POST\",\n  \"URL\": \"/auth/sign-in\",\n  \"Status\": \"400\",\n  \"Response Time (ms)\": \"212.060\"\n}","timestamp":"2025-03-05T09:55:56.641Z"}
{"level":"info","message":"{\n  \"Method\": \"POST\",\n  \"URL\": \"/auth/sign-in\",\n  \"Status\": \"400\",\n  \"Response Time (ms)\": \"232.745\"\n}","timestamp":"2025-03-05T09:55:58.054Z"}
{"level":"info","message":"{\n  \"Method\": \"POST\",\n  \"URL\": \"/auth/sign-in\",\n  \"Status\": \"400\",\n  \"Response Time (ms)\": \"247.361\"\n}","timestamp":"2025-03-05T09:55:58.829Z"}
{"level":"info","message":"{\n  \"Method\": \"POST\",\n  \"URL\": \"/auth/sign-in\",\n  \"Status\": \"429\",\n  \"Response Time (ms)\": \"12.383\"\n}","timestamp":"2025-03-05T09:55:58.898Z"}
{"level":"info","message":"{\n  \"Method\": \"OPTIONS\",\n  \"URL\": \"/auth/sign-in\",\n  \"Status\": \"204\",\n  \"Response Time (ms)\": \"0.140\"\n}","timestamp":"2025-03-05T09:56:13.306Z"}
{"level":"info","message":"{\n  \"Method\": \"POST\",\n  \"URL\": \"/auth/sign-in\",\n  \"Status\": \"429\",\n  \"Response Time (ms)\": \"19.740\"\n}","timestamp":"2025-03-05T09:56:13.329Z"}
{"level":"info","message":"{\n  \"Method\": \"POST\",\n  \"URL\": \"/auth/sign-in\",\n  \"Status\": \"429\",\n  \"Response Time (ms)\": \"21.264\"\n}","timestamp":"2025-03-05T09:56:15.296Z"}
{"level":"info","message":"{\n  \"Method\": \"OPTIONS\",\n  \"URL\": \"/auth/sign-in\",\n  \"Status\": \"204\",\n  \"Response Time (ms)\": \"0.225\"\n}","timestamp":"2025-03-05T09:56:29.875Z"}
{"level":"info","message":"{\n  \"Method\": \"POST\",\n  \"URL\": \"/auth/sign-in\",\n  \"Status\": \"429\",\n  \"Response Time (ms)\": \"8.641\"\n}","timestamp":"2025-03-05T09:56:29.887Z"}
{"level":"info","message":"{\n  \"Method\": \"OPTIONS\",\n  \"URL\": \"/auth/sign-in\",\n  \"Status\": \"204\",\n  \"Response Time (ms)\": \"1.402\"\n}","timestamp":"2025-03-05T09:56:58.528Z"}
{"level":"info","message":"{\n  \"Method\": \"POST\",\n  \"URL\": \"/auth/sign-in\",\n  \"Status\": \"400\",\n  \"Response Time (ms)\": \"316.273\"\n}","timestamp":"2025-03-05T09:56:58.849Z"}
{"level":"info","message":"{\n  \"Method\": \"POST\",\n  \"URL\": \"/auth/sign-in\",\n  \"Status\": \"400\",\n  \"Response Time (ms)\": \"274.655\"\n}","timestamp":"2025-03-05T09:57:01.201Z"}
{"level":"info","message":"{\n  \"Method\": \"POST\",\n  \"URL\": \"/auth/sign-in\",\n  \"Status\": \"400\",\n  \"Response Time (ms)\": \"280.517\"\n}","timestamp":"2025-03-05T09:57:02.524Z"}
{"level":"info","message":"{\n  \"Method\": \"OPTIONS\",\n  \"URL\": \"/auth/sign-in\",\n  \"Status\": \"204\",\n  \"Response Time (ms)\": \"0.229\"\n}","timestamp":"2025-03-05T09:57:03.842Z"}
{"level":"info","message":"{\n  \"Method\": \"POST\",\n  \"URL\": \"/auth/sign-in\",\n  \"Status\": \"429\",\n  \"Response Time (ms)\": \"13.873\"\n}","timestamp":"2025-03-05T09:57:03.858Z"}
{"level":"info","message":"{\n  \"Method\": \"OPTIONS\",\n  \"URL\": \"/auth/admin/sign-in\",\n  \"Status\": \"204\",\n  \"Response Time (ms)\": \"1.954\"\n}","timestamp":"2025-03-05T11:54:14.797Z"}
{"level":"info","message":"{\n  \"Method\": \"POST\",\n  \"URL\": \"/auth/admin/sign-in\",\n  \"Status\": \"200\",\n  \"Response Time (ms)\": \"168.160\"\n}","timestamp":"2025-03-05T11:54:14.976Z"}
{"level":"info","message":"{\n  \"Method\": \"GET\",\n  \"URL\": \"/admin/providers\",\n  \"Status\": \"200\",\n  \"Response Time (ms)\": \"58.428\"\n}","timestamp":"2025-03-05T11:54:18.233Z"}
{"level":"info","message":"{\n  \"Method\": \"GET\",\n  \"URL\": \"/admin/users\",\n  \"Status\": \"200\",\n  \"Response Time (ms)\": \"59.907\"\n}","timestamp":"2025-03-05T11:54:52.845Z"}
{"level":"info","message":"{\n  \"Method\": \"GET\",\n  \"URL\": \"/admin/users\",\n  \"Status\": \"304\",\n  \"Response Time (ms)\": \"56.997\"\n}","timestamp":"2025-03-05T11:55:15.093Z"}
{"level":"info","message":"{\n  \"Method\": \"GET\",\n  \"URL\": \"/admin/providers\",\n  \"Status\": \"304\",\n  \"Response Time (ms)\": \"76.547\"\n}","timestamp":"2025-03-05T11:55:16.436Z"}
{"level":"info","message":"{\n  \"Method\": \"OPTIONS\",\n  \"URL\": \"/auth/provider/sign-in\",\n  \"Status\": \"204\",\n  \"Response Time (ms)\": \"0.153\"\n}","timestamp":"2025-03-05T11:55:57.194Z"}
{"level":"info","message":"{\n  \"Method\": \"POST\",\n  \"URL\": \"/auth/provider/sign-in\",\n  \"Status\": \"200\",\n  \"Response Time (ms)\": \"399.601\"\n}","timestamp":"2025-03-05T11:55:57.595Z"}
{"level":"info","message":"{\n  \"Method\": \"OPTIONS\",\n  \"URL\": \"/user/logout\",\n  \"Status\": \"204\",\n  \"Response Time (ms)\": \"0.288\"\n}","timestamp":"2025-03-05T12:09:00.361Z"}
{"level":"info","message":"{\n  \"Method\": \"POST\",\n  \"URL\": \"/user/logout\",\n  \"Status\": \"404\",\n  \"Response Time (ms)\": \"1.196\"\n}","timestamp":"2025-03-05T12:09:00.364Z"}
{"level":"info","message":"{\n  \"Method\": \"OPTIONS\",\n  \"URL\": \"/auth/logout\",\n  \"Status\": \"204\",\n  \"Response Time (ms)\": \"0.190\"\n}","timestamp":"2025-03-05T12:09:39.007Z"}
{"level":"info","message":"{\n  \"Method\": \"POST\",\n  \"URL\": \"/auth/logout\",\n  \"Status\": \"200\",\n  \"Response Time (ms)\": \"0.712\"\n}","timestamp":"2025-03-05T12:09:39.011Z"}
{"level":"info","message":"{\n  \"Method\": \"OPTIONS\",\n  \"URL\": \"/auth/provider/sign-in\",\n  \"Status\": \"204\",\n  \"Response Time (ms)\": \"0.214\"\n}","timestamp":"2025-03-05T12:10:01.185Z"}
{"level":"info","message":"{\n  \"Method\": \"POST\",\n  \"URL\": \"/auth/provider/sign-in\",\n  \"Status\": \"200\",\n  \"Response Time (ms)\": \"123.414\"\n}","timestamp":"2025-03-05T12:10:01.311Z"}
{"level":"info","message":"{\n  \"Method\": \"OPTIONS\",\n  \"URL\": \"/auth/logout\",\n  \"Status\": \"204\",\n  \"Response Time (ms)\": \"0.186\"\n}","timestamp":"2025-03-05T12:10:09.054Z"}
{"level":"info","message":"{\n  \"Method\": \"POST\",\n  \"URL\": \"/auth/logout\",\n  \"Status\": \"200\",\n  \"Response Time (ms)\": \"0.536\"\n}","timestamp":"2025-03-05T12:10:09.057Z"}
