{"level":"info","message":"{\n  \"Method\": \"OPTIONS\",\n  \"URL\": \"/auth/admin/sign-in\",\n  \"Status\": \"204\",\n  \"Response Time (ms)\": \"1.779\"\n}","timestamp":"2025-03-04T04:39:54.048Z"}
{"level":"info","message":"{\n  \"Method\": \"POST\",\n  \"URL\": \"/auth/admin/sign-in\",\n  \"Status\": \"200\",\n  \"Response Time (ms)\": \"347.706\"\n}","timestamp":"2025-03-04T04:39:54.402Z"}
{"level":"info","message":"{\n  \"Method\": \"GET\",\n  \"URL\": \"/admin/users\",\n  \"Status\": \"304\",\n  \"Response Time (ms)\": \"63.677\"\n}","timestamp":"2025-03-04T04:39:56.682Z"}
{"level":"info","message":"{\n  \"Method\": \"OPTIONS\",\n  \"URL\": \"/admin/updateUser\",\n  \"Status\": \"204\",\n  \"Response Time (ms)\": \"0.184\"\n}","timestamp":"2025-03-04T04:39:59.318Z"}
{"level":"info","message":"{\n  \"Method\": \"PUT\",\n  \"URL\": \"/admin/updateUser\",\n  \"Status\": \"200\",\n  \"Response Time (ms)\": \"275.760\"\n}","timestamp":"2025-03-04T04:39:59.596Z"}
{"level":"info","message":"{\n  \"Method\": \"GET\",\n  \"URL\": \"/admin/users\",\n  \"Status\": \"200\",\n  \"Response Time (ms)\": \"709.424\"\n}","timestamp":"2025-03-04T04:40:00.313Z"}
{"level":"info","message":"{\n  \"Method\": \"OPTIONS\",\n  \"URL\": \"/admin/updateUser\",\n  \"Status\": \"204\",\n  \"Response Time (ms)\": \"0.231\"\n}","timestamp":"2025-03-04T04:40:30.386Z"}
{"level":"info","message":"{\n  \"Method\": \"PUT\",\n  \"URL\": \"/admin/updateUser\",\n  \"Status\": \"200\",\n  \"Response Time (ms)\": \"440.102\"\n}","timestamp":"2025-03-04T04:40:30.831Z"}
{"level":"info","message":"{\n  \"Method\": \"GET\",\n  \"URL\": \"/admin/users\",\n  \"Status\": \"200\",\n  \"Response Time (ms)\": \"108.365\"\n}","timestamp":"2025-03-04T04:40:30.945Z"}
{"level":"info","message":"{\n  \"Method\": \"GET\",\n  \"URL\": \"/admin/providers\",\n  \"Status\": \"304\",\n  \"Response Time (ms)\": \"163.284\"\n}","timestamp":"2025-03-04T04:40:56.836Z"}
{"level":"info","message":"{\n  \"Method\": \"OPTIONS\",\n  \"URL\": \"/admin/updateUser\",\n  \"Status\": \"204\",\n  \"Response Time (ms)\": \"0.150\"\n}","timestamp":"2025-03-04T04:40:58.418Z"}
{"level":"info","message":"{\n  \"Method\": \"PUT\",\n  \"URL\": \"/admin/updateUser\",\n  \"Status\": \"200\",\n  \"Response Time (ms)\": \"260.274\"\n}","timestamp":"2025-03-04T04:40:58.681Z"}
{"level":"info","message":"{\n  \"Method\": \"GET\",\n  \"URL\": \"/admin/providers\",\n  \"Status\": \"200\",\n  \"Response Time (ms)\": \"94.901\"\n}","timestamp":"2025-03-04T04:40:58.783Z"}
{"level":"info","message":"{\n  \"Method\": \"PUT\",\n  \"URL\": \"/admin/updateUser\",\n  \"Status\": \"200\",\n  \"Response Time (ms)\": \"297.500\"\n}","timestamp":"2025-03-04T04:40:59.911Z"}
{"level":"info","message":"{\n  \"Method\": \"GET\",\n  \"URL\": \"/admin/providers\",\n  \"Status\": \"200\",\n  \"Response Time (ms)\": \"99.415\"\n}","timestamp":"2025-03-04T04:41:00.015Z"}
{"level":"info","message":"{\n  \"Method\": \"GET\",\n  \"URL\": \"/admin/users\",\n  \"Status\": \"304\",\n  \"Response Time (ms)\": \"211.600\"\n}","timestamp":"2025-03-04T04:41:03.510Z"}
{"level":"info","message":"{\n  \"Method\": \"GET\",\n  \"URL\": \"/admin/users\",\n  \"Status\": \"304\",\n  \"Response Time (ms)\": \"215.587\"\n}","timestamp":"2025-03-04T04:42:14.774Z"}
{"level":"info","message":"{\n  \"Method\": \"GET\",\n  \"URL\": \"/admin/users\",\n  \"Status\": \"304\",\n  \"Response Time (ms)\": \"186.598\"\n}","timestamp":"2025-03-04T04:52:03.808Z"}
{"level":"info","message":"{\n  \"Method\": \"GET\",\n  \"URL\": \"/admin/providers\",\n  \"Status\": \"304\",\n  \"Response Time (ms)\": \"138.846\"\n}","timestamp":"2025-03-04T04:52:38.199Z"}
{"level":"info","message":"{\n  \"Method\": \"POST\",\n  \"URL\": \"/admin/logout\",\n  \"Status\": \"200\",\n  \"Response Time (ms)\": \"3.026\"\n}","timestamp":"2025-03-04T04:52:45.054Z"}
{"level":"info","message":"{\n  \"Method\": \"GET\",\n  \"URL\": \"/admin/providers\",\n  \"Status\": \"304\",\n  \"Response Time (ms)\": \"50.343\"\n}","timestamp":"2025-03-04T04:52:48.335Z"}
{"level":"info","message":"{\n  \"Method\": \"GET\",\n  \"URL\": \"/favicon.ico\",\n  \"Status\": \"404\",\n  \"Response Time (ms)\": \"1.836\"\n}","timestamp":"2025-03-04T04:52:48.572Z"}
{"level":"info","message":"{\n  \"Method\": \"OPTIONS\",\n  \"URL\": \"/auth/sign-in\",\n  \"Status\": \"204\",\n  \"Response Time (ms)\": \"0.214\"\n}","timestamp":"2025-03-04T04:54:22.670Z"}
{"level":"info","message":"{\n  \"Method\": \"POST\",\n  \"URL\": \"/auth/sign-in\",\n  \"Status\": \"200\",\n  \"Response Time (ms)\": \"603.870\"\n}","timestamp":"2025-03-04T04:54:23.278Z"}
{"level":"info","message":"{\n  \"Method\": \"OPTIONS\",\n  \"URL\": \"/user/logout\",\n  \"Status\": \"204\",\n  \"Response Time (ms)\": \"1.839\"\n}","timestamp":"2025-03-04T05:32:14.659Z"}
{"level":"info","message":"{\n  \"Method\": \"POST\",\n  \"URL\": \"/user/logout\",\n  \"Status\": \"200\",\n  \"Response Time (ms)\": \"2.441\"\n}","timestamp":"2025-03-04T05:32:14.668Z"}
{"level":"info","message":"{\n  \"Method\": \"OPTIONS\",\n  \"URL\": \"/auth/sign-in\",\n  \"Status\": \"204\",\n  \"Response Time (ms)\": \"1.022\"\n}","timestamp":"2025-03-04T05:53:24.564Z"}
{"level":"info","message":"{\n  \"Method\": \"POST\",\n  \"URL\": \"/auth/sign-in\",\n  \"Status\": \"200\",\n  \"Response Time (ms)\": \"160.332\"\n}","timestamp":"2025-03-04T05:53:24.729Z"}
{"level":"info","message":"{\n  \"Method\": \"OPTIONS\",\n  \"URL\": \"/user/logout\",\n  \"Status\": \"204\",\n  \"Response Time (ms)\": \"0.273\"\n}","timestamp":"2025-03-04T05:53:44.834Z"}
{"level":"info","message":"{\n  \"Method\": \"POST\",\n  \"URL\": \"/user/logout\",\n  \"Status\": \"200\",\n  \"Response Time (ms)\": \"1.358\"\n}","timestamp":"2025-03-04T05:53:44.839Z"}
{"level":"info","message":"{\n  \"Method\": \"OPTIONS\",\n  \"URL\": \"/auth/sign-in\",\n  \"Status\": \"204\",\n  \"Response Time (ms)\": \"0.175\"\n}","timestamp":"2025-03-04T05:53:52.968Z"}
{"level":"info","message":"{\n  \"Method\": \"POST\",\n  \"URL\": \"/auth/sign-in\",\n  \"Status\": \"200\",\n  \"Response Time (ms)\": \"124.289\"\n}","timestamp":"2025-03-04T05:53:53.094Z"}
{"level":"info","message":"{\n  \"Method\": \"OPTIONS\",\n  \"URL\": \"/user/logout\",\n  \"Status\": \"204\",\n  \"Response Time (ms)\": \"1.077\"\n}","timestamp":"2025-03-04T05:55:54.946Z"}
{"level":"info","message":"{\n  \"Method\": \"POST\",\n  \"URL\": \"/user/logout\",\n  \"Status\": \"200\",\n  \"Response Time (ms)\": \"2.328\"\n}","timestamp":"2025-03-04T05:55:54.953Z"}
{"level":"info","message":"{\n  \"Method\": \"OPTIONS\",\n  \"URL\": \"/auth/sign-in\",\n  \"Status\": \"204\",\n  \"Response Time (ms)\": \"0.144\"\n}","timestamp":"2025-03-04T05:56:12.134Z"}
{"level":"info","message":"{\n  \"Method\": \"POST\",\n  \"URL\": \"/auth/sign-in\",\n  \"Status\": \"200\",\n  \"Response Time (ms)\": \"167.829\"\n}","timestamp":"2025-03-04T05:56:12.304Z"}
{"level":"info","message":"{\n  \"Method\": \"OPTIONS\",\n  \"URL\": \"/user/logout\",\n  \"Status\": \"204\",\n  \"Response Time (ms)\": \"0.144\"\n}","timestamp":"2025-03-04T05:56:19.302Z"}
{"level":"info","message":"{\n  \"Method\": \"POST\",\n  \"URL\": \"/user/logout\",\n  \"Status\": \"200\",\n  \"Response Time (ms)\": \"0.633\"\n}","timestamp":"2025-03-04T05:56:19.306Z"}
{"level":"info","message":"{\n  \"Method\": \"OPTIONS\",\n  \"URL\": \"/auth/sign-in\",\n  \"Status\": \"204\",\n  \"Response Time (ms)\": \"0.997\"\n}","timestamp":"2025-03-04T05:59:09.899Z"}
{"level":"info","message":"{\n  \"Method\": \"POST\",\n  \"URL\": \"/auth/sign-in\",\n  \"Status\": \"200\",\n  \"Response Time (ms)\": \"180.151\"\n}","timestamp":"2025-03-04T05:59:10.084Z"}
{"level":"info","message":"{\n  \"Method\": \"OPTIONS\",\n  \"URL\": \"/user/logout\",\n  \"Status\": \"204\",\n  \"Response Time (ms)\": \"1.438\"\n}","timestamp":"2025-03-04T06:00:55.595Z"}
{"level":"info","message":"{\n  \"Method\": \"POST\",\n  \"URL\": \"/user/logout\",\n  \"Status\": \"200\",\n  \"Response Time (ms)\": \"4.173\"\n}","timestamp":"2025-03-04T06:00:55.604Z"}
{"level":"info","message":"{\n  \"Method\": \"OPTIONS\",\n  \"URL\": \"/auth/sign-in\",\n  \"Status\": \"204\",\n  \"Response Time (ms)\": \"0.129\"\n}","timestamp":"2025-03-04T06:01:56.463Z"}
{"level":"info","message":"{\n  \"Method\": \"POST\",\n  \"URL\": \"/auth/sign-in\",\n  \"Status\": \"200\",\n  \"Response Time (ms)\": \"166.524\"\n}","timestamp":"2025-03-04T06:01:56.632Z"}
{"level":"info","message":"{\n  \"Method\": \"OPTIONS\",\n  \"URL\": \"/user/logout\",\n  \"Status\": \"204\",\n  \"Response Time (ms)\": \"1.605\"\n}","timestamp":"2025-03-04T06:18:20.919Z"}
{"level":"info","message":"{\n  \"Method\": \"POST\",\n  \"URL\": \"/user/logout\",\n  \"Status\": \"200\",\n  \"Response Time (ms)\": \"2.772\"\n}","timestamp":"2025-03-04T06:18:20.926Z"}
{"level":"info","message":"{\n  \"Method\": \"OPTIONS\",\n  \"URL\": \"/auth/sign-in\",\n  \"Status\": \"204\",\n  \"Response Time (ms)\": \"0.122\"\n}","timestamp":"2025-03-04T06:18:27.425Z"}
{"level":"info","message":"{\n  \"Method\": \"POST\",\n  \"URL\": \"/auth/sign-in\",\n  \"Status\": \"200\",\n  \"Response Time (ms)\": \"163.959\"\n}","timestamp":"2025-03-04T06:18:27.591Z"}
{"level":"info","message":"{\n  \"Method\": \"OPTIONS\",\n  \"URL\": \"/user/logout\",\n  \"Status\": \"204\",\n  \"Response Time (ms)\": \"0.179\"\n}","timestamp":"2025-03-04T06:27:27.565Z"}
{"level":"info","message":"{\n  \"Method\": \"POST\",\n  \"URL\": \"/user/logout\",\n  \"Status\": \"200\",\n  \"Response Time (ms)\": \"0.661\"\n}","timestamp":"2025-03-04T06:27:27.568Z"}
{"level":"info","message":"{\n  \"Method\": \"OPTIONS\",\n  \"URL\": \"/auth/sign-up\",\n  \"Status\": \"204\",\n  \"Response Time (ms)\": \"0.373\"\n}","timestamp":"2025-03-04T06:28:00.178Z"}
{"level":"info","message":"{\n  \"Method\": \"POST\",\n  \"URL\": \"/auth/sign-up\",\n  \"Status\": \"200\",\n  \"Response Time (ms)\": \"3706.296\"\n}","timestamp":"2025-03-04T06:28:03.887Z"}
{"level":"info","message":"{\n  \"Method\": \"OPTIONS\",\n  \"URL\": \"/auth/verify-otp\",\n  \"Status\": \"204\",\n  \"Response Time (ms)\": \"0.214\"\n}","timestamp":"2025-03-04T06:28:51.057Z"}
{"level":"info","message":"{\n  \"Method\": \"POST\",\n  \"URL\": \"/auth/verify-otp\",\n  \"Status\": \"400\",\n  \"Response Time (ms)\": \"89.530\"\n}","timestamp":"2025-03-04T06:28:51.148Z"}
{"level":"info","message":"{\n  \"Method\": \"OPTIONS\",\n  \"URL\": \"/auth/verify-otp\",\n  \"Status\": \"204\",\n  \"Response Time (ms)\": \"0.139\"\n}","timestamp":"2025-03-04T06:28:58.332Z"}
{"level":"info","message":"{\n  \"Method\": \"POST\",\n  \"URL\": \"/auth/verify-otp\",\n  \"Status\": \"200\",\n  \"Response Time (ms)\": \"241.664\"\n}","timestamp":"2025-03-04T06:28:58.576Z"}
{"level":"info","message":"{\n  \"Method\": \"OPTIONS\",\n  \"URL\": \"/auth/forgot-password\",\n  \"Status\": \"204\",\n  \"Response Time (ms)\": \"0.175\"\n}","timestamp":"2025-03-04T06:29:05.557Z"}
{"level":"info","message":"{\n  \"Method\": \"POST\",\n  \"URL\": \"/auth/forgot-password\",\n  \"Status\": \"200\",\n  \"Response Time (ms)\": \"3725.882\"\n}","timestamp":"2025-03-04T06:29:09.287Z"}
{"level":"info","message":"{\n  \"Method\": \"OPTIONS\",\n  \"URL\": \"/auth/verify-otp\",\n  \"Status\": \"204\",\n  \"Response Time (ms)\": \"0.146\"\n}","timestamp":"2025-03-04T06:29:27.204Z"}
{"level":"info","message":"{\n  \"Method\": \"POST\",\n  \"URL\": \"/auth/verify-otp\",\n  \"Status\": \"200\",\n  \"Response Time (ms)\": \"303.957\"\n}","timestamp":"2025-03-04T06:29:27.510Z"}
{"level":"info","message":"{\n  \"Method\": \"OPTIONS\",\n  \"URL\": \"/auth/reset-password\",\n  \"Status\": \"204\",\n  \"Response Time (ms)\": \"0.122\"\n}","timestamp":"2025-03-04T06:29:32.313Z"}
{"level":"info","message":"{\n  \"Method\": \"PUT\",\n  \"URL\": \"/auth/reset-password\",\n  \"Status\": \"201\",\n  \"Response Time (ms)\": \"192.464\"\n}","timestamp":"2025-03-04T06:29:32.507Z"}
{"level":"info","message":"{\n  \"Method\": \"OPTIONS\",\n  \"URL\": \"/auth/forgot-password\",\n  \"Status\": \"204\",\n  \"Response Time (ms)\": \"0.254\"\n}","timestamp":"2025-03-04T06:29:41.440Z"}
{"level":"info","message":"{\n  \"Method\": \"POST\",\n  \"URL\": \"/auth/forgot-password\",\n  \"Status\": \"200\",\n  \"Response Time (ms)\": \"4559.239\"\n}","timestamp":"2025-03-04T06:29:46.002Z"}
{"level":"info","message":"{\n  \"Method\": \"OPTIONS\",\n  \"URL\": \"/auth/forgot-password\",\n  \"Status\": \"204\",\n  \"Response Time (ms)\": \"0.238\"\n}","timestamp":"2025-03-04T06:30:23.040Z"}
{"level":"info","message":"{\n  \"Method\": \"POST\",\n  \"URL\": \"/auth/forgot-password\",\n  \"Status\": \"200\",\n  \"Response Time (ms)\": \"3704.468\"\n}","timestamp":"2025-03-04T06:30:26.747Z"}
{"level":"info","message":"{\n  \"Method\": \"OPTIONS\",\n  \"URL\": \"/auth/sign-up\",\n  \"Status\": \"204\",\n  \"Response Time (ms)\": \"0.194\"\n}","timestamp":"2025-03-04T06:30:44.160Z"}
{"level":"info","message":"{\n  \"Method\": \"POST\",\n  \"URL\": \"/auth/sign-up\",\n  \"Status\": \"200\",\n  \"Response Time (ms)\": \"3539.777\"\n}","timestamp":"2025-03-04T06:30:47.702Z"}
{"level":"info","message":"{\n  \"Method\": \"OPTIONS\",\n  \"URL\": \"/auth/provider/sign-up\",\n  \"Status\": \"204\",\n  \"Response Time (ms)\": \"0.207\"\n}","timestamp":"2025-03-04T06:31:14.626Z"}
{"level":"info","message":"{\n  \"Method\": \"POST\",\n  \"URL\": \"/auth/provider/sign-up\",\n  \"Status\": \"200\",\n  \"Response Time (ms)\": \"3503.964\"\n}","timestamp":"2025-03-04T06:31:18.133Z"}
{"level":"info","message":"{\n  \"Method\": \"OPTIONS\",\n  \"URL\": \"/auth/forgot-password\",\n  \"Status\": \"204\",\n  \"Response Time (ms)\": \"0.171\"\n}","timestamp":"2025-03-04T06:32:17.334Z"}
{"level":"info","message":"{\n  \"Method\": \"POST\",\n  \"URL\": \"/auth/forgot-password\",\n  \"Status\": \"200\",\n  \"Response Time (ms)\": \"3514.991\"\n}","timestamp":"2025-03-04T06:32:20.851Z"}
{"level":"info","message":"{\n  \"Method\": \"OPTIONS\",\n  \"URL\": \"/auth/provider/sign-up\",\n  \"Status\": \"204\",\n  \"Response Time (ms)\": \"0.255\"\n}","timestamp":"2025-03-04T06:32:38.542Z"}
{"level":"info","message":"{\n  \"Method\": \"POST\",\n  \"URL\": \"/auth/provider/sign-up\",\n  \"Status\": \"200\",\n  \"Response Time (ms)\": \"3611.637\"\n}","timestamp":"2025-03-04T06:32:42.156Z"}
{"level":"info","message":"{\n  \"Method\": \"OPTIONS\",\n  \"URL\": \"/auth/sign-in\",\n  \"Status\": \"204\",\n  \"Response Time (ms)\": \"0.104\"\n}","timestamp":"2025-03-04T06:35:17.610Z"}
{"level":"info","message":"{\n  \"Method\": \"POST\",\n  \"URL\": \"/auth/sign-in\",\n  \"Status\": \"400\",\n  \"Response Time (ms)\": \"206.377\"\n}","timestamp":"2025-03-04T06:35:17.818Z"}
{"level":"info","message":"{\n  \"Method\": \"OPTIONS\",\n  \"URL\": \"/auth/sign-in\",\n  \"Status\": \"204\",\n  \"Response Time (ms)\": \"0.106\"\n}","timestamp":"2025-03-04T06:35:44.948Z"}
{"level":"info","message":"{\n  \"Method\": \"POST\",\n  \"URL\": \"/auth/sign-in\",\n  \"Status\": \"400\",\n  \"Response Time (ms)\": \"131.878\"\n}","timestamp":"2025-03-04T06:35:45.081Z"}
{"level":"info","message":"{\n  \"Method\": \"OPTIONS\",\n  \"URL\": \"/auth/sign-in\",\n  \"Status\": \"204\",\n  \"Response Time (ms)\": \"0.133\"\n}","timestamp":"2025-03-04T06:36:41.007Z"}
{"level":"info","message":"{\n  \"Method\": \"POST\",\n  \"URL\": \"/auth/sign-in\",\n  \"Status\": \"400\",\n  \"Response Time (ms)\": \"169.787\"\n}","timestamp":"2025-03-04T06:36:41.179Z"}
{"level":"info","message":"{\n  \"Method\": \"OPTIONS\",\n  \"URL\": \"/auth/sign-in\",\n  \"Status\": \"204\",\n  \"Response Time (ms)\": \"0.976\"\n}","timestamp":"2025-03-04T06:38:49.884Z"}
{"level":"info","message":"{\n  \"Method\": \"POST\",\n  \"URL\": \"/auth/sign-in\",\n  \"Status\": \"400\",\n  \"Response Time (ms)\": \"181.924\"\n}","timestamp":"2025-03-04T06:38:50.068Z"}
{"level":"info","message":"{\n  \"Method\": \"OPTIONS\",\n  \"URL\": \"/auth/sign-in\",\n  \"Status\": \"204\",\n  \"Response Time (ms)\": \"0.098\"\n}","timestamp":"2025-03-04T06:39:24.972Z"}
{"level":"info","message":"{\n  \"Method\": \"POST\",\n  \"URL\": \"/auth/sign-in\",\n  \"Status\": \"400\",\n  \"Response Time (ms)\": \"140.647\"\n}","timestamp":"2025-03-04T06:39:25.115Z"}
{"level":"info","message":"{\n  \"Method\": \"OPTIONS\",\n  \"URL\": \"/auth/sign-in\",\n  \"Status\": \"204\",\n  \"Response Time (ms)\": \"1.015\"\n}","timestamp":"2025-03-04T06:42:25.515Z"}
{"level":"info","message":"{\n  \"Method\": \"POST\",\n  \"URL\": \"/auth/sign-in\",\n  \"Status\": \"400\",\n  \"Response Time (ms)\": \"142.778\"\n}","timestamp":"2025-03-04T06:42:25.662Z"}
{"level":"info","message":"{\n  \"Method\": \"OPTIONS\",\n  \"URL\": \"/auth/sign-up\",\n  \"Status\": \"204\",\n  \"Response Time (ms)\": \"1.567\"\n}","timestamp":"2025-03-04T06:52:01.088Z"}
{"level":"info","message":"{\n  \"Method\": \"POST\",\n  \"URL\": \"/auth/sign-up\",\n  \"Status\": \"400\",\n  \"Response Time (ms)\": \"15.066\"\n}","timestamp":"2025-03-04T06:52:01.109Z"}
{"level":"info","message":"{\n  \"Method\": \"OPTIONS\",\n  \"URL\": \"/auth/sign-up\",\n  \"Status\": \"204\",\n  \"Response Time (ms)\": \"0.208\"\n}","timestamp":"2025-03-04T06:52:35.406Z"}
{"level":"info","message":"{\n  \"Method\": \"POST\",\n  \"URL\": \"/auth/sign-up\",\n  \"Status\": \"400\",\n  \"Response Time (ms)\": \"1.201\"\n}","timestamp":"2025-03-04T06:52:35.410Z"}
{"level":"info","message":"{\n  \"Method\": \"OPTIONS\",\n  \"URL\": \"/auth/sign-up\",\n  \"Status\": \"204\",\n  \"Response Time (ms)\": \"1.129\"\n}","timestamp":"2025-03-04T06:53:35.401Z"}
{"level":"info","message":"{\n  \"Method\": \"POST\",\n  \"URL\": \"/auth/sign-up\",\n  \"Status\": \"400\",\n  \"Response Time (ms)\": \"13.141\"\n}","timestamp":"2025-03-04T06:53:35.419Z"}
{"level":"info","message":"{\n  \"Method\": \"OPTIONS\",\n  \"URL\": \"/auth/sign-up\",\n  \"Status\": \"204\",\n  \"Response Time (ms)\": \"1.333\"\n}","timestamp":"2025-03-04T06:54:24.847Z"}
{"level":"info","message":"{\n  \"Method\": \"POST\",\n  \"URL\": \"/auth/sign-up\",\n  \"Status\": \"400\",\n  \"Response Time (ms)\": \"13.797\"\n}","timestamp":"2025-03-04T06:54:24.866Z"}
{"level":"info","message":"{\n  \"Method\": \"OPTIONS\",\n  \"URL\": \"/auth/sign-up\",\n  \"Status\": \"204\",\n  \"Response Time (ms)\": \"0.158\"\n}","timestamp":"2025-03-04T06:54:35.313Z"}
{"level":"info","message":"{\n  \"Method\": \"POST\",\n  \"URL\": \"/auth/sign-up\",\n  \"Status\": \"400\",\n  \"Response Time (ms)\": \"1.986\"\n}","timestamp":"2025-03-04T06:54:35.318Z"}
{"level":"info","message":"{\n  \"Method\": \"OPTIONS\",\n  \"URL\": \"/auth/sign-up\",\n  \"Status\": \"204\",\n  \"Response Time (ms)\": \"0.135\"\n}","timestamp":"2025-03-04T06:55:08.757Z"}
{"level":"info","message":"{\n  \"Method\": \"POST\",\n  \"URL\": \"/auth/sign-up\",\n  \"Status\": \"400\",\n  \"Response Time (ms)\": \"1.103\"\n}","timestamp":"2025-03-04T06:55:08.760Z"}
{"level":"info","message":"{\n  \"Method\": \"OPTIONS\",\n  \"URL\": \"/auth/sign-up\",\n  \"Status\": \"204\",\n  \"Response Time (ms)\": \"0.265\"\n}","timestamp":"2025-03-04T06:55:15.709Z"}
{"level":"info","message":"{\n  \"Method\": \"POST\",\n  \"URL\": \"/auth/sign-up\",\n  \"Status\": \"400\",\n  \"Response Time (ms)\": \"0.962\"\n}","timestamp":"2025-03-04T06:55:15.712Z"}
{"level":"info","message":"{\n  \"Method\": \"OPTIONS\",\n  \"URL\": \"/auth/sign-up\",\n  \"Status\": \"204\",\n  \"Response Time (ms)\": \"0.224\"\n}","timestamp":"2025-03-04T06:55:31.118Z"}
{"level":"info","message":"{\n  \"Method\": \"POST\",\n  \"URL\": \"/auth/sign-up\",\n  \"Status\": \"400\",\n  \"Response Time (ms)\": \"1.115\"\n}","timestamp":"2025-03-04T06:55:31.122Z"}
{"level":"info","message":"{\n  \"Method\": \"OPTIONS\",\n  \"URL\": \"/auth/sign-up\",\n  \"Status\": \"204\",\n  \"Response Time (ms)\": \"1.291\"\n}","timestamp":"2025-03-04T06:55:51.139Z"}
{"level":"info","message":"{\n  \"Method\": \"POST\",\n  \"URL\": \"/auth/sign-up\",\n  \"Status\": \"400\",\n  \"Response Time (ms)\": \"15.247\"\n}","timestamp":"2025-03-04T06:55:51.160Z"}
{"level":"info","message":"{\n  \"Method\": \"OPTIONS\",\n  \"URL\": \"/auth/sign-up\",\n  \"Status\": \"204\",\n  \"Response Time (ms)\": \"1.584\"\n}","timestamp":"2025-03-04T06:56:09.461Z"}
{"level":"info","message":"{\n  \"Method\": \"POST\",\n  \"URL\": \"/auth/sign-up\",\n  \"Status\": \"400\",\n  \"Response Time (ms)\": \"12.360\"\n}","timestamp":"2025-03-04T06:56:09.478Z"}
{"level":"info","message":"{\n  \"Method\": \"OPTIONS\",\n  \"URL\": \"/auth/sign-up\",\n  \"Status\": \"204\",\n  \"Response Time (ms)\": \"1.911\"\n}","timestamp":"2025-03-04T06:57:23.063Z"}
{"level":"info","message":"{\n  \"Method\": \"POST\",\n  \"URL\": \"/auth/sign-up\",\n  \"Status\": \"400\",\n  \"Response Time (ms)\": \"14.931\"\n}","timestamp":"2025-03-04T06:57:23.082Z"}
{"level":"info","message":"{\n  \"Method\": \"OPTIONS\",\n  \"URL\": \"/auth/sign-up\",\n  \"Status\": \"204\",\n  \"Response Time (ms)\": \"1.735\"\n}","timestamp":"2025-03-04T06:57:43.047Z"}
{"level":"info","message":"{\n  \"Method\": \"POST\",\n  \"URL\": \"/auth/sign-up\",\n  \"Status\": \"400\",\n  \"Response Time (ms)\": \"27.550\"\n}","timestamp":"2025-03-04T06:57:43.079Z"}
{"level":"info","message":"{\n  \"Method\": \"OPTIONS\",\n  \"URL\": \"/auth/sign-up\",\n  \"Status\": \"204\",\n  \"Response Time (ms)\": \"0.816\"\n}","timestamp":"2025-03-04T06:58:26.900Z"}
{"level":"info","message":"{\n  \"Method\": \"POST\",\n  \"URL\": \"/auth/sign-up\",\n  \"Status\": \"400\",\n  \"Response Time (ms)\": \"3.979\"\n}","timestamp":"2025-03-04T06:58:26.910Z"}
{"level":"info","message":"{\n  \"Method\": \"OPTIONS\",\n  \"URL\": \"/auth/sign-up\",\n  \"Status\": \"204\",\n  \"Response Time (ms)\": \"0.972\"\n}","timestamp":"2025-03-04T06:59:15.227Z"}
{"level":"info","message":"{\n  \"Method\": \"POST\",\n  \"URL\": \"/auth/sign-up\",\n  \"Status\": \"200\",\n  \"Response Time (ms)\": \"5572.988\"\n}","timestamp":"2025-03-04T06:59:20.804Z"}
{"level":"info","message":"{\n  \"Method\": \"OPTIONS\",\n  \"URL\": \"/auth/resend-otp\",\n  \"Status\": \"204\",\n  \"Response Time (ms)\": \"1.192\"\n}","timestamp":"2025-03-04T07:01:00.209Z"}
{"level":"info","message":"{\n  \"Method\": \"POST\",\n  \"URL\": \"/auth/resend-otp\",\n  \"Status\": \"200\",\n  \"Response Time (ms)\": \"3638.907\"\n}","timestamp":"2025-03-04T07:01:03.851Z"}
{"level":"info","message":"{\n  \"Method\": \"OPTIONS\",\n  \"URL\": \"/auth/verify-otp\",\n  \"Status\": \"204\",\n  \"Response Time (ms)\": \"0.194\"\n}","timestamp":"2025-03-04T07:01:23.627Z"}
{"level":"info","message":"{\n  \"Method\": \"POST\",\n  \"URL\": \"/auth/verify-otp\",\n  \"Status\": \"400\",\n  \"Response Time (ms)\": \"111.852\"\n}","timestamp":"2025-03-04T07:01:23.740Z"}
{"level":"info","message":"{\n  \"Method\": \"OPTIONS\",\n  \"URL\": \"/auth/verify-otp\",\n  \"Status\": \"204\",\n  \"Response Time (ms)\": \"0.115\"\n}","timestamp":"2025-03-04T07:01:42.900Z"}
{"level":"info","message":"{\n  \"Method\": \"POST\",\n  \"URL\": \"/auth/verify-otp\",\n  \"Status\": \"400\",\n  \"Response Time (ms)\": \"75.488\"\n}","timestamp":"2025-03-04T07:01:42.978Z"}
{"level":"info","message":"{\n  \"Method\": \"OPTIONS\",\n  \"URL\": \"/auth/resend-otp\",\n  \"Status\": \"204\",\n  \"Response Time (ms)\": \"1.672\"\n}","timestamp":"2025-03-04T07:02:34.852Z"}
{"level":"info","message":"{\n  \"Method\": \"POST\",\n  \"URL\": \"/auth/resend-otp\",\n  \"Status\": \"200\",\n  \"Response Time (ms)\": \"3747.176\"\n}","timestamp":"2025-03-04T07:02:38.604Z"}
{"level":"info","message":"{\n  \"Method\": \"OPTIONS\",\n  \"URL\": \"/auth/verify-otp\",\n  \"Status\": \"204\",\n  \"Response Time (ms)\": \"0.239\"\n}","timestamp":"2025-03-04T07:02:51.873Z"}
{"level":"info","message":"{\n  \"Method\": \"POST\",\n  \"URL\": \"/auth/verify-otp\",\n  \"Status\": \"400\",\n  \"Response Time (ms)\": \"103.898\"\n}","timestamp":"2025-03-04T07:02:51.979Z"}
{"level":"info","message":"{\n  \"Method\": \"OPTIONS\",\n  \"URL\": \"/auth/verify-otp\",\n  \"Status\": \"204\",\n  \"Response Time (ms)\": \"0.153\"\n}","timestamp":"2025-03-04T07:02:59.781Z"}
{"level":"info","message":"{\n  \"Method\": \"POST\",\n  \"URL\": \"/auth/verify-otp\",\n  \"Status\": \"200\",\n  \"Response Time (ms)\": \"275.162\"\n}","timestamp":"2025-03-04T07:03:00.058Z"}
{"level":"info","message":"{\n  \"Method\": \"OPTIONS\",\n  \"URL\": \"/auth/forgot-password\",\n  \"Status\": \"204\",\n  \"Response Time (ms)\": \"0.327\"\n}","timestamp":"2025-03-04T07:04:35.071Z"}
{"level":"info","message":"{\n  \"Method\": \"POST\",\n  \"URL\": \"/auth/forgot-password\",\n  \"Status\": \"200\",\n  \"Response Time (ms)\": \"3424.987\"\n}","timestamp":"2025-03-04T07:04:38.499Z"}
{"level":"info","message":"{\n  \"Method\": \"OPTIONS\",\n  \"URL\": \"/auth/resend-otp\",\n  \"Status\": \"204\",\n  \"Response Time (ms)\": \"0.304\"\n}","timestamp":"2025-03-04T07:06:10.253Z"}
{"level":"info","message":"{\n  \"Method\": \"POST\",\n  \"URL\": \"/auth/resend-otp\",\n  \"Status\": \"400\",\n  \"Response Time (ms)\": \"43.583\"\n}","timestamp":"2025-03-04T07:06:10.300Z"}
{"level":"info","message":"{\n  \"Method\": \"OPTIONS\",\n  \"URL\": \"/auth/resend-otp\",\n  \"Status\": \"204\",\n  \"Response Time (ms)\": \"0.211\"\n}","timestamp":"2025-03-04T07:06:17.978Z"}
{"level":"info","message":"{\n  \"Method\": \"POST\",\n  \"URL\": \"/auth/resend-otp\",\n  \"Status\": \"400\",\n  \"Response Time (ms)\": \"53.180\"\n}","timestamp":"2025-03-04T07:06:18.035Z"}
{"level":"info","message":"{\n  \"Method\": \"OPTIONS\",\n  \"URL\": \"/auth/resend-otp\",\n  \"Status\": \"204\",\n  \"Response Time (ms)\": \"0.173\"\n}","timestamp":"2025-03-04T07:06:23.550Z"}
{"level":"info","message":"{\n  \"Method\": \"POST\",\n  \"URL\": \"/auth/resend-otp\",\n  \"Status\": \"400\",\n  \"Response Time (ms)\": \"81.299\"\n}","timestamp":"2025-03-04T07:06:23.636Z"}
{"level":"info","message":"{\n  \"Method\": \"OPTIONS\",\n  \"URL\": \"/auth/resend-otp\",\n  \"Status\": \"204\",\n  \"Response Time (ms)\": \"0.163\"\n}","timestamp":"2025-03-04T07:06:29.797Z"}
{"level":"info","message":"{\n  \"Method\": \"POST\",\n  \"URL\": \"/auth/resend-otp\",\n  \"Status\": \"400\",\n  \"Response Time (ms)\": \"43.802\"\n}","timestamp":"2025-03-04T07:06:29.843Z"}
{"level":"info","message":"{\n  \"Method\": \"POST\",\n  \"URL\": \"/auth/resend-otp\",\n  \"Status\": \"400\",\n  \"Response Time (ms)\": \"56.961\"\n}","timestamp":"2025-03-04T07:06:32.717Z"}
{"level":"info","message":"{\n  \"Method\": \"OPTIONS\",\n  \"URL\": \"/auth/sign-up\",\n  \"Status\": \"204\",\n  \"Response Time (ms)\": \"0.194\"\n}","timestamp":"2025-03-04T07:07:03.884Z"}
{"level":"info","message":"{\n  \"Method\": \"POST\",\n  \"URL\": \"/auth/sign-up\",\n  \"Status\": \"200\",\n  \"Response Time (ms)\": \"3688.514\"\n}","timestamp":"2025-03-04T07:07:07.575Z"}
{"level":"info","message":"{\n  \"Method\": \"OPTIONS\",\n  \"URL\": \"/auth/resend-otp\",\n  \"Status\": \"204\",\n  \"Response Time (ms)\": \"0.181\"\n}","timestamp":"2025-03-04T07:08:47.516Z"}
{"level":"info","message":"{\n  \"Method\": \"POST\",\n  \"URL\": \"/auth/resend-otp\",\n  \"Status\": \"200\",\n  \"Response Time (ms)\": \"3369.366\"\n}","timestamp":"2025-03-04T07:08:50.887Z"}
{"level":"info","message":"{\n  \"Method\": \"OPTIONS\",\n  \"URL\": \"/auth/resend-otp\",\n  \"Status\": \"204\",\n  \"Response Time (ms)\": \"0.195\"\n}","timestamp":"2025-03-04T07:10:41.866Z"}
{"level":"info","message":"{\n  \"Method\": \"POST\",\n  \"URL\": \"/auth/resend-otp\",\n  \"Status\": \"200\",\n  \"Response Time (ms)\": \"3546.865\"\n}","timestamp":"2025-03-04T07:10:45.415Z"}
{"level":"info","message":"{\n  \"Method\": \"OPTIONS\",\n  \"URL\": \"/auth/resend-otp\",\n  \"Status\": \"204\",\n  \"Response Time (ms)\": \"1.771\"\n}","timestamp":"2025-03-04T07:13:15.933Z"}
{"level":"info","message":"{\n  \"Method\": \"POST\",\n  \"URL\": \"/auth/resend-otp\",\n  \"Status\": \"200\",\n  \"Response Time (ms)\": \"3307.996\"\n}","timestamp":"2025-03-04T07:13:19.249Z"}
{"level":"info","message":"{\n  \"Method\": \"OPTIONS\",\n  \"URL\": \"/auth/sign-in\",\n  \"Status\": \"204\",\n  \"Response Time (ms)\": \"0.215\"\n}","timestamp":"2025-03-04T07:14:01.213Z"}
{"level":"info","message":"{\n  \"Method\": \"POST\",\n  \"URL\": \"/auth/sign-in\",\n  \"Status\": \"400\",\n  \"Response Time (ms)\": \"122.598\"\n}","timestamp":"2025-03-04T07:14:01.338Z"}
{"level":"info","message":"{\n  \"Method\": \"OPTIONS\",\n  \"URL\": \"/auth/sign-in\",\n  \"Status\": \"204\",\n  \"Response Time (ms)\": \"0.180\"\n}","timestamp":"2025-03-04T07:17:21.138Z"}
{"level":"info","message":"{\n  \"Method\": \"POST\",\n  \"URL\": \"/auth/sign-in\",\n  \"Status\": \"400\",\n  \"Response Time (ms)\": \"127.814\"\n}","timestamp":"2025-03-04T07:17:21.267Z"}
{"level":"info","message":"{\n  \"Method\": \"POST\",\n  \"URL\": \"/auth/sign-in\",\n  \"Status\": \"400\",\n  \"Response Time (ms)\": \"109.376\"\n}","timestamp":"2025-03-04T07:17:22.427Z"}
{"level":"info","message":"{\n  \"Method\": \"OPTIONS\",\n  \"URL\": \"/auth/sign-in\",\n  \"Status\": \"204\",\n  \"Response Time (ms)\": \"0.137\"\n}","timestamp":"2025-03-04T07:17:33.597Z"}
{"level":"info","message":"{\n  \"Method\": \"POST\",\n  \"URL\": \"/auth/sign-in\",\n  \"Status\": \"400\",\n  \"Response Time (ms)\": \"104.853\"\n}","timestamp":"2025-03-04T07:17:33.704Z"}
{"level":"info","message":"{\n  \"Method\": \"OPTIONS\",\n  \"URL\": \"/auth/sign-in\",\n  \"Status\": \"204\",\n  \"Response Time (ms)\": \"0.364\"\n}","timestamp":"2025-03-04T07:18:41.249Z"}
{"level":"info","message":"{\n  \"Method\": \"POST\",\n  \"URL\": \"/auth/sign-in\",\n  \"Status\": \"400\",\n  \"Response Time (ms)\": \"109.774\"\n}","timestamp":"2025-03-04T07:18:41.364Z"}
{"level":"info","message":"{\n  \"Method\": \"OPTIONS\",\n  \"URL\": \"/auth/sign-in\",\n  \"Status\": \"204\",\n  \"Response Time (ms)\": \"1.293\"\n}","timestamp":"2025-03-04T07:20:22.119Z"}
{"level":"info","message":"{\n  \"Method\": \"POST\",\n  \"URL\": \"/auth/sign-in\",\n  \"Status\": \"400\",\n  \"Response Time (ms)\": \"143.033\"\n}","timestamp":"2025-03-04T07:20:22.268Z"}
{"level":"info","message":"{\n  \"Method\": \"OPTIONS\",\n  \"URL\": \"/auth/sign-in\",\n  \"Status\": \"204\",\n  \"Response Time (ms)\": \"1.077\"\n}","timestamp":"2025-03-04T07:21:09.930Z"}
{"level":"info","message":"{\n  \"Method\": \"POST\",\n  \"URL\": \"/auth/sign-in\",\n  \"Status\": \"400\",\n  \"Response Time (ms)\": \"157.716\"\n}","timestamp":"2025-03-04T07:21:10.091Z"}
{"level":"info","message":"{\n  \"Method\": \"OPTIONS\",\n  \"URL\": \"/auth/sign-in\",\n  \"Status\": \"204\",\n  \"Response Time (ms)\": \"1.144\"\n}","timestamp":"2025-03-04T07:21:34.676Z"}
{"level":"info","message":"{\n  \"Method\": \"POST\",\n  \"URL\": \"/auth/sign-in\",\n  \"Status\": \"400\",\n  \"Response Time (ms)\": \"137.312\"\n}","timestamp":"2025-03-04T07:21:34.817Z"}
{"level":"info","message":"{\n  \"Method\": \"POST\",\n  \"URL\": \"/auth/sign-in\",\n  \"Status\": \"400\",\n  \"Response Time (ms)\": \"114.300\"\n}","timestamp":"2025-03-04T07:21:37.707Z"}
{"level":"info","message":"{\n  \"Method\": \"OPTIONS\",\n  \"URL\": \"/auth/sign-in\",\n  \"Status\": \"204\",\n  \"Response Time (ms)\": \"1.396\"\n}","timestamp":"2025-03-04T07:21:58.990Z"}
{"level":"info","message":"{\n  \"Method\": \"POST\",\n  \"URL\": \"/auth/sign-in\",\n  \"Status\": \"400\",\n  \"Response Time (ms)\": \"142.980\"\n}","timestamp":"2025-03-04T07:21:59.139Z"}
{"level":"info","message":"{\n  \"Method\": \"OPTIONS\",\n  \"URL\": \"/auth/sign-in\",\n  \"Status\": \"204\",\n  \"Response Time (ms)\": \"0.991\"\n}","timestamp":"2025-03-04T07:22:28.815Z"}
{"level":"info","message":"{\n  \"Method\": \"POST\",\n  \"URL\": \"/auth/sign-in\",\n  \"Status\": \"400\",\n  \"Response Time (ms)\": \"149.464\"\n}","timestamp":"2025-03-04T07:22:28.968Z"}
{"level":"info","message":"{\n  \"Method\": \"OPTIONS\",\n  \"URL\": \"/auth/sign-in\",\n  \"Status\": \"204\",\n  \"Response Time (ms)\": \"1.309\"\n}","timestamp":"2025-03-04T07:25:13.543Z"}
{"level":"info","message":"{\n  \"Method\": \"POST\",\n  \"URL\": \"/auth/sign-in\",\n  \"Status\": \"400\",\n  \"Response Time (ms)\": \"163.450\"\n}","timestamp":"2025-03-04T07:25:13.710Z"}
{"level":"info","message":"{\n  \"Method\": \"OPTIONS\",\n  \"URL\": \"/auth/sign-in\",\n  \"Status\": \"204\",\n  \"Response Time (ms)\": \"1.073\"\n}","timestamp":"2025-03-04T07:30:04.183Z"}
{"level":"info","message":"{\n  \"Method\": \"POST\",\n  \"URL\": \"/auth/sign-in\",\n  \"Status\": \"400\",\n  \"Response Time (ms)\": \"159.258\"\n}","timestamp":"2025-03-04T07:30:04.346Z"}
{"level":"info","message":"{\n  \"Method\": \"OPTIONS\",\n  \"URL\": \"/auth/sign-in\",\n  \"Status\": \"204\",\n  \"Response Time (ms)\": \"1.027\"\n}","timestamp":"2025-03-04T07:30:51.623Z"}
{"level":"info","message":"{\n  \"Method\": \"POST\",\n  \"URL\": \"/auth/sign-in\",\n  \"Status\": \"400\",\n  \"Response Time (ms)\": \"674.201\"\n}","timestamp":"2025-03-04T07:30:52.301Z"}
{"level":"info","message":"{\n  \"Method\": \"OPTIONS\",\n  \"URL\": \"/auth/sign-in\",\n  \"Status\": \"204\",\n  \"Response Time (ms)\": \"0.203\"\n}","timestamp":"2025-03-04T07:30:59.030Z"}
{"level":"info","message":"{\n  \"Method\": \"POST\",\n  \"URL\": \"/auth/sign-in\",\n  \"Status\": \"400\",\n  \"Response Time (ms)\": \"125.664\"\n}","timestamp":"2025-03-04T07:30:59.158Z"}
{"level":"info","message":"{\n  \"Method\": \"OPTIONS\",\n  \"URL\": \"/auth/sign-in\",\n  \"Status\": \"204\",\n  \"Response Time (ms)\": \"1.576\"\n}","timestamp":"2025-03-04T07:39:34.201Z"}
{"level":"info","message":"{\n  \"Method\": \"POST\",\n  \"URL\": \"/auth/sign-in\",\n  \"Status\": \"400\",\n  \"Response Time (ms)\": \"147.191\"\n}","timestamp":"2025-03-04T07:39:34.352Z"}
{"level":"info","message":"{\n  \"Method\": \"OPTIONS\",\n  \"URL\": \"/auth/sign-in\",\n  \"Status\": \"204\",\n  \"Response Time (ms)\": \"0.192\"\n}","timestamp":"2025-03-04T07:39:58.987Z"}
{"level":"info","message":"{\n  \"Method\": \"POST\",\n  \"URL\": \"/auth/sign-in\",\n  \"Status\": \"400\",\n  \"Response Time (ms)\": \"133.820\"\n}","timestamp":"2025-03-04T07:39:59.123Z"}
{"level":"info","message":"{\n  \"Method\": \"OPTIONS\",\n  \"URL\": \"/auth/sign-in\",\n  \"Status\": \"204\",\n  \"Response Time (ms)\": \"0.140\"\n}","timestamp":"2025-03-04T07:40:12.706Z"}
{"level":"info","message":"{\n  \"Method\": \"POST\",\n  \"URL\": \"/auth/sign-in\",\n  \"Status\": \"400\",\n  \"Response Time (ms)\": \"133.326\"\n}","timestamp":"2025-03-04T07:40:12.843Z"}
{"level":"info","message":"{\n  \"Method\": \"OPTIONS\",\n  \"URL\": \"/auth/sign-in\",\n  \"Status\": \"204\",\n  \"Response Time (ms)\": \"0.337\"\n}","timestamp":"2025-03-04T07:40:23.909Z"}
{"level":"info","message":"{\n  \"Method\": \"POST\",\n  \"URL\": \"/auth/sign-in\",\n  \"Status\": \"400\",\n  \"Response Time (ms)\": \"131.164\"\n}","timestamp":"2025-03-04T07:40:24.042Z"}
{"level":"info","message":"{\n  \"Method\": \"OPTIONS\",\n  \"URL\": \"/auth/sign-in\",\n  \"Status\": \"204\",\n  \"Response Time (ms)\": \"0.166\"\n}","timestamp":"2025-03-04T07:40:52.219Z"}
{"level":"info","message":"{\n  \"Method\": \"POST\",\n  \"URL\": \"/auth/sign-in\",\n  \"Status\": \"400\",\n  \"Response Time (ms)\": \"128.920\"\n}","timestamp":"2025-03-04T07:40:52.350Z"}
{"level":"info","message":"{\n  \"Method\": \"OPTIONS\",\n  \"URL\": \"/auth/sign-in\",\n  \"Status\": \"204\",\n  \"Response Time (ms)\": \"0.125\"\n}","timestamp":"2025-03-04T07:41:03.690Z"}
{"level":"info","message":"{\n  \"Method\": \"POST\",\n  \"URL\": \"/auth/sign-in\",\n  \"Status\": \"400\",\n  \"Response Time (ms)\": \"125.932\"\n}","timestamp":"2025-03-04T07:41:03.818Z"}
{"level":"info","message":"{\n  \"Method\": \"OPTIONS\",\n  \"URL\": \"/auth/sign-in\",\n  \"Status\": \"204\",\n  \"Response Time (ms)\": \"0.147\"\n}","timestamp":"2025-03-04T07:41:46.057Z"}
{"level":"info","message":"{\n  \"Method\": \"POST\",\n  \"URL\": \"/auth/sign-in\",\n  \"Status\": \"400\",\n  \"Response Time (ms)\": \"123.098\"\n}","timestamp":"2025-03-04T07:41:46.182Z"}
{"level":"info","message":"{\n  \"Method\": \"OPTIONS\",\n  \"URL\": \"/auth/sign-in\",\n  \"Status\": \"204\",\n  \"Response Time (ms)\": \"0.156\"\n}","timestamp":"2025-03-04T07:42:12.431Z"}
{"level":"info","message":"{\n  \"Method\": \"POST\",\n  \"URL\": \"/auth/sign-in\",\n  \"Status\": \"400\",\n  \"Response Time (ms)\": \"128.548\"\n}","timestamp":"2025-03-04T07:42:12.561Z"}
{"level":"info","message":"{\n  \"Method\": \"OPTIONS\",\n  \"URL\": \"/auth/sign-in\",\n  \"Status\": \"204\",\n  \"Response Time (ms)\": \"0.201\"\n}","timestamp":"2025-03-04T07:42:56.731Z"}
{"level":"info","message":"{\n  \"Method\": \"POST\",\n  \"URL\": \"/auth/sign-in\",\n  \"Status\": \"400\",\n  \"Response Time (ms)\": \"128.697\"\n}","timestamp":"2025-03-04T07:42:56.863Z"}
{"level":"info","message":"{\n  \"Method\": \"OPTIONS\",\n  \"URL\": \"/auth/sign-in\",\n  \"Status\": \"204\",\n  \"Response Time (ms)\": \"0.112\"\n}","timestamp":"2025-03-04T07:43:11.354Z"}
{"level":"info","message":"{\n  \"Method\": \"POST\",\n  \"URL\": \"/auth/sign-in\",\n  \"Status\": \"400\",\n  \"Response Time (ms)\": \"144.335\"\n}","timestamp":"2025-03-04T07:43:11.501Z"}
{"level":"info","message":"{\n  \"Method\": \"OPTIONS\",\n  \"URL\": \"/auth/sign-in\",\n  \"Status\": \"204\",\n  \"Response Time (ms)\": \"0.140\"\n}","timestamp":"2025-03-04T07:43:52.848Z"}
{"level":"info","message":"{\n  \"Method\": \"POST\",\n  \"URL\": \"/auth/sign-in\",\n  \"Status\": \"400\",\n  \"Response Time (ms)\": \"136.528\"\n}","timestamp":"2025-03-04T07:43:52.986Z"}
{"level":"info","message":"{\n  \"Method\": \"OPTIONS\",\n  \"URL\": \"/auth/sign-in\",\n  \"Status\": \"204\",\n  \"Response Time (ms)\": \"0.186\"\n}","timestamp":"2025-03-04T07:44:36.609Z"}
{"level":"info","message":"{\n  \"Method\": \"POST\",\n  \"URL\": \"/auth/sign-in\",\n  \"Status\": \"400\",\n  \"Response Time (ms)\": \"125.767\"\n}","timestamp":"2025-03-04T07:44:36.738Z"}
{"level":"info","message":"{\n  \"Method\": \"OPTIONS\",\n  \"URL\": \"/auth/sign-in\",\n  \"Status\": \"204\",\n  \"Response Time (ms)\": \"1.319\"\n}","timestamp":"2025-03-04T07:44:46.916Z"}
{"level":"info","message":"{\n  \"Method\": \"POST\",\n  \"URL\": \"/auth/sign-in\",\n  \"Status\": \"400\",\n  \"Response Time (ms)\": \"145.712\"\n}","timestamp":"2025-03-04T07:44:47.064Z"}
{"level":"info","message":"{\n  \"Method\": \"OPTIONS\",\n  \"URL\": \"/auth/sign-in\",\n  \"Status\": \"204\",\n  \"Response Time (ms)\": \"0.115\"\n}","timestamp":"2025-03-04T07:45:10.809Z"}
{"level":"info","message":"{\n  \"Method\": \"POST\",\n  \"URL\": \"/auth/sign-in\",\n  \"Status\": \"400\",\n  \"Response Time (ms)\": \"138.607\"\n}","timestamp":"2025-03-04T07:45:10.949Z"}
{"level":"info","message":"{\n  \"Method\": \"OPTIONS\",\n  \"URL\": \"/auth/admin/sign-in\",\n  \"Status\": \"204\",\n  \"Response Time (ms)\": \"0.172\"\n}","timestamp":"2025-03-04T07:45:47.353Z"}
{"level":"info","message":"{\n  \"Method\": \"POST\",\n  \"URL\": \"/auth/admin/sign-in\",\n  \"Status\": \"200\",\n  \"Response Time (ms)\": \"129.139\"\n}","timestamp":"2025-03-04T07:45:47.484Z"}
{"level":"info","message":"{\n  \"Method\": \"GET\",\n  \"URL\": \"/admin/users\",\n  \"Status\": \"200\",\n  \"Response Time (ms)\": \"53.735\"\n}","timestamp":"2025-03-04T07:45:48.735Z"}
{"level":"info","message":"{\n  \"Method\": \"OPTIONS\",\n  \"URL\": \"/admin/updateUser\",\n  \"Status\": \"204\",\n  \"Response Time (ms)\": \"0.128\"\n}","timestamp":"2025-03-04T07:45:50.597Z"}
{"level":"info","message":"{\n  \"Method\": \"PUT\",\n  \"URL\": \"/admin/updateUser\",\n  \"Status\": \"200\",\n  \"Response Time (ms)\": \"117.969\"\n}","timestamp":"2025-03-04T07:45:50.716Z"}
{"level":"info","message":"{\n  \"Method\": \"GET\",\n  \"URL\": \"/admin/users\",\n  \"Status\": \"200\",\n  \"Response Time (ms)\": \"49.569\"\n}","timestamp":"2025-03-04T07:45:50.770Z"}
{"level":"info","message":"{\n  \"Method\": \"OPTIONS\",\n  \"URL\": \"/auth/sign-in\",\n  \"Status\": \"204\",\n  \"Response Time (ms)\": \"0.192\"\n}","timestamp":"2025-03-04T07:45:53.529Z"}
{"level":"info","message":"{\n  \"Method\": \"POST\",\n  \"URL\": \"/auth/sign-in\",\n  \"Status\": \"401\",\n  \"Response Time (ms)\": \"68.060\"\n}","timestamp":"2025-03-04T07:45:53.600Z"}
{"level":"info","message":"{\n  \"Method\": \"GET\",\n  \"URL\": \"/auth/refresh-token\",\n  \"Status\": \"403\",\n  \"Response Time (ms)\": \"1.288\"\n}","timestamp":"2025-03-04T07:45:53.747Z"}
{"level":"info","message":"{\n  \"Method\": \"OPTIONS\",\n  \"URL\": \"/auth/sign-in\",\n  \"Status\": \"204\",\n  \"Response Time (ms)\": \"0.100\"\n}","timestamp":"2025-03-04T07:46:29.250Z"}
{"level":"info","message":"{\n  \"Method\": \"POST\",\n  \"URL\": \"/auth/sign-in\",\n  \"Status\": \"401\",\n  \"Response Time (ms)\": \"59.573\"\n}","timestamp":"2025-03-04T07:46:29.311Z"}
{"level":"info","message":"{\n  \"Method\": \"GET\",\n  \"URL\": \"/auth/refresh-token\",\n  \"Status\": \"403\",\n  \"Response Time (ms)\": \"0.390\"\n}","timestamp":"2025-03-04T07:46:29.453Z"}
{"level":"info","message":"{\n  \"Method\": \"OPTIONS\",\n  \"URL\": \"/auth/sign-in\",\n  \"Status\": \"204\",\n  \"Response Time (ms)\": \"0.127\"\n}","timestamp":"2025-03-04T07:46:55.498Z"}
{"level":"info","message":"{\n  \"Method\": \"POST\",\n  \"URL\": \"/auth/sign-in\",\n  \"Status\": \"401\",\n  \"Response Time (ms)\": \"66.394\"\n}","timestamp":"2025-03-04T07:46:55.567Z"}
{"level":"info","message":"{\n  \"Method\": \"GET\",\n  \"URL\": \"/auth/refresh-token\",\n  \"Status\": \"403\",\n  \"Response Time (ms)\": \"0.343\"\n}","timestamp":"2025-03-04T07:46:55.709Z"}
{"level":"info","message":"{\n  \"Method\": \"OPTIONS\",\n  \"URL\": \"/auth/sign-in\",\n  \"Status\": \"204\",\n  \"Response Time (ms)\": \"0.150\"\n}","timestamp":"2025-03-04T07:47:26.460Z"}
{"level":"info","message":"{\n  \"Method\": \"POST\",\n  \"URL\": \"/auth/sign-in\",\n  \"Status\": \"401\",\n  \"Response Time (ms)\": \"61.121\"\n}","timestamp":"2025-03-04T07:47:26.523Z"}
{"level":"info","message":"{\n  \"Method\": \"GET\",\n  \"URL\": \"/auth/refresh-token\",\n  \"Status\": \"403\",\n  \"Response Time (ms)\": \"0.442\"\n}","timestamp":"2025-03-04T07:47:26.666Z"}
{"level":"info","message":"{\n  \"Method\": \"OPTIONS\",\n  \"URL\": \"/auth/sign-in\",\n  \"Status\": \"204\",\n  \"Response Time (ms)\": \"0.142\"\n}","timestamp":"2025-03-04T07:47:55.561Z"}
{"level":"info","message":"{\n  \"Method\": \"POST\",\n  \"URL\": \"/auth/sign-in\",\n  \"Status\": \"401\",\n  \"Response Time (ms)\": \"63.068\"\n}","timestamp":"2025-03-04T07:47:55.627Z"}
{"level":"info","message":"{\n  \"Method\": \"GET\",\n  \"URL\": \"/admin/users\",\n  \"Status\": \"304\",\n  \"Response Time (ms)\": \"49.120\"\n}","timestamp":"2025-03-04T07:48:06.235Z"}
{"level":"info","message":"{\n  \"Method\": \"OPTIONS\",\n  \"URL\": \"/admin/updateUser\",\n  \"Status\": \"204\",\n  \"Response Time (ms)\": \"0.114\"\n}","timestamp":"2025-03-04T07:48:06.681Z"}
{"level":"info","message":"{\n  \"Method\": \"PUT\",\n  \"URL\": \"/admin/updateUser\",\n  \"Status\": \"200\",\n  \"Response Time (ms)\": \"112.000\"\n}","timestamp":"2025-03-04T07:48:06.794Z"}
{"level":"info","message":"{\n  \"Method\": \"GET\",\n  \"URL\": \"/admin/users\",\n  \"Status\": \"200\",\n  \"Response Time (ms)\": \"49.519\"\n}","timestamp":"2025-03-04T07:48:06.846Z"}
{"level":"info","message":"{\n  \"Method\": \"OPTIONS\",\n  \"URL\": \"/auth/sign-in\",\n  \"Status\": \"204\",\n  \"Response Time (ms)\": \"0.104\"\n}","timestamp":"2025-03-04T07:48:08.988Z"}
{"level":"info","message":"{\n  \"Method\": \"POST\",\n  \"URL\": \"/auth/sign-in\",\n  \"Status\": \"400\",\n  \"Response Time (ms)\": \"129.425\"\n}","timestamp":"2025-03-04T07:48:09.119Z"}
{"level":"info","message":"{\n  \"Method\": \"POST\",\n  \"URL\": \"/auth/sign-in\",\n  \"Status\": \"200\",\n  \"Response Time (ms)\": \"130.288\"\n}","timestamp":"2025-03-04T07:48:12.757Z"}
{"level":"info","message":"{\n  \"Method\": \"OPTIONS\",\n  \"URL\": \"/user/logout\",\n  \"Status\": \"204\",\n  \"Response Time (ms)\": \"0.115\"\n}","timestamp":"2025-03-04T07:48:19.246Z"}
{"level":"info","message":"{\n  \"Method\": \"POST\",\n  \"URL\": \"/user/logout\",\n  \"Status\": \"200\",\n  \"Response Time (ms)\": \"0.642\"\n}","timestamp":"2025-03-04T07:48:19.248Z"}
{"level":"info","message":"{\n  \"Method\": \"OPTIONS\",\n  \"URL\": \"/auth/sign-in\",\n  \"Status\": \"204\",\n  \"Response Time (ms)\": \"0.114\"\n}","timestamp":"2025-03-04T07:48:37.518Z"}
{"level":"info","message":"{\n  \"Method\": \"POST\",\n  \"URL\": \"/auth/sign-in\",\n  \"Status\": \"400\",\n  \"Response Time (ms)\": \"47.144\"\n}","timestamp":"2025-03-04T07:48:37.567Z"}
{"level":"info","message":"{\n  \"Method\": \"OPTIONS\",\n  \"URL\": \"/auth/sign-in\",\n  \"Status\": \"204\",\n  \"Response Time (ms)\": \"0.092\"\n}","timestamp":"2025-03-04T07:49:19.745Z"}
{"level":"info","message":"{\n  \"Method\": \"POST\",\n  \"URL\": \"/auth/sign-in\",\n  \"Status\": \"401\",\n  \"Response Time (ms)\": \"46.911\"\n}","timestamp":"2025-03-04T07:49:19.794Z"}
{"level":"info","message":"{\n  \"Method\": \"GET\",\n  \"URL\": \"/admin/users\",\n  \"Status\": \"200\",\n  \"Response Time (ms)\": \"49.979\"\n}","timestamp":"2025-03-04T07:49:23.680Z"}
{"level":"info","message":"{\n  \"Method\": \"OPTIONS\",\n  \"URL\": \"/admin/updateUser\",\n  \"Status\": \"204\",\n  \"Response Time (ms)\": \"0.150\"\n}","timestamp":"2025-03-04T07:49:24.630Z"}
{"level":"info","message":"{\n  \"Method\": \"PUT\",\n  \"URL\": \"/admin/updateUser\",\n  \"Status\": \"200\",\n  \"Response Time (ms)\": \"104.271\"\n}","timestamp":"2025-03-04T07:49:24.736Z"}
{"level":"info","message":"{\n  \"Method\": \"GET\",\n  \"URL\": \"/admin/users\",\n  \"Status\": \"200\",\n  \"Response Time (ms)\": \"48.727\"\n}","timestamp":"2025-03-04T07:49:24.788Z"}
{"level":"info","message":"{\n  \"Method\": \"OPTIONS\",\n  \"URL\": \"/auth/sign-in\",\n  \"Status\": \"204\",\n  \"Response Time (ms)\": \"0.114\"\n}","timestamp":"2025-03-04T07:49:26.212Z"}
{"level":"info","message":"{\n  \"Method\": \"POST\",\n  \"URL\": \"/auth/sign-in\",\n  \"Status\": \"200\",\n  \"Response Time (ms)\": \"119.717\"\n}","timestamp":"2025-03-04T07:49:26.334Z"}
{"level":"info","message":"{\n  \"Method\": \"OPTIONS\",\n  \"URL\": \"/user/logout\",\n  \"Status\": \"204\",\n  \"Response Time (ms)\": \"0.143\"\n}","timestamp":"2025-03-04T07:50:02.879Z"}
{"level":"info","message":"{\n  \"Method\": \"POST\",\n  \"URL\": \"/user/logout\",\n  \"Status\": \"200\",\n  \"Response Time (ms)\": \"0.459\"\n}","timestamp":"2025-03-04T07:50:02.882Z"}
{"level":"info","message":"{\n  \"Method\": \"OPTIONS\",\n  \"URL\": \"/auth/sign-in\",\n  \"Status\": \"204\",\n  \"Response Time (ms)\": \"0.155\"\n}","timestamp":"2025-03-04T07:50:08.258Z"}
{"level":"info","message":"{\n  \"Method\": \"POST\",\n  \"URL\": \"/auth/sign-in\",\n  \"Status\": \"401\",\n  \"Response Time (ms)\": \"49.503\"\n}","timestamp":"2025-03-04T07:50:08.311Z"}
{"level":"info","message":"{\n  \"Method\": \"GET\",\n  \"URL\": \"/admin/users\",\n  \"Status\": \"200\",\n  \"Response Time (ms)\": \"48.805\"\n}","timestamp":"2025-03-04T07:50:11.348Z"}
{"level":"info","message":"{\n  \"Method\": \"OPTIONS\",\n  \"URL\": \"/admin/updateUser\",\n  \"Status\": \"204\",\n  \"Response Time (ms)\": \"0.121\"\n}","timestamp":"2025-03-04T07:50:39.622Z"}
{"level":"info","message":"{\n  \"Method\": \"PUT\",\n  \"URL\": \"/admin/updateUser\",\n  \"Status\": \"200\",\n  \"Response Time (ms)\": \"102.105\"\n}","timestamp":"2025-03-04T07:50:39.726Z"}
{"level":"info","message":"{\n  \"Method\": \"GET\",\n  \"URL\": \"/admin/users\",\n  \"Status\": \"200\",\n  \"Response Time (ms)\": \"54.039\"\n}","timestamp":"2025-03-04T07:50:39.783Z"}
{"level":"info","message":"{\n  \"Method\": \"OPTIONS\",\n  \"URL\": \"/auth/sign-in\",\n  \"Status\": \"204\",\n  \"Response Time (ms)\": \"0.144\"\n}","timestamp":"2025-03-04T07:50:43.287Z"}
{"level":"info","message":"{\n  \"Method\": \"POST\",\n  \"URL\": \"/auth/sign-in\",\n  \"Status\": \"401\",\n  \"Response Time (ms)\": \"115.088\"\n}","timestamp":"2025-03-04T07:50:43.404Z"}
{"level":"info","message":"{\n  \"Method\": \"OPTIONS\",\n  \"URL\": \"/auth/sign-in\",\n  \"Status\": \"204\",\n  \"Response Time (ms)\": \"0.099\"\n}","timestamp":"2025-03-04T07:50:59.487Z"}
{"level":"info","message":"{\n  \"Method\": \"POST\",\n  \"URL\": \"/auth/sign-in\",\n  \"Status\": \"200\",\n  \"Response Time (ms)\": \"117.551\"\n}","timestamp":"2025-03-04T07:50:59.607Z"}
{"level":"info","message":"{\n  \"Method\": \"GET\",\n  \"URL\": \"/admin/users\",\n  \"Status\": \"200\",\n  \"Response Time (ms)\": \"52.234\"\n}","timestamp":"2025-03-04T07:51:03.968Z"}
{"level":"info","message":"{\n  \"Method\": \"OPTIONS\",\n  \"URL\": \"/admin/updateUser\",\n  \"Status\": \"204\",\n  \"Response Time (ms)\": \"0.125\"\n}","timestamp":"2025-03-04T07:51:06.146Z"}
{"level":"info","message":"{\n  \"Method\": \"PUT\",\n  \"URL\": \"/admin/updateUser\",\n  \"Status\": \"200\",\n  \"Response Time (ms)\": \"107.200\"\n}","timestamp":"2025-03-04T07:51:06.254Z"}
{"level":"info","message":"{\n  \"Method\": \"GET\",\n  \"URL\": \"/admin/users\",\n  \"Status\": \"200\",\n  \"Response Time (ms)\": \"50.065\"\n}","timestamp":"2025-03-04T07:51:06.307Z"}
{"level":"info","message":"{\n  \"Method\": \"GET\",\n  \"URL\": \"/admin/users\",\n  \"Status\": \"304\",\n  \"Response Time (ms)\": \"52.157\"\n}","timestamp":"2025-03-04T07:52:37.948Z"}
{"level":"info","message":"{\n  \"Method\": \"GET\",\n  \"URL\": \"/admin/users\",\n  \"Status\": \"304\",\n  \"Response Time (ms)\": \"52.055\"\n}","timestamp":"2025-03-04T08:03:52.021Z"}
{"level":"info","message":"{\n  \"Method\": \"GET\",\n  \"URL\": \"/admin/users\",\n  \"Status\": \"304\",\n  \"Response Time (ms)\": \"51.269\"\n}","timestamp":"2025-03-04T08:04:09.399Z"}
{"level":"info","message":"{\n  \"Method\": \"GET\",\n  \"URL\": \"/admin/users\",\n  \"Status\": \"304\",\n  \"Response Time (ms)\": \"52.205\"\n}","timestamp":"2025-03-04T08:04:15.145Z"}
{"level":"info","message":"{\n  \"Method\": \"GET\",\n  \"URL\": \"/admin/users\",\n  \"Status\": \"304\",\n  \"Response Time (ms)\": \"57.441\"\n}","timestamp":"2025-03-04T08:04:17.371Z"}
{"level":"info","message":"{\n  \"Method\": \"GET\",\n  \"URL\": \"/admin/users\",\n  \"Status\": \"304\",\n  \"Response Time (ms)\": \"92.669\"\n}","timestamp":"2025-03-04T08:04:59.729Z"}
{"level":"info","message":"{\n  \"Method\": \"GET\",\n  \"URL\": \"/admin/users\",\n  \"Status\": \"304\",\n  \"Response Time (ms)\": \"50.547\"\n}","timestamp":"2025-03-04T08:08:23.352Z"}
{"level":"info","message":"{\n  \"Method\": \"GET\",\n  \"URL\": \"/admin/users\",\n  \"Status\": \"304\",\n  \"Response Time (ms)\": \"79.752\"\n}","timestamp":"2025-03-04T08:26:58.839Z"}
{"level":"info","message":"{\n  \"Method\": \"OPTIONS\",\n  \"URL\": \"/auth/sign-up\",\n  \"Status\": \"204\",\n  \"Response Time (ms)\": \"1.638\"\n}","timestamp":"2025-03-04T08:28:11.097Z"}
{"level":"info","message":"{\n  \"Method\": \"POST\",\n  \"URL\": \"/auth/sign-up\",\n  \"Status\": \"400\",\n  \"Response Time (ms)\": \"21.828\"\n}","timestamp":"2025-03-04T08:28:11.125Z"}
{"level":"info","message":"{\n  \"Method\": \"OPTIONS\",\n  \"URL\": \"/auth/sign-up\",\n  \"Status\": \"204\",\n  \"Response Time (ms)\": \"0.236\"\n}","timestamp":"2025-03-04T08:28:27.438Z"}
{"level":"info","message":"{\n  \"Method\": \"POST\",\n  \"URL\": \"/auth/sign-up\",\n  \"Status\": \"400\",\n  \"Response Time (ms)\": \"1.768\"\n}","timestamp":"2025-03-04T08:28:27.442Z"}
{"level":"info","message":"{\n  \"Method\": \"OPTIONS\",\n  \"URL\": \"/auth/sign-up\",\n  \"Status\": \"204\",\n  \"Response Time (ms)\": \"1.094\"\n}","timestamp":"2025-03-04T08:29:35.818Z"}
{"level":"info","message":"{\n  \"Method\": \"POST\",\n  \"URL\": \"/auth/sign-up\",\n  \"Status\": \"400\",\n  \"Response Time (ms)\": \"0.986\"\n}","timestamp":"2025-03-04T08:29:35.822Z"}
{"level":"info","message":"{\n  \"Method\": \"OPTIONS\",\n  \"URL\": \"/auth/sign-up\",\n  \"Status\": \"204\",\n  \"Response Time (ms)\": \"0.264\"\n}","timestamp":"2025-03-04T08:29:48.850Z"}
{"level":"info","message":"{\n  \"Method\": \"POST\",\n  \"URL\": \"/auth/sign-up\",\n  \"Status\": \"400\",\n  \"Response Time (ms)\": \"0.752\"\n}","timestamp":"2025-03-04T08:29:48.853Z"}
{"level":"info","message":"{\n  \"Method\": \"OPTIONS\",\n  \"URL\": \"/auth/sign-up\",\n  \"Status\": \"204\",\n  \"Response Time (ms)\": \"0.309\"\n}","timestamp":"2025-03-04T08:30:46.608Z"}
{"level":"info","message":"{\n  \"Method\": \"POST\",\n  \"URL\": \"/auth/sign-up\",\n  \"Status\": \"400\",\n  \"Response Time (ms)\": \"1.176\"\n}","timestamp":"2025-03-04T08:30:46.613Z"}
{"level":"info","message":"{\n  \"Method\": \"OPTIONS\",\n  \"URL\": \"/auth/sign-up\",\n  \"Status\": \"204\",\n  \"Response Time (ms)\": \"0.182\"\n}","timestamp":"2025-03-04T08:31:36.976Z"}
{"level":"info","message":"{\n  \"Method\": \"POST\",\n  \"URL\": \"/auth/sign-up\",\n  \"Status\": \"400\",\n  \"Response Time (ms)\": \"14.917\"\n}","timestamp":"2025-03-04T08:31:36.994Z"}
{"level":"info","message":"{\n  \"Method\": \"OPTIONS\",\n  \"URL\": \"/auth/sign-up\",\n  \"Status\": \"204\",\n  \"Response Time (ms)\": \"0.164\"\n}","timestamp":"2025-03-04T08:32:33.632Z"}
{"level":"info","message":"{\n  \"Method\": \"POST\",\n  \"URL\": \"/auth/sign-up\",\n  \"Status\": \"400\",\n  \"Response Time (ms)\": \"0.918\"\n}","timestamp":"2025-03-04T08:32:33.635Z"}
{"level":"info","message":"{\n  \"Method\": \"OPTIONS\",\n  \"URL\": \"/auth/sign-up\",\n  \"Status\": \"204\",\n  \"Response Time (ms)\": \"0.226\"\n}","timestamp":"2025-03-04T08:33:07.234Z"}
{"level":"info","message":"{\n  \"Method\": \"POST\",\n  \"URL\": \"/auth/sign-up\",\n  \"Status\": \"400\",\n  \"Response Time (ms)\": \"15.253\"\n}","timestamp":"2025-03-04T08:33:07.251Z"}
{"level":"info","message":"{\n  \"Method\": \"OPTIONS\",\n  \"URL\": \"/auth/sign-up\",\n  \"Status\": \"204\",\n  \"Response Time (ms)\": \"0.188\"\n}","timestamp":"2025-03-04T08:33:46.726Z"}
{"level":"info","message":"{\n  \"Method\": \"POST\",\n  \"URL\": \"/auth/sign-up\",\n  \"Status\": \"400\",\n  \"Response Time (ms)\": \"15.806\"\n}","timestamp":"2025-03-04T08:33:46.745Z"}
{"level":"info","message":"{\n  \"Method\": \"OPTIONS\",\n  \"URL\": \"/auth/sign-up\",\n  \"Status\": \"204\",\n  \"Response Time (ms)\": \"0.191\"\n}","timestamp":"2025-03-04T08:33:58.586Z"}
{"level":"info","message":"{\n  \"Method\": \"POST\",\n  \"URL\": \"/auth/sign-up\",\n  \"Status\": \"400\",\n  \"Response Time (ms)\": \"18.456\"\n}","timestamp":"2025-03-04T08:33:58.607Z"}
{"level":"info","message":"{\n  \"Method\": \"OPTIONS\",\n  \"URL\": \"/auth/sign-up\",\n  \"Status\": \"204\",\n  \"Response Time (ms)\": \"0.155\"\n}","timestamp":"2025-03-04T08:34:08.613Z"}
{"level":"info","message":"{\n  \"Method\": \"POST\",\n  \"URL\": \"/auth/sign-up\",\n  \"Status\": \"400\",\n  \"Response Time (ms)\": \"16.509\"\n}","timestamp":"2025-03-04T08:34:08.633Z"}
{"level":"info","message":"{\n  \"Method\": \"OPTIONS\",\n  \"URL\": \"/auth/sign-up\",\n  \"Status\": \"204\",\n  \"Response Time (ms)\": \"0.178\"\n}","timestamp":"2025-03-04T08:35:47.761Z"}
{"level":"info","message":"{\n  \"Method\": \"POST\",\n  \"URL\": \"/auth/sign-up\",\n  \"Status\": \"400\",\n  \"Response Time (ms)\": \"17.660\"\n}","timestamp":"2025-03-04T08:35:47.781Z"}
{"level":"info","message":"{\n  \"Method\": \"OPTIONS\",\n  \"URL\": \"/auth/sign-up\",\n  \"Status\": \"204\",\n  \"Response Time (ms)\": \"2.583\"\n}","timestamp":"2025-03-04T08:36:30.540Z"}
{"level":"info","message":"{\n  \"Method\": \"POST\",\n  \"URL\": \"/auth/sign-up\",\n  \"Status\": \"200\",\n  \"Response Time (ms)\": \"4051.775\"\n}","timestamp":"2025-03-04T08:36:34.596Z"}
{"level":"info","message":"{\n  \"Method\": \"OPTIONS\",\n  \"URL\": \"/auth/sign-up\",\n  \"Status\": \"204\",\n  \"Response Time (ms)\": \"1.138\"\n}","timestamp":"2025-03-04T08:43:21.664Z"}
{"level":"info","message":"{\n  \"Method\": \"POST\",\n  \"URL\": \"/auth/sign-up\",\n  \"Status\": \"200\",\n  \"Response Time (ms)\": \"3592.140\"\n}","timestamp":"2025-03-04T08:43:25.261Z"}
{"level":"info","message":"{\n  \"Method\": \"OPTIONS\",\n  \"URL\": \"/auth/verify-otp\",\n  \"Status\": \"204\",\n  \"Response Time (ms)\": \"0.191\"\n}","timestamp":"2025-03-04T08:43:30.878Z"}
{"level":"info","message":"{\n  \"Method\": \"POST\",\n  \"URL\": \"/auth/verify-otp\",\n  \"Status\": \"400\",\n  \"Response Time (ms)\": \"128.482\"\n}","timestamp":"2025-03-04T08:43:31.009Z"}
{"level":"info","message":"{\n  \"Method\": \"OPTIONS\",\n  \"URL\": \"/auth/verify-otp\",\n  \"Status\": \"204\",\n  \"Response Time (ms)\": \"0.146\"\n}","timestamp":"2025-03-04T08:43:56.212Z"}
{"level":"info","message":"{\n  \"Method\": \"POST\",\n  \"URL\": \"/auth/verify-otp\",\n  \"Status\": \"400\",\n  \"Response Time (ms)\": \"127.877\"\n}","timestamp":"2025-03-04T08:43:56.342Z"}
{"level":"info","message":"{\n  \"Method\": \"OPTIONS\",\n  \"URL\": \"/auth/verify-otp\",\n  \"Status\": \"204\",\n  \"Response Time (ms)\": \"0.394\"\n}","timestamp":"2025-03-04T08:44:25.865Z"}
{"level":"info","message":"{\n  \"Method\": \"POST\",\n  \"URL\": \"/auth/verify-otp\",\n  \"Status\": \"400\",\n  \"Response Time (ms)\": \"100.922\"\n}","timestamp":"2025-03-04T08:44:25.968Z"}
{"level":"info","message":"{\n  \"Method\": \"OPTIONS\",\n  \"URL\": \"/auth/verify-otp\",\n  \"Status\": \"204\",\n  \"Response Time (ms)\": \"0.276\"\n}","timestamp":"2025-03-04T08:44:42.799Z"}
{"level":"info","message":"{\n  \"Method\": \"POST\",\n  \"URL\": \"/auth/verify-otp\",\n  \"Status\": \"400\",\n  \"Response Time (ms)\": \"119.754\"\n}","timestamp":"2025-03-04T08:44:42.921Z"}
{"level":"info","message":"{\n  \"Method\": \"OPTIONS\",\n  \"URL\": \"/auth/verify-otp\",\n  \"Status\": \"204\",\n  \"Response Time (ms)\": \"0.159\"\n}","timestamp":"2025-03-04T08:45:37.368Z"}
{"level":"info","message":"{\n  \"Method\": \"POST\",\n  \"URL\": \"/auth/verify-otp\",\n  \"Status\": \"400\",\n  \"Response Time (ms)\": \"119.776\"\n}","timestamp":"2025-03-04T08:45:37.491Z"}
{"level":"info","message":"{\n  \"Method\": \"OPTIONS\",\n  \"URL\": \"/auth/verify-otp\",\n  \"Status\": \"204\",\n  \"Response Time (ms)\": \"0.143\"\n}","timestamp":"2025-03-04T08:45:53.148Z"}
{"level":"info","message":"{\n  \"Method\": \"POST\",\n  \"URL\": \"/auth/verify-otp\",\n  \"Status\": \"400\",\n  \"Response Time (ms)\": \"123.048\"\n}","timestamp":"2025-03-04T08:45:53.273Z"}
{"level":"info","message":"{\n  \"Method\": \"OPTIONS\",\n  \"URL\": \"/auth/verify-otp\",\n  \"Status\": \"204\",\n  \"Response Time (ms)\": \"0.245\"\n}","timestamp":"2025-03-04T08:46:10.581Z"}
{"level":"info","message":"{\n  \"Method\": \"POST\",\n  \"URL\": \"/auth/verify-otp\",\n  \"Status\": \"400\",\n  \"Response Time (ms)\": \"105.180\"\n}","timestamp":"2025-03-04T08:46:10.688Z"}
{"level":"info","message":"{\n  \"Method\": \"OPTIONS\",\n  \"URL\": \"/auth/verify-otp\",\n  \"Status\": \"204\",\n  \"Response Time (ms)\": \"0.163\"\n}","timestamp":"2025-03-04T08:46:22.548Z"}
{"level":"info","message":"{\n  \"Method\": \"POST\",\n  \"URL\": \"/auth/verify-otp\",\n  \"Status\": \"400\",\n  \"Response Time (ms)\": \"110.718\"\n}","timestamp":"2025-03-04T08:46:22.661Z"}
{"level":"info","message":"{\n  \"Method\": \"OPTIONS\",\n  \"URL\": \"/auth/verify-otp\",\n  \"Status\": \"204\",\n  \"Response Time (ms)\": \"0.137\"\n}","timestamp":"2025-03-04T08:46:36.698Z"}
{"level":"info","message":"{\n  \"Method\": \"POST\",\n  \"URL\": \"/auth/verify-otp\",\n  \"Status\": \"400\",\n  \"Response Time (ms)\": \"107.092\"\n}","timestamp":"2025-03-04T08:46:36.807Z"}
{"level":"info","message":"{\n  \"Method\": \"OPTIONS\",\n  \"URL\": \"/auth/resend-otp\",\n  \"Status\": \"204\",\n  \"Response Time (ms)\": \"0.199\"\n}","timestamp":"2025-03-04T08:47:03.849Z"}
{"level":"info","message":"{\n  \"Method\": \"POST\",\n  \"URL\": \"/auth/resend-otp\",\n  \"Status\": \"200\",\n  \"Response Time (ms)\": \"3461.024\"\n}","timestamp":"2025-03-04T08:47:07.312Z"}
{"level":"info","message":"{\n  \"Method\": \"OPTIONS\",\n  \"URL\": \"/auth/verify-otp\",\n  \"Status\": \"204\",\n  \"Response Time (ms)\": \"0.142\"\n}","timestamp":"2025-03-04T08:47:13.227Z"}
{"level":"info","message":"{\n  \"Method\": \"POST\",\n  \"URL\": \"/auth/verify-otp\",\n  \"Status\": \"400\",\n  \"Response Time (ms)\": \"122.212\"\n}","timestamp":"2025-03-04T08:47:13.351Z"}
{"level":"info","message":"{\n  \"Method\": \"OPTIONS\",\n  \"URL\": \"/auth/verify-otp\",\n  \"Status\": \"204\",\n  \"Response Time (ms)\": \"0.238\"\n}","timestamp":"2025-03-04T08:48:17.775Z"}
{"level":"info","message":"{\n  \"Method\": \"POST\",\n  \"URL\": \"/auth/verify-otp\",\n  \"Status\": \"400\",\n  \"Response Time (ms)\": \"125.670\"\n}","timestamp":"2025-03-04T08:48:17.904Z"}
{"level":"info","message":"{\n  \"Method\": \"OPTIONS\",\n  \"URL\": \"/auth/verify-otp\",\n  \"Status\": \"204\",\n  \"Response Time (ms)\": \"0.207\"\n}","timestamp":"2025-03-04T08:48:26.877Z"}
{"level":"info","message":"{\n  \"Method\": \"POST\",\n  \"URL\": \"/auth/verify-otp\",\n  \"Status\": \"400\",\n  \"Response Time (ms)\": \"125.242\"\n}","timestamp":"2025-03-04T08:48:27.004Z"}
{"level":"info","message":"{\n  \"Method\": \"OPTIONS\",\n  \"URL\": \"/auth/resend-otp\",\n  \"Status\": \"204\",\n  \"Response Time (ms)\": \"0.167\"\n}","timestamp":"2025-03-04T08:48:40.689Z"}
{"level":"info","message":"{\n  \"Method\": \"POST\",\n  \"URL\": \"/auth/resend-otp\",\n  \"Status\": \"200\",\n  \"Response Time (ms)\": \"3427.930\"\n}","timestamp":"2025-03-04T08:48:44.119Z"}
{"level":"info","message":"{\n  \"Method\": \"OPTIONS\",\n  \"URL\": \"/auth/verify-otp\",\n  \"Status\": \"204\",\n  \"Response Time (ms)\": \"0.150\"\n}","timestamp":"2025-03-04T08:48:51.559Z"}
{"level":"info","message":"{\n  \"Method\": \"POST\",\n  \"URL\": \"/auth/verify-otp\",\n  \"Status\": \"400\",\n  \"Response Time (ms)\": \"122.606\"\n}","timestamp":"2025-03-04T08:48:51.684Z"}
{"level":"info","message":"{\n  \"Method\": \"OPTIONS\",\n  \"URL\": \"/auth/verify-otp\",\n  \"Status\": \"204\",\n  \"Response Time (ms)\": \"0.101\"\n}","timestamp":"2025-03-04T08:49:28.521Z"}
{"level":"info","message":"{\n  \"Method\": \"POST\",\n  \"URL\": \"/auth/verify-otp\",\n  \"Status\": \"400\",\n  \"Response Time (ms)\": \"162.503\"\n}","timestamp":"2025-03-04T08:49:28.686Z"}
{"level":"info","message":"{\n  \"Method\": \"OPTIONS\",\n  \"URL\": \"/auth/verify-otp\",\n  \"Status\": \"204\",\n  \"Response Time (ms)\": \"0.157\"\n}","timestamp":"2025-03-04T08:49:39.677Z"}
{"level":"info","message":"{\n  \"Method\": \"POST\",\n  \"URL\": \"/auth/verify-otp\",\n  \"Status\": \"400\",\n  \"Response Time (ms)\": \"144.879\"\n}","timestamp":"2025-03-04T08:49:39.824Z"}
{"level":"info","message":"{\n  \"Method\": \"OPTIONS\",\n  \"URL\": \"/auth/resend-otp\",\n  \"Status\": \"204\",\n  \"Response Time (ms)\": \"0.160\"\n}","timestamp":"2025-03-04T08:50:23.406Z"}
{"level":"info","message":"{\n  \"Method\": \"POST\",\n  \"URL\": \"/auth/resend-otp\",\n  \"Status\": \"200\",\n  \"Response Time (ms)\": \"4413.561\"\n}","timestamp":"2025-03-04T08:50:27.822Z"}
{"level":"info","message":"{\n  \"Method\": \"OPTIONS\",\n  \"URL\": \"/auth/verify-otp\",\n  \"Status\": \"204\",\n  \"Response Time (ms)\": \"0.104\"\n}","timestamp":"2025-03-04T08:50:35.667Z"}
{"level":"info","message":"{\n  \"Method\": \"POST\",\n  \"URL\": \"/auth/verify-otp\",\n  \"Status\": \"400\",\n  \"Response Time (ms)\": \"139.833\"\n}","timestamp":"2025-03-04T08:50:35.809Z"}
{"level":"info","message":"{\n  \"Method\": \"OPTIONS\",\n  \"URL\": \"/auth/sign-up\",\n  \"Status\": \"204\",\n  \"Response Time (ms)\": \"0.163\"\n}","timestamp":"2025-03-04T08:51:49.491Z"}
{"level":"info","message":"{\n  \"Method\": \"POST\",\n  \"URL\": \"/auth/sign-up\",\n  \"Status\": \"200\",\n  \"Response Time (ms)\": \"3652.903\"\n}","timestamp":"2025-03-04T08:51:53.147Z"}
{"level":"info","message":"{\n  \"Method\": \"OPTIONS\",\n  \"URL\": \"/auth/verify-otp\",\n  \"Status\": \"204\",\n  \"Response Time (ms)\": \"0.178\"\n}","timestamp":"2025-03-04T08:52:06.393Z"}
{"level":"info","message":"{\n  \"Method\": \"POST\",\n  \"URL\": \"/auth/verify-otp\",\n  \"Status\": \"400\",\n  \"Response Time (ms)\": \"148.069\"\n}","timestamp":"2025-03-04T08:52:06.543Z"}
{"level":"info","message":"{\n  \"Method\": \"OPTIONS\",\n  \"URL\": \"/auth/verify-otp\",\n  \"Status\": \"204\",\n  \"Response Time (ms)\": \"1.477\"\n}","timestamp":"2025-03-04T08:58:18.922Z"}
{"level":"info","message":"{\n  \"Method\": \"POST\",\n  \"URL\": \"/auth/verify-otp\",\n  \"Status\": \"400\",\n  \"Response Time (ms)\": \"130.838\"\n}","timestamp":"2025-03-04T08:58:19.063Z"}
{"level":"info","message":"{\n  \"Method\": \"OPTIONS\",\n  \"URL\": \"/auth/sign-up\",\n  \"Status\": \"204\",\n  \"Response Time (ms)\": \"0.196\"\n}","timestamp":"2025-03-04T08:59:17.023Z"}
{"level":"info","message":"{\n  \"Method\": \"POST\",\n  \"URL\": \"/auth/sign-up\",\n  \"Status\": \"200\",\n  \"Response Time (ms)\": \"23424.303\"\n}","timestamp":"2025-03-04T08:59:40.453Z"}
{"level":"info","message":"{\n  \"Method\": \"OPTIONS\",\n  \"URL\": \"/auth/verify-otp\",\n  \"Status\": \"204\",\n  \"Response Time (ms)\": \"0.136\"\n}","timestamp":"2025-03-04T08:59:52.460Z"}
{"level":"info","message":"{\n  \"Method\": \"POST\",\n  \"URL\": \"/auth/verify-otp\",\n  \"Status\": \"400\",\n  \"Response Time (ms)\": \"108.881\"\n}","timestamp":"2025-03-04T08:59:52.573Z"}
{"level":"info","message":"{\n  \"Method\": \"OPTIONS\",\n  \"URL\": \"/auth/verify-otp\",\n  \"Status\": \"204\",\n  \"Response Time (ms)\": \"0.410\"\n}","timestamp":"2025-03-04T09:00:13.094Z"}
{"level":"info","message":"{\n  \"Method\": \"POST\",\n  \"URL\": \"/auth/verify-otp\",\n  \"Status\": \"200\",\n  \"Response Time (ms)\": \"278.813\"\n}","timestamp":"2025-03-04T09:00:13.375Z"}
{"level":"info","message":"{\n  \"Method\": \"OPTIONS\",\n  \"URL\": \"/auth/sign-in\",\n  \"Status\": \"204\",\n  \"Response Time (ms)\": \"0.261\"\n}","timestamp":"2025-03-04T09:00:29.276Z"}
{"level":"info","message":"{\n  \"Method\": \"POST\",\n  \"URL\": \"/auth/sign-in\",\n  \"Status\": \"400\",\n  \"Response Time (ms)\": \"133.031\"\n}","timestamp":"2025-03-04T09:00:29.412Z"}
{"level":"info","message":"{\n  \"Method\": \"OPTIONS\",\n  \"URL\": \"/auth/sign-in\",\n  \"Status\": \"204\",\n  \"Response Time (ms)\": \"0.143\"\n}","timestamp":"2025-03-04T09:00:36.544Z"}
{"level":"info","message":"{\n  \"Method\": \"POST\",\n  \"URL\": \"/auth/sign-in\",\n  \"Status\": \"400\",\n  \"Response Time (ms)\": \"121.197\"\n}","timestamp":"2025-03-04T09:00:36.667Z"}
{"level":"info","message":"{\n  \"Method\": \"OPTIONS\",\n  \"URL\": \"/auth/sign-in\",\n  \"Status\": \"204\",\n  \"Response Time (ms)\": \"0.173\"\n}","timestamp":"2025-03-04T09:00:43.405Z"}
{"level":"info","message":"{\n  \"Method\": \"POST\",\n  \"URL\": \"/auth/sign-in\",\n  \"Status\": \"400\",\n  \"Response Time (ms)\": \"119.879\"\n}","timestamp":"2025-03-04T09:00:43.527Z"}
{"level":"info","message":"{\n  \"Method\": \"OPTIONS\",\n  \"URL\": \"/auth/forgot-password\",\n  \"Status\": \"204\",\n  \"Response Time (ms)\": \"0.261\"\n}","timestamp":"2025-03-04T09:00:49.333Z"}
{"level":"info","message":"{\n  \"Method\": \"POST\",\n  \"URL\": \"/auth/forgot-password\",\n  \"Status\": \"200\",\n  \"Response Time (ms)\": \"3393.427\"\n}","timestamp":"2025-03-04T09:00:52.731Z"}
{"level":"info","message":"{\n  \"Method\": \"OPTIONS\",\n  \"URL\": \"/auth/verify-otp\",\n  \"Status\": \"204\",\n  \"Response Time (ms)\": \"0.254\"\n}","timestamp":"2025-03-04T09:00:58.963Z"}
{"level":"info","message":"{\n  \"Method\": \"POST\",\n  \"URL\": \"/auth/verify-otp\",\n  \"Status\": \"400\",\n  \"Response Time (ms)\": \"95.505\"\n}","timestamp":"2025-03-04T09:00:59.061Z"}
{"level":"info","message":"{\n  \"Method\": \"OPTIONS\",\n  \"URL\": \"/auth/verify-otp\",\n  \"Status\": \"204\",\n  \"Response Time (ms)\": \"0.146\"\n}","timestamp":"2025-03-04T09:01:13.092Z"}
{"level":"info","message":"{\n  \"Method\": \"POST\",\n  \"URL\": \"/auth/verify-otp\",\n  \"Status\": \"200\",\n  \"Response Time (ms)\": \"281.722\"\n}","timestamp":"2025-03-04T09:01:13.376Z"}
{"level":"info","message":"{\n  \"Method\": \"OPTIONS\",\n  \"URL\": \"/auth/reset-password\",\n  \"Status\": \"204\",\n  \"Response Time (ms)\": \"0.263\"\n}","timestamp":"2025-03-04T09:01:22.393Z"}
{"level":"info","message":"{\n  \"Method\": \"PUT\",\n  \"URL\": \"/auth/reset-password\",\n  \"Status\": \"201\",\n  \"Response Time (ms)\": \"211.683\"\n}","timestamp":"2025-03-04T09:01:22.608Z"}
{"level":"info","message":"{\n  \"Method\": \"OPTIONS\",\n  \"URL\": \"/auth/sign-in\",\n  \"Status\": \"204\",\n  \"Response Time (ms)\": \"0.157\"\n}","timestamp":"2025-03-04T09:01:30.301Z"}
{"level":"info","message":"{\n  \"Method\": \"POST\",\n  \"URL\": \"/auth/sign-in\",\n  \"Status\": \"200\",\n  \"Response Time (ms)\": \"125.214\"\n}","timestamp":"2025-03-04T09:01:30.429Z"}
{"level":"info","message":"{\n  \"Method\": \"OPTIONS\",\n  \"URL\": \"/user/logout\",\n  \"Status\": \"204\",\n  \"Response Time (ms)\": \"0.152\"\n}","timestamp":"2025-03-04T09:03:35.094Z"}
{"level":"info","message":"{\n  \"Method\": \"POST\",\n  \"URL\": \"/user/logout\",\n  \"Status\": \"200\",\n  \"Response Time (ms)\": \"0.891\"\n}","timestamp":"2025-03-04T09:03:35.097Z"}
{"level":"info","message":"{\n  \"Method\": \"OPTIONS\",\n  \"URL\": \"/auth/sign-up\",\n  \"Status\": \"204\",\n  \"Response Time (ms)\": \"0.239\"\n}","timestamp":"2025-03-04T09:04:35.669Z"}
{"level":"info","message":"{\n  \"Method\": \"POST\",\n  \"URL\": \"/auth/sign-up\",\n  \"Status\": \"200\",\n  \"Response Time (ms)\": \"3429.542\"\n}","timestamp":"2025-03-04T09:04:39.102Z"}
{"level":"info","message":"{\n  \"Method\": \"OPTIONS\",\n  \"URL\": \"/auth/verify-otp\",\n  \"Status\": \"204\",\n  \"Response Time (ms)\": \"0.166\"\n}","timestamp":"2025-03-04T09:05:04.898Z"}
{"level":"info","message":"{\n  \"Method\": \"POST\",\n  \"URL\": \"/auth/verify-otp\",\n  \"Status\": \"200\",\n  \"Response Time (ms)\": \"301.085\"\n}","timestamp":"2025-03-04T09:05:05.201Z"}
{"level":"info","message":"{\n  \"Method\": \"OPTIONS\",\n  \"URL\": \"/auth/sign-in\",\n  \"Status\": \"204\",\n  \"Response Time (ms)\": \"0.105\"\n}","timestamp":"2025-03-04T09:05:15.221Z"}
{"level":"info","message":"{\n  \"Method\": \"POST\",\n  \"URL\": \"/auth/sign-in\",\n  \"Status\": \"200\",\n  \"Response Time (ms)\": \"124.865\"\n}","timestamp":"2025-03-04T09:05:15.348Z"}
{"level":"info","message":"{\n  \"Method\": \"OPTIONS\",\n  \"URL\": \"/user/logout\",\n  \"Status\": \"204\",\n  \"Response Time (ms)\": \"1.418\"\n}","timestamp":"2025-03-04T09:09:20.105Z"}
{"level":"info","message":"{\n  \"Method\": \"POST\",\n  \"URL\": \"/user/logout\",\n  \"Status\": \"200\",\n  \"Response Time (ms)\": \"2.488\"\n}","timestamp":"2025-03-04T09:09:20.113Z"}
{"level":"info","message":"{\n  \"Method\": \"GET\",\n  \"URL\": \"/admin/users\",\n  \"Status\": \"200\",\n  \"Response Time (ms)\": \"77.747\"\n}","timestamp":"2025-03-04T09:09:33.971Z"}
{"level":"info","message":"{\n  \"Method\": \"POST\",\n  \"URL\": \"/admin/logout\",\n  \"Status\": \"200\",\n  \"Response Time (ms)\": \"0.714\"\n}","timestamp":"2025-03-04T09:09:36.551Z"}
{"level":"info","message":"{\n  \"Method\": \"OPTIONS\",\n  \"URL\": \"/auth/sign-in\",\n  \"Status\": \"204\",\n  \"Response Time (ms)\": \"1.353\"\n}","timestamp":"2025-03-04T09:59:37.295Z"}
{"level":"info","message":"{\n  \"Method\": \"POST\",\n  \"URL\": \"/auth/sign-in\",\n  \"Status\": \"401\",\n  \"Response Time (ms)\": \"219.985\"\n}","timestamp":"2025-03-04T09:59:37.520Z"}
{"level":"info","message":"{\n  \"Method\": \"OPTIONS\",\n  \"URL\": \"/auth/admin/sign-in\",\n  \"Status\": \"204\",\n  \"Response Time (ms)\": \"0.401\"\n}","timestamp":"2025-03-04T10:00:02.053Z"}
{"level":"info","message":"{\n  \"Method\": \"POST\",\n  \"URL\": \"/auth/admin/sign-in\",\n  \"Status\": \"200\",\n  \"Response Time (ms)\": \"199.946\"\n}","timestamp":"2025-03-04T10:00:02.255Z"}
{"level":"info","message":"{\n  \"Method\": \"GET\",\n  \"URL\": \"/admin/users\",\n  \"Status\": \"200\",\n  \"Response Time (ms)\": \"126.624\"\n}","timestamp":"2025-03-04T10:00:04.167Z"}
{"level":"info","message":"{\n  \"Method\": \"OPTIONS\",\n  \"URL\": \"/admin/updateUser\",\n  \"Status\": \"204\",\n  \"Response Time (ms)\": \"0.154\"\n}","timestamp":"2025-03-04T10:00:05.332Z"}
{"level":"info","message":"{\n  \"Method\": \"PUT\",\n  \"URL\": \"/admin/updateUser\",\n  \"Status\": \"200\",\n  \"Response Time (ms)\": \"196.518\"\n}","timestamp":"2025-03-04T10:00:05.531Z"}
{"level":"info","message":"{\n  \"Method\": \"GET\",\n  \"URL\": \"/admin/users\",\n  \"Status\": \"200\",\n  \"Response Time (ms)\": \"68.117\"\n}","timestamp":"2025-03-04T10:00:05.604Z"}
{"level":"info","message":"{\n  \"Method\": \"OPTIONS\",\n  \"URL\": \"/auth/sign-in\",\n  \"Status\": \"204\",\n  \"Response Time (ms)\": \"0.225\"\n}","timestamp":"2025-03-04T10:00:07.433Z"}
{"level":"info","message":"{\n  \"Method\": \"POST\",\n  \"URL\": \"/auth/sign-in\",\n  \"Status\": \"400\",\n  \"Response Time (ms)\": \"182.855\"\n}","timestamp":"2025-03-04T10:00:07.618Z"}
{"level":"info","message":"{\n  \"Method\": \"POST\",\n  \"URL\": \"/auth/sign-in\",\n  \"Status\": \"200\",\n  \"Response Time (ms)\": \"192.565\"\n}","timestamp":"2025-03-04T10:00:11.486Z"}
{"level":"info","message":"{\n  \"Method\": \"GET\",\n  \"URL\": \"/admin/users\",\n  \"Status\": \"304\",\n  \"Response Time (ms)\": \"62.270\"\n}","timestamp":"2025-03-04T10:00:13.560Z"}
{"level":"info","message":"{\n  \"Method\": \"GET\",\n  \"URL\": \"/admin/users\",\n  \"Status\": \"304\",\n  \"Response Time (ms)\": \"87.832\"\n}","timestamp":"2025-03-04T10:00:26.697Z"}
{"level":"info","message":"{\n  \"Method\": \"GET\",\n  \"URL\": \"/admin/providers\",\n  \"Status\": \"200\",\n  \"Response Time (ms)\": \"62.162\"\n}","timestamp":"2025-03-04T10:00:28.944Z"}
{"level":"info","message":"{\n  \"Method\": \"GET\",\n  \"URL\": \"/admin/providers\",\n  \"Status\": \"304\",\n  \"Response Time (ms)\": \"68.979\"\n}","timestamp":"2025-03-04T10:00:33.103Z"}
{"level":"info","message":"{\n  \"Method\": \"GET\",\n  \"URL\": \"/admin/providers\",\n  \"Status\": \"304\",\n  \"Response Time (ms)\": \"197.636\"\n}","timestamp":"2025-03-04T10:02:38.457Z"}
{"level":"info","message":"{\n  \"Method\": \"GET\",\n  \"URL\": \"/admin/providers\",\n  \"Status\": \"304\",\n  \"Response Time (ms)\": \"157.844\"\n}","timestamp":"2025-03-04T10:04:53.914Z"}
{"level":"info","message":"{\n  \"Method\": \"GET\",\n  \"URL\": \"/admin/users\",\n  \"Status\": \"304\",\n  \"Response Time (ms)\": \"61.631\"\n}","timestamp":"2025-03-04T10:04:56.979Z"}
{"level":"info","message":"{\n  \"Method\": \"GET\",\n  \"URL\": \"/admin/providers\",\n  \"Status\": \"304\",\n  \"Response Time (ms)\": \"48.363\"\n}","timestamp":"2025-03-04T10:04:57.253Z"}
{"level":"info","message":"{\n  \"Method\": \"GET\",\n  \"URL\": \"/admin/users\",\n  \"Status\": \"304\",\n  \"Response Time (ms)\": \"58.614\"\n}","timestamp":"2025-03-04T10:04:57.536Z"}
{"level":"info","message":"{\n  \"Method\": \"GET\",\n  \"URL\": \"/admin/providers\",\n  \"Status\": \"304\",\n  \"Response Time (ms)\": \"65.165\"\n}","timestamp":"2025-03-04T10:04:57.817Z"}
{"level":"info","message":"{\n  \"Method\": \"GET\",\n  \"URL\": \"/admin/users\",\n  \"Status\": \"304\",\n  \"Response Time (ms)\": \"51.226\"\n}","timestamp":"2025-03-04T10:04:58.076Z"}
{"level":"info","message":"{\n  \"Method\": \"GET\",\n  \"URL\": \"/admin/providers\",\n  \"Status\": \"304\",\n  \"Response Time (ms)\": \"64.884\"\n}","timestamp":"2025-03-04T10:04:58.358Z"}
{"level":"info","message":"{\n  \"Method\": \"GET\",\n  \"URL\": \"/admin/users\",\n  \"Status\": \"304\",\n  \"Response Time (ms)\": \"78.325\"\n}","timestamp":"2025-03-04T10:04:59.230Z"}
{"level":"info","message":"{\n  \"Method\": \"GET\",\n  \"URL\": \"/admin/providers\",\n  \"Status\": \"304\",\n  \"Response Time (ms)\": \"55.103\"\n}","timestamp":"2025-03-04T10:04:59.559Z"}
{"level":"info","message":"{\n  \"Method\": \"GET\",\n  \"URL\": \"/admin/users\",\n  \"Status\": \"304\",\n  \"Response Time (ms)\": \"53.204\"\n}","timestamp":"2025-03-04T10:04:59.885Z"}
{"level":"info","message":"{\n  \"Method\": \"OPTIONS\",\n  \"URL\": \"/admin/updateUser\",\n  \"Status\": \"204\",\n  \"Response Time (ms)\": \"0.281\"\n}","timestamp":"2025-03-04T10:05:03.185Z"}
{"level":"info","message":"{\n  \"Method\": \"PUT\",\n  \"URL\": \"/admin/updateUser\",\n  \"Status\": \"200\",\n  \"Response Time (ms)\": \"134.492\"\n}","timestamp":"2025-03-04T10:05:03.322Z"}
{"level":"info","message":"{\n  \"Method\": \"GET\",\n  \"URL\": \"/admin/users\",\n  \"Status\": \"200\",\n  \"Response Time (ms)\": \"48.860\"\n}","timestamp":"2025-03-04T10:05:03.375Z"}
{"level":"info","message":"{\n  \"Method\": \"PUT\",\n  \"URL\": \"/admin/updateUser\",\n  \"Status\": \"200\",\n  \"Response Time (ms)\": \"110.397\"\n}","timestamp":"2025-03-04T10:05:04.654Z"}
{"level":"info","message":"{\n  \"Method\": \"GET\",\n  \"URL\": \"/admin/users\",\n  \"Status\": \"200\",\n  \"Response Time (ms)\": \"88.937\"\n}","timestamp":"2025-03-04T10:05:04.747Z"}
{"level":"info","message":"{\n  \"Method\": \"OPTIONS\",\n  \"URL\": \"/user/logout\",\n  \"Status\": \"204\",\n  \"Response Time (ms)\": \"0.211\"\n}","timestamp":"2025-03-04T10:09:21.162Z"}
{"level":"info","message":"{\n  \"Method\": \"POST\",\n  \"URL\": \"/user/logout\",\n  \"Status\": \"200\",\n  \"Response Time (ms)\": \"1.887\"\n}","timestamp":"2025-03-04T10:09:21.168Z"}
{"level":"info","message":"{\n  \"Method\": \"OPTIONS\",\n  \"URL\": \"/auth/forgot-password\",\n  \"Status\": \"204\",\n  \"Response Time (ms)\": \"0.165\"\n}","timestamp":"2025-03-04T10:09:36.084Z"}
{"level":"info","message":"{\n  \"Method\": \"POST\",\n  \"URL\": \"/auth/forgot-password\",\n  \"Status\": \"200\",\n  \"Response Time (ms)\": \"3838.848\"\n}","timestamp":"2025-03-04T10:09:39.926Z"}
{"level":"info","message":"{\n  \"Method\": \"OPTIONS\",\n  \"URL\": \"/auth/verify-otp\",\n  \"Status\": \"204\",\n  \"Response Time (ms)\": \"0.159\"\n}","timestamp":"2025-03-04T10:09:41.939Z"}
{"level":"info","message":"{\n  \"Method\": \"POST\",\n  \"URL\": \"/auth/verify-otp\",\n  \"Status\": \"400\",\n  \"Response Time (ms)\": \"100.206\"\n}","timestamp":"2025-03-04T10:09:42.041Z"}
{"level":"info","message":"{\n  \"Method\": \"OPTIONS\",\n  \"URL\": \"/auth/verify-otp\",\n  \"Status\": \"204\",\n  \"Response Time (ms)\": \"0.209\"\n}","timestamp":"2025-03-04T10:10:02.749Z"}
{"level":"info","message":"{\n  \"Method\": \"POST\",\n  \"URL\": \"/auth/verify-otp\",\n  \"Status\": \"200\",\n  \"Response Time (ms)\": \"304.818\"\n}","timestamp":"2025-03-04T10:10:03.056Z"}
{"level":"info","message":"{\n  \"Method\": \"OPTIONS\",\n  \"URL\": \"/auth/reset-password\",\n  \"Status\": \"204\",\n  \"Response Time (ms)\": \"0.153\"\n}","timestamp":"2025-03-04T10:10:15.608Z"}
{"level":"info","message":"{\n  \"Method\": \"PUT\",\n  \"URL\": \"/auth/reset-password\",\n  \"Status\": \"200\",\n  \"Response Time (ms)\": \"232.144\"\n}","timestamp":"2025-03-04T10:10:15.845Z"}
{"level":"info","message":"{\n  \"Method\": \"OPTIONS\",\n  \"URL\": \"/auth/reset-password\",\n  \"Status\": \"204\",\n  \"Response Time (ms)\": \"0.182\"\n}","timestamp":"2025-03-04T10:11:01.354Z"}
{"level":"info","message":"{\n  \"Method\": \"PUT\",\n  \"URL\": \"/auth/reset-password\",\n  \"Status\": \"200\",\n  \"Response Time (ms)\": \"242.606\"\n}","timestamp":"2025-03-04T10:11:01.600Z"}
{"level":"info","message":"{\n  \"Method\": \"OPTIONS\",\n  \"URL\": \"/auth/forgot-password\",\n  \"Status\": \"204\",\n  \"Response Time (ms)\": \"0.271\"\n}","timestamp":"2025-03-04T10:15:52.360Z"}
{"level":"info","message":"{\n  \"Method\": \"POST\",\n  \"URL\": \"/auth/forgot-password\",\n  \"Status\": \"200\",\n  \"Response Time (ms)\": \"4204.801\"\n}","timestamp":"2025-03-04T10:15:56.571Z"}
{"level":"info","message":"{\n  \"Method\": \"OPTIONS\",\n  \"URL\": \"/auth/verify-otp\",\n  \"Status\": \"204\",\n  \"Response Time (ms)\": \"0.253\"\n}","timestamp":"2025-03-04T10:16:11.881Z"}
{"level":"info","message":"{\n  \"Method\": \"POST\",\n  \"URL\": \"/auth/verify-otp\",\n  \"Status\": \"200\",\n  \"Response Time (ms)\": \"866.816\"\n}","timestamp":"2025-03-04T10:16:12.751Z"}
{"level":"info","message":"{\n  \"Method\": \"OPTIONS\",\n  \"URL\": \"/auth/reset-password\",\n  \"Status\": \"204\",\n  \"Response Time (ms)\": \"0.177\"\n}","timestamp":"2025-03-04T10:16:33.047Z"}
{"level":"info","message":"{\n  \"Method\": \"PUT\",\n  \"URL\": \"/auth/reset-password\",\n  \"Status\": \"200\",\n  \"Response Time (ms)\": \"488.053\"\n}","timestamp":"2025-03-04T10:16:33.538Z"}
{"level":"info","message":"{\n  \"Method\": \"OPTIONS\",\n  \"URL\": \"/auth/sign-in\",\n  \"Status\": \"204\",\n  \"Response Time (ms)\": \"0.204\"\n}","timestamp":"2025-03-04T10:16:44.348Z"}
{"level":"info","message":"{\n  \"Method\": \"POST\",\n  \"URL\": \"/auth/sign-in\",\n  \"Status\": \"200\",\n  \"Response Time (ms)\": \"268.339\"\n}","timestamp":"2025-03-04T10:16:44.620Z"}
{"level":"info","message":"{\n  \"Method\": \"OPTIONS\",\n  \"URL\": \"/user/logout\",\n  \"Status\": \"204\",\n  \"Response Time (ms)\": \"1.317\"\n}","timestamp":"2025-03-04T10:36:21.298Z"}
{"level":"info","message":"{\n  \"Method\": \"POST\",\n  \"URL\": \"/user/logout\",\n  \"Status\": \"200\",\n  \"Response Time (ms)\": \"4.288\"\n}","timestamp":"2025-03-04T10:36:21.314Z"}
{"level":"info","message":"{\n  \"Method\": \"GET\",\n  \"URL\": \"/admin/users\",\n  \"Status\": \"200\",\n  \"Response Time (ms)\": \"76.123\"\n}","timestamp":"2025-03-04T10:36:33.130Z"}
{"level":"info","message":"{\n  \"Method\": \"GET\",\n  \"URL\": \"/admin/providers\",\n  \"Status\": \"304\",\n  \"Response Time (ms)\": \"52.084\"\n}","timestamp":"2025-03-04T10:36:34.015Z"}
{"level":"info","message":"{\n  \"Method\": \"OPTIONS\",\n  \"URL\": \"/auth/provider/sign-in\",\n  \"Status\": \"204\",\n  \"Response Time (ms)\": \"0.271\"\n}","timestamp":"2025-03-04T10:36:40.628Z"}
{"level":"info","message":"{\n  \"Method\": \"POST\",\n  \"URL\": \"/auth/provider/sign-in\",\n  \"Status\": \"200\",\n  \"Response Time (ms)\": \"415.897\"\n}","timestamp":"2025-03-04T10:36:41.046Z"}
{"level":"info","message":"{\n  \"Method\": \"OPTIONS\",\n  \"URL\": \"/user/logout\",\n  \"Status\": \"204\",\n  \"Response Time (ms)\": \"0.269\"\n}","timestamp":"2025-03-04T10:36:44.691Z"}
{"level":"info","message":"{\n  \"Method\": \"POST\",\n  \"URL\": \"/user/logout\",\n  \"Status\": \"200\",\n  \"Response Time (ms)\": \"0.874\"\n}","timestamp":"2025-03-04T10:36:44.694Z"}
{"level":"info","message":"{\n  \"Method\": \"OPTIONS\",\n  \"URL\": \"/auth/provider/sign-in\",\n  \"Status\": \"204\",\n  \"Response Time (ms)\": \"0.143\"\n}","timestamp":"2025-03-04T10:36:52.271Z"}
{"level":"info","message":"{\n  \"Method\": \"POST\",\n  \"URL\": \"/auth/provider/sign-in\",\n  \"Status\": \"400\",\n  \"Response Time (ms)\": \"233.700\"\n}","timestamp":"2025-03-04T10:36:52.507Z"}
{"level":"info","message":"{\n  \"Method\": \"POST\",\n  \"URL\": \"/auth/provider/sign-in\",\n  \"Status\": \"400\",\n  \"Response Time (ms)\": \"174.576\"\n}","timestamp":"2025-03-04T10:36:53.797Z"}
{"level":"info","message":"{\n  \"Method\": \"POST\",\n  \"URL\": \"/auth/provider/sign-in\",\n  \"Status\": \"400\",\n  \"Response Time (ms)\": \"217.171\"\n}","timestamp":"2025-03-04T10:36:54.607Z"}
{"level":"info","message":"{\n  \"Method\": \"GET\",\n  \"URL\": \"/admin/providers\",\n  \"Status\": \"304\",\n  \"Response Time (ms)\": \"111.059\"\n}","timestamp":"2025-03-04T10:36:55.418Z"}
{"level":"info","message":"{\n  \"Method\": \"OPTIONS\",\n  \"URL\": \"/auth/provider/sign-in\",\n  \"Status\": \"204\",\n  \"Response Time (ms)\": \"0.212\"\n}","timestamp":"2025-03-04T10:38:52.093Z"}
{"level":"info","message":"{\n  \"Method\": \"POST\",\n  \"URL\": \"/auth/provider/sign-in\",\n  \"Status\": \"400\",\n  \"Response Time (ms)\": \"278.195\"\n}","timestamp":"2025-03-04T10:38:52.374Z"}
{"level":"info","message":"{\n  \"Method\": \"OPTIONS\",\n  \"URL\": \"/auth/provider/sign-in\",\n  \"Status\": \"204\",\n  \"Response Time (ms)\": \"1.326\"\n}","timestamp":"2025-03-04T10:39:33.045Z"}
{"level":"info","message":"{\n  \"Method\": \"POST\",\n  \"URL\": \"/auth/provider/sign-in\",\n  \"Status\": \"400\",\n  \"Response Time (ms)\": \"302.104\"\n}","timestamp":"2025-03-04T10:39:33.353Z"}
{"level":"info","message":"{\n  \"Method\": \"OPTIONS\",\n  \"URL\": \"/auth/provider/sign-in\",\n  \"Status\": \"204\",\n  \"Response Time (ms)\": \"2.161\"\n}","timestamp":"2025-03-04T10:39:59.762Z"}
{"level":"info","message":"{\n  \"Method\": \"POST\",\n  \"URL\": \"/auth/provider/sign-in\",\n  \"Status\": \"400\",\n  \"Response Time (ms)\": \"324.250\"\n}","timestamp":"2025-03-04T10:40:00.093Z"}
{"level":"info","message":"{\n  \"Method\": \"OPTIONS\",\n  \"URL\": \"/auth/provider/sign-in\",\n  \"Status\": \"204\",\n  \"Response Time (ms)\": \"0.149\"\n}","timestamp":"2025-03-04T10:40:06.812Z"}
{"level":"info","message":"{\n  \"Method\": \"POST\",\n  \"URL\": \"/auth/provider/sign-in\",\n  \"Status\": \"400\",\n  \"Response Time (ms)\": \"202.701\"\n}","timestamp":"2025-03-04T10:40:07.017Z"}
{"level":"info","message":"{\n  \"Method\": \"OPTIONS\",\n  \"URL\": \"/auth/provider/sign-in\",\n  \"Status\": \"204\",\n  \"Response Time (ms)\": \"2.125\"\n}","timestamp":"2025-03-04T10:40:52.937Z"}
{"level":"info","message":"{\n  \"Method\": \"POST\",\n  \"URL\": \"/auth/provider/sign-in\",\n  \"Status\": \"400\",\n  \"Response Time (ms)\": \"210.384\"\n}","timestamp":"2025-03-04T10:40:53.153Z"}
{"level":"info","message":"{\n  \"Method\": \"OPTIONS\",\n  \"URL\": \"/auth/provider/sign-in\",\n  \"Status\": \"204\",\n  \"Response Time (ms)\": \"0.223\"\n}","timestamp":"2025-03-04T10:41:29.939Z"}
{"level":"info","message":"{\n  \"Method\": \"POST\",\n  \"URL\": \"/auth/provider/sign-in\",\n  \"Status\": \"401\",\n  \"Response Time (ms)\": \"475.062\"\n}","timestamp":"2025-03-04T10:41:30.417Z"}
{"level":"info","message":"{\n  \"Method\": \"GET\",\n  \"URL\": \"/admin/providers\",\n  \"Status\": \"200\",\n  \"Response Time (ms)\": \"106.196\"\n}","timestamp":"2025-03-04T10:41:40.509Z"}
{"level":"info","message":"{\n  \"Method\": \"OPTIONS\",\n  \"URL\": \"/admin/updateUser\",\n  \"Status\": \"204\",\n  \"Response Time (ms)\": \"0.142\"\n}","timestamp":"2025-03-04T10:41:42.564Z"}
{"level":"info","message":"{\n  \"Method\": \"PUT\",\n  \"URL\": \"/admin/updateUser\",\n  \"Status\": \"200\",\n  \"Response Time (ms)\": \"195.937\"\n}","timestamp":"2025-03-04T10:41:42.762Z"}
{"level":"info","message":"{\n  \"Method\": \"GET\",\n  \"URL\": \"/admin/providers\",\n  \"Status\": \"200\",\n  \"Response Time (ms)\": \"95.091\"\n}","timestamp":"2025-03-04T10:41:42.861Z"}
{"level":"info","message":"{\n  \"Method\": \"GET\",\n  \"URL\": \"/admin/providers\",\n  \"Status\": \"200\",\n  \"Response Time (ms)\": \"72.597\"\n}","timestamp":"2025-03-04T10:41:55.302Z"}
{"level":"info","message":"{\n  \"Method\": \"OPTIONS\",\n  \"URL\": \"/auth/provider/sign-in\",\n  \"Status\": \"204\",\n  \"Response Time (ms)\": \"0.232\"\n}","timestamp":"2025-03-04T10:41:58.244Z"}
{"level":"info","message":"{\n  \"Method\": \"POST\",\n  \"URL\": \"/auth/provider/sign-in\",\n  \"Status\": \"401\",\n  \"Response Time (ms)\": \"595.096\"\n}","timestamp":"2025-03-04T10:41:58.842Z"}
{"level":"info","message":"{\n  \"Method\": \"GET\",\n  \"URL\": \"/admin/providers\",\n  \"Status\": \"304\",\n  \"Response Time (ms)\": \"612.420\"\n}","timestamp":"2025-03-04T10:42:01.246Z"}
{"level":"info","message":"{\n  \"Method\": \"OPTIONS\",\n  \"URL\": \"/admin/updateUser\",\n  \"Status\": \"204\",\n  \"Response Time (ms)\": \"0.228\"\n}","timestamp":"2025-03-04T10:42:01.623Z"}
{"level":"info","message":"{\n  \"Method\": \"PUT\",\n  \"URL\": \"/admin/updateUser\",\n  \"Status\": \"200\",\n  \"Response Time (ms)\": \"175.606\"\n}","timestamp":"2025-03-04T10:42:01.800Z"}
{"level":"info","message":"{\n  \"Method\": \"GET\",\n  \"URL\": \"/admin/providers\",\n  \"Status\": \"200\",\n  \"Response Time (ms)\": \"302.729\"\n}","timestamp":"2025-03-04T10:42:02.108Z"}
{"level":"info","message":"{\n  \"Method\": \"OPTIONS\",\n  \"URL\": \"/auth/provider/sign-up\",\n  \"Status\": \"204\",\n  \"Response Time (ms)\": \"1.847\"\n}","timestamp":"2025-03-04T10:46:17.136Z"}
{"level":"info","message":"{\n  \"Method\": \"POST\",\n  \"URL\": \"/auth/provider/sign-up\",\n  \"Status\": \"400\",\n  \"Response Time (ms)\": \"170.234\"\n}","timestamp":"2025-03-04T10:46:17.313Z"}
{"level":"info","message":"{\n  \"Method\": \"OPTIONS\",\n  \"URL\": \"/auth/provider/sign-up\",\n  \"Status\": \"204\",\n  \"Response Time (ms)\": \"0.237\"\n}","timestamp":"2025-03-04T10:47:32.224Z"}
{"level":"info","message":"{\n  \"Method\": \"POST\",\n  \"URL\": \"/auth/provider/sign-up\",\n  \"Status\": \"400\",\n  \"Response Time (ms)\": \"136.377\"\n}","timestamp":"2025-03-04T10:47:32.363Z"}
{"level":"info","message":"{\n  \"Method\": \"GET\",\n  \"URL\": \"/admin/providers\",\n  \"Status\": \"304\",\n  \"Response Time (ms)\": \"150.501\"\n}","timestamp":"2025-03-04T10:47:36.769Z"}
{"level":"info","message":"{\n  \"Method\": \"GET\",\n  \"URL\": \"/admin/providers\",\n  \"Status\": \"304\",\n  \"Response Time (ms)\": \"143.081\"\n}","timestamp":"2025-03-04T10:47:38.920Z"}
{"level":"info","message":"{\n  \"Method\": \"OPTIONS\",\n  \"URL\": \"/auth/provider/sign-up\",\n  \"Status\": \"204\",\n  \"Response Time (ms)\": \"0.286\"\n}","timestamp":"2025-03-04T10:47:40.793Z"}
{"level":"info","message":"{\n  \"Method\": \"POST\",\n  \"URL\": \"/auth/provider/sign-up\",\n  \"Status\": \"400\",\n  \"Response Time (ms)\": \"109.477\"\n}","timestamp":"2025-03-04T10:47:40.905Z"}
{"level":"info","message":"{\n  \"Method\": \"OPTIONS\",\n  \"URL\": \"/auth/provider/sign-up\",\n  \"Status\": \"204\",\n  \"Response Time (ms)\": \"0.199\"\n}","timestamp":"2025-03-04T10:47:54.718Z"}
{"level":"info","message":"{\n  \"Method\": \"POST\",\n  \"URL\": \"/auth/provider/sign-up\",\n  \"Status\": \"400\",\n  \"Response Time (ms)\": \"170.215\"\n}","timestamp":"2025-03-04T10:47:54.891Z"}
{"level":"info","message":"{\n  \"Method\": \"GET\",\n  \"URL\": \"/admin/providers\",\n  \"Status\": \"304\",\n  \"Response Time (ms)\": \"68.559\"\n}","timestamp":"2025-03-04T10:47:59.296Z"}
{"level":"info","message":"{\n  \"Method\": \"GET\",\n  \"URL\": \"/admin/providers\",\n  \"Status\": \"304\",\n  \"Response Time (ms)\": \"154.756\"\n}","timestamp":"2025-03-04T10:48:04.108Z"}
{"level":"info","message":"{\n  \"Method\": \"OPTIONS\",\n  \"URL\": \"/auth/provider/sign-up\",\n  \"Status\": \"204\",\n  \"Response Time (ms)\": \"0.304\"\n}","timestamp":"2025-03-04T10:48:43.309Z"}
{"level":"info","message":"{\n  \"Method\": \"POST\",\n  \"URL\": \"/auth/provider/sign-up\",\n  \"Status\": \"200\",\n  \"Response Time (ms)\": \"4709.303\"\n}","timestamp":"2025-03-04T10:48:48.021Z"}
{"level":"info","message":"{\n  \"Method\": \"OPTIONS\",\n  \"URL\": \"/auth/verify-otp\",\n  \"Status\": \"204\",\n  \"Response Time (ms)\": \"0.150\"\n}","timestamp":"2025-03-04T10:48:53.473Z"}
{"level":"info","message":"{\n  \"Method\": \"POST\",\n  \"URL\": \"/auth/verify-otp\",\n  \"Status\": \"400\",\n  \"Response Time (ms)\": \"197.255\"\n}","timestamp":"2025-03-04T10:48:53.672Z"}
{"level":"info","message":"{\n  \"Method\": \"OPTIONS\",\n  \"URL\": \"/auth/verify-otp\",\n  \"Status\": \"204\",\n  \"Response Time (ms)\": \"0.162\"\n}","timestamp":"2025-03-04T10:49:04.438Z"}
{"level":"info","message":"{\n  \"Method\": \"POST\",\n  \"URL\": \"/auth/verify-otp\",\n  \"Status\": \"200\",\n  \"Response Time (ms)\": \"393.503\"\n}","timestamp":"2025-03-04T10:49:04.834Z"}
{"level":"info","message":"{\n  \"Method\": \"GET\",\n  \"URL\": \"/admin/providers\",\n  \"Status\": \"200\",\n  \"Response Time (ms)\": \"140.621\"\n}","timestamp":"2025-03-04T10:49:07.091Z"}
{"level":"info","message":"{\n  \"Method\": \"OPTIONS\",\n  \"URL\": \"/auth/provider/sign-in\",\n  \"Status\": \"204\",\n  \"Response Time (ms)\": \"0.202\"\n}","timestamp":"2025-03-04T10:49:14.590Z"}
{"level":"info","message":"{\n  \"Method\": \"POST\",\n  \"URL\": \"/auth/provider/sign-in\",\n  \"Status\": \"200\",\n  \"Response Time (ms)\": \"202.218\"\n}","timestamp":"2025-03-04T10:49:14.795Z"}
{"level":"info","message":"{\n  \"Method\": \"GET\",\n  \"URL\": \"/admin/providers\",\n  \"Status\": \"304\",\n  \"Response Time (ms)\": \"52.079\"\n}","timestamp":"2025-03-04T10:49:42.076Z"}
{"level":"info","message":"{\n  \"Method\": \"GET\",\n  \"URL\": \"/admin/providers\",\n  \"Status\": \"304\",\n  \"Response Time (ms)\": \"47.554\"\n}","timestamp":"2025-03-04T10:49:45.146Z"}
{"level":"info","message":"{\n  \"Method\": \"OPTIONS\",\n  \"URL\": \"/admin/updateUser\",\n  \"Status\": \"204\",\n  \"Response Time (ms)\": \"0.133\"\n}","timestamp":"2025-03-04T10:49:46.296Z"}
{"level":"info","message":"{\n  \"Method\": \"PUT\",\n  \"URL\": \"/admin/updateUser\",\n  \"Status\": \"200\",\n  \"Response Time (ms)\": \"217.823\"\n}","timestamp":"2025-03-04T10:49:46.515Z"}
{"level":"info","message":"{\n  \"Method\": \"GET\",\n  \"URL\": \"/admin/providers\",\n  \"Status\": \"200\",\n  \"Response Time (ms)\": \"105.083\"\n}","timestamp":"2025-03-04T10:49:46.624Z"}
{"level":"info","message":"{\n  \"Method\": \"OPTIONS\",\n  \"URL\": \"/user/logout\",\n  \"Status\": \"204\",\n  \"Response Time (ms)\": \"0.211\"\n}","timestamp":"2025-03-04T10:49:49.717Z"}
{"level":"info","message":"{\n  \"Method\": \"POST\",\n  \"URL\": \"/user/logout\",\n  \"Status\": \"200\",\n  \"Response Time (ms)\": \"1.076\"\n}","timestamp":"2025-03-04T10:49:49.722Z"}
{"level":"info","message":"{\n  \"Method\": \"OPTIONS\",\n  \"URL\": \"/auth/provider/sign-in\",\n  \"Status\": \"204\",\n  \"Response Time (ms)\": \"0.212\"\n}","timestamp":"2025-03-04T10:49:58.173Z"}
{"level":"info","message":"{\n  \"Method\": \"POST\",\n  \"URL\": \"/auth/provider/sign-in\",\n  \"Status\": \"401\",\n  \"Response Time (ms)\": \"234.591\"\n}","timestamp":"2025-03-04T10:49:58.411Z"}
{"level":"info","message":"{\n  \"Method\": \"GET\",\n  \"URL\": \"/admin/providers\",\n  \"Status\": \"304\",\n  \"Response Time (ms)\": \"44.626\"\n}","timestamp":"2025-03-04T10:50:02.533Z"}
{"level":"info","message":"{\n  \"Method\": \"OPTIONS\",\n  \"URL\": \"/admin/updateUser\",\n  \"Status\": \"204\",\n  \"Response Time (ms)\": \"0.175\"\n}","timestamp":"2025-03-04T10:50:03.175Z"}
{"level":"info","message":"{\n  \"Method\": \"PUT\",\n  \"URL\": \"/admin/updateUser\",\n  \"Status\": \"200\",\n  \"Response Time (ms)\": \"237.853\"\n}","timestamp":"2025-03-04T10:50:03.414Z"}
{"level":"info","message":"{\n  \"Method\": \"GET\",\n  \"URL\": \"/admin/providers\",\n  \"Status\": \"200\",\n  \"Response Time (ms)\": \"97.132\"\n}","timestamp":"2025-03-04T10:50:03.517Z"}
{"level":"info","message":"{\n  \"Method\": \"GET\",\n  \"URL\": \"/admin/providers\",\n  \"Status\": \"304\",\n  \"Response Time (ms)\": \"143.086\"\n}","timestamp":"2025-03-04T10:50:14.878Z"}
{"level":"info","message":"{\n  \"Method\": \"GET\",\n  \"URL\": \"/admin/providers\",\n  \"Status\": \"304\",\n  \"Response Time (ms)\": \"99.148\"\n}","timestamp":"2025-03-04T10:50:30.074Z"}
{"level":"info","message":"{\n  \"Method\": \"POST\",\n  \"URL\": \"/admin/logout\",\n  \"Status\": \"200\",\n  \"Response Time (ms)\": \"0.784\"\n}","timestamp":"2025-03-04T10:50:31.852Z"}
{"level":"info","message":"{\n  \"Method\": \"OPTIONS\",\n  \"URL\": \"/auth/admin/sign-in\",\n  \"Status\": \"204\",\n  \"Response Time (ms)\": \"1.172\"\n}","timestamp":"2025-03-04T11:11:22.667Z"}
{"level":"info","message":"{\n  \"Method\": \"POST\",\n  \"URL\": \"/auth/admin/sign-in\",\n  \"Status\": \"401\",\n  \"Response Time (ms)\": \"174.724\"\n}","timestamp":"2025-03-04T11:11:22.847Z"}
{"level":"info","message":"{\n  \"Method\": \"POST\",\n  \"URL\": \"/auth/admin/sign-in\",\n  \"Status\": \"401\",\n  \"Response Time (ms)\": \"49.184\"\n}","timestamp":"2025-03-04T11:11:27.501Z"}
{"level":"info","message":"{\n  \"Method\": \"OPTIONS\",\n  \"URL\": \"/auth/admin/sign-in\",\n  \"Status\": \"204\",\n  \"Response Time (ms)\": \"1.405\"\n}","timestamp":"2025-03-04T11:12:15.835Z"}
{"level":"info","message":"{\n  \"Method\": \"POST\",\n  \"URL\": \"/auth/admin/sign-in\",\n  \"Status\": \"401\",\n  \"Response Time (ms)\": \"126.817\"\n}","timestamp":"2025-03-04T11:12:15.972Z"}
{"level":"info","message":"{\n  \"Method\": \"OPTIONS\",\n  \"URL\": \"/auth/admin/sign-in\",\n  \"Status\": \"204\",\n  \"Response Time (ms)\": \"0.129\"\n}","timestamp":"2025-03-04T11:12:22.603Z"}
{"level":"info","message":"{\n  \"Method\": \"POST\",\n  \"URL\": \"/auth/admin/sign-in\",\n  \"Status\": \"200\",\n  \"Response Time (ms)\": \"136.258\"\n}","timestamp":"2025-03-04T11:12:22.741Z"}
{"level":"info","message":"{\n  \"Method\": \"GET\",\n  \"URL\": \"/admin/users\",\n  \"Status\": \"304\",\n  \"Response Time (ms)\": \"64.075\"\n}","timestamp":"2025-03-04T11:12:56.944Z"}
{"level":"info","message":"{\n  \"Method\": \"OPTIONS\",\n  \"URL\": \"/auth/provider/sign-in\",\n  \"Status\": \"204\",\n  \"Response Time (ms)\": \"1.221\"\n}","timestamp":"2025-03-04T11:25:48.153Z"}
{"level":"info","message":"{\n  \"Method\": \"POST\",\n  \"URL\": \"/auth/provider/sign-in\",\n  \"Status\": \"400\",\n  \"Response Time (ms)\": \"148.114\"\n}","timestamp":"2025-03-04T11:25:48.305Z"}
{"level":"info","message":"{\n  \"Method\": \"POST\",\n  \"URL\": \"/auth/provider/sign-in\",\n  \"Status\": \"200\",\n  \"Response Time (ms)\": \"116.538\"\n}","timestamp":"2025-03-04T11:25:51.225Z"}
{"level":"info","message":"{\n  \"Method\": \"OPTIONS\",\n  \"URL\": \"/user/logout\",\n  \"Status\": \"204\",\n  \"Response Time (ms)\": \"0.152\"\n}","timestamp":"2025-03-04T11:25:54.773Z"}
{"level":"info","message":"{\n  \"Method\": \"POST\",\n  \"URL\": \"/user/logout\",\n  \"Status\": \"200\",\n  \"Response Time (ms)\": \"0.717\"\n}","timestamp":"2025-03-04T11:25:54.776Z"}
{"level":"info","message":"{\n  \"Method\": \"OPTIONS\",\n  \"URL\": \"/auth/provider/sign-in\",\n  \"Status\": \"204\",\n  \"Response Time (ms)\": \"0.179\"\n}","timestamp":"2025-03-04T11:26:11.304Z"}
{"level":"info","message":"{\n  \"Method\": \"POST\",\n  \"URL\": \"/auth/provider/sign-in\",\n  \"Status\": \"200\",\n  \"Response Time (ms)\": \"114.396\"\n}","timestamp":"2025-03-04T11:26:11.421Z"}
